Command: vcs -full64 -sverilog -ntb_opts uvm-1.2 -timescale=1ns/1ps -debug_access+all \
+vcs+lic+wait -lca -kdb +lint=PCWM +define+UVM_NO_DEPRECATED +define+UVM_OBJECT_MUST_HAVE_CONSTRUCTOR \
+define+DUMP_FSDB -f ../sim/axi4_compile.f -l ./logs/compile.log
                         Chronologic VCS (TM)
       Version W-2024.09-SP1_Full64 -- Mon Aug  4 09:57:20 2025

                    Copyright (c) 1991 - 2024 Synopsys, Inc.
   This software and the associated documentation are proprietary to Synopsys,
 Inc. This software may only be used in accordance with the terms and conditions
 of a written license agreement with Synopsys, Inc. All other use, reproduction,
   or distribution of this software is strictly prohibited.  Licensed Products
     communicate with Synopsys servers for the purpose of providing software
    updates, detecting software piracy and verifying that customers are using
    Licensed Products in conformity with the applicable License Key for such
  Licensed Products. Synopsys will use information gathered in connection with
    this process to deliver software updates and pursue software pirates and
                                   infringers.

 Inclusivity & Diversity - Visit SolvNetPlus to read the "Synopsys Statement on
            Inclusivity and Diversity" (Refer to article 000036315 at
                        https://solvnetplus.synopsys.com)


Warning-[LCA_FEATURES_ENABLED] Usage warning
  LCA features enabled by '-lca' argument on the command line.  For more 
  information regarding list of LCA features please refer to Chapter "LCA 
  features" in the VCS Release Notes

Parsing design file '/home/eda_tools/synopsys/vcs/W-2024.09-SP1//etc/uvm-1.2/uvm_pkg.sv'
Parsing included file '/home/eda_tools/synopsys/vcs/W-2024.09-SP1//etc/uvm-1.2/uvm_macros.svh'.
Parsing included file '/home/eda_tools/synopsys/vcs/W-2024.09-SP1//etc/uvm-1.2/macros/uvm_version_defines.svh'.
Back to file '/home/eda_tools/synopsys/vcs/W-2024.09-SP1//etc/uvm-1.2/uvm_macros.svh'.
Parsing included file '/home/eda_tools/synopsys/vcs/W-2024.09-SP1//etc/uvm-1.2/macros/uvm_global_defines.svh'.
Back to file '/home/eda_tools/synopsys/vcs/W-2024.09-SP1//etc/uvm-1.2/uvm_macros.svh'.
Parsing included file '/home/eda_tools/synopsys/vcs/W-2024.09-SP1//etc/uvm-1.2/macros/snps_macros.svp'.
Back to file '/home/eda_tools/synopsys/vcs/W-2024.09-SP1//etc/uvm-1.2/uvm_macros.svh'.
Parsing included file '/home/eda_tools/synopsys/vcs/W-2024.09-SP1//etc/uvm-1.2/macros/uvm_message_defines.svh'.
Back to file '/home/eda_tools/synopsys/vcs/W-2024.09-SP1//etc/uvm-1.2/uvm_macros.svh'.
Parsing included file '/home/eda_tools/synopsys/vcs/W-2024.09-SP1//etc/uvm-1.2/macros/uvm_phase_defines.svh'.
Back to file '/home/eda_tools/synopsys/vcs/W-2024.09-SP1//etc/uvm-1.2/uvm_macros.svh'.
Parsing included file '/home/eda_tools/synopsys/vcs/W-2024.09-SP1//etc/uvm-1.2/macros/uvm_object_defines.svh'.
Back to file '/home/eda_tools/synopsys/vcs/W-2024.09-SP1//etc/uvm-1.2/uvm_macros.svh'.
Parsing included file '/home/eda_tools/synopsys/vcs/W-2024.09-SP1//etc/uvm-1.2/macros/uvm_printer_defines.svh'.
Back to file '/home/eda_tools/synopsys/vcs/W-2024.09-SP1//etc/uvm-1.2/uvm_macros.svh'.
Parsing included file '/home/eda_tools/synopsys/vcs/W-2024.09-SP1//etc/uvm-1.2/macros/uvm_tlm_defines.svh'.
Parsing included file '/home/eda_tools/synopsys/vcs/W-2024.09-SP1//etc/uvm-1.2/tlm1/uvm_tlm_imps.svh'.
Back to file '/home/eda_tools/synopsys/vcs/W-2024.09-SP1//etc/uvm-1.2/macros/uvm_tlm_defines.svh'.
Back to file '/home/eda_tools/synopsys/vcs/W-2024.09-SP1//etc/uvm-1.2/uvm_macros.svh'.
Parsing included file '/home/eda_tools/synopsys/vcs/W-2024.09-SP1//etc/uvm-1.2/macros/uvm_sequence_defines.svh'.
Back to file '/home/eda_tools/synopsys/vcs/W-2024.09-SP1//etc/uvm-1.2/uvm_macros.svh'.
Parsing included file '/home/eda_tools/synopsys/vcs/W-2024.09-SP1//etc/uvm-1.2/macros/uvm_callback_defines.svh'.
Back to file '/home/eda_tools/synopsys/vcs/W-2024.09-SP1//etc/uvm-1.2/uvm_macros.svh'.
Parsing included file '/home/eda_tools/synopsys/vcs/W-2024.09-SP1//etc/uvm-1.2/macros/uvm_reg_defines.svh'.
Back to file '/home/eda_tools/synopsys/vcs/W-2024.09-SP1//etc/uvm-1.2/uvm_macros.svh'.
Parsing included file '/home/eda_tools/synopsys/vcs/W-2024.09-SP1//etc/uvm-1.2/macros/uvm_deprecated_defines.svh'.
Back to file '/home/eda_tools/synopsys/vcs/W-2024.09-SP1//etc/uvm-1.2/uvm_macros.svh'.
Back to file '/home/eda_tools/synopsys/vcs/W-2024.09-SP1//etc/uvm-1.2/uvm_pkg.sv'.
Parsing included file '/home/eda_tools/synopsys/vcs/W-2024.09-SP1//etc/uvm-1.2/dpi/uvm_dpi.svh'.
Parsing included file '/home/eda_tools/synopsys/vcs/W-2024.09-SP1//etc/uvm-1.2/dpi/uvm_hdl.svh'.
Back to file '/home/eda_tools/synopsys/vcs/W-2024.09-SP1//etc/uvm-1.2/dpi/uvm_dpi.svh'.
Parsing included file '/home/eda_tools/synopsys/vcs/W-2024.09-SP1//etc/uvm-1.2/dpi/uvm_svcmd_dpi.svh'.
Back to file '/home/eda_tools/synopsys/vcs/W-2024.09-SP1//etc/uvm-1.2/dpi/uvm_dpi.svh'.
Parsing included file '/home/eda_tools/synopsys/vcs/W-2024.09-SP1//etc/uvm-1.2/dpi/uvm_regex.svh'.
Back to file '/home/eda_tools/synopsys/vcs/W-2024.09-SP1//etc/uvm-1.2/dpi/uvm_dpi.svh'.
Back to file '/home/eda_tools/synopsys/vcs/W-2024.09-SP1//etc/uvm-1.2/uvm_pkg.sv'.
Parsing included file '/home/eda_tools/synopsys/vcs/W-2024.09-SP1//etc/uvm-1.2/base/uvm_base.svh'.
Parsing included file '/home/eda_tools/synopsys/vcs/W-2024.09-SP1//etc/uvm-1.2/base/uvm_coreservice.svh'.
Back to file '/home/eda_tools/synopsys/vcs/W-2024.09-SP1//etc/uvm-1.2/base/uvm_base.svh'.
Parsing included file '/home/eda_tools/synopsys/vcs/W-2024.09-SP1//etc/uvm-1.2/base/uvm_version.svh'.
Back to file '/home/eda_tools/synopsys/vcs/W-2024.09-SP1//etc/uvm-1.2/base/uvm_base.svh'.
Parsing included file '/home/eda_tools/synopsys/vcs/W-2024.09-SP1//etc/uvm-1.2/base/uvm_object_globals.svh'.
Back to file '/home/eda_tools/synopsys/vcs/W-2024.09-SP1//etc/uvm-1.2/base/uvm_base.svh'.
Parsing included file '/home/eda_tools/synopsys/vcs/W-2024.09-SP1//etc/uvm-1.2/base/uvm_misc.svh'.
Back to file '/home/eda_tools/synopsys/vcs/W-2024.09-SP1//etc/uvm-1.2/base/uvm_base.svh'.
Parsing included file '/home/eda_tools/synopsys/vcs/W-2024.09-SP1//etc/uvm-1.2/base/uvm_object.svh'.
Back to file '/home/eda_tools/synopsys/vcs/W-2024.09-SP1//etc/uvm-1.2/base/uvm_base.svh'.
Parsing included file '/home/eda_tools/synopsys/vcs/W-2024.09-SP1//etc/uvm-1.2/base/uvm_pool.svh'.
Back to file '/home/eda_tools/synopsys/vcs/W-2024.09-SP1//etc/uvm-1.2/base/uvm_base.svh'.
Parsing included file '/home/eda_tools/synopsys/vcs/W-2024.09-SP1//etc/uvm-1.2/base/uvm_queue.svh'.
Back to file '/home/eda_tools/synopsys/vcs/W-2024.09-SP1//etc/uvm-1.2/base/uvm_base.svh'.
Parsing included file '/home/eda_tools/synopsys/vcs/W-2024.09-SP1//etc/uvm-1.2/base/uvm_factory.svh'.
Back to file '/home/eda_tools/synopsys/vcs/W-2024.09-SP1//etc/uvm-1.2/base/uvm_base.svh'.
Parsing included file '/home/eda_tools/synopsys/vcs/W-2024.09-SP1//etc/uvm-1.2/base/uvm_registry.svh'.
Back to file '/home/eda_tools/synopsys/vcs/W-2024.09-SP1//etc/uvm-1.2/base/uvm_base.svh'.
Parsing included file '/home/eda_tools/synopsys/vcs/W-2024.09-SP1//etc/uvm-1.2/base/uvm_spell_chkr.svh'.
Back to file '/home/eda_tools/synopsys/vcs/W-2024.09-SP1//etc/uvm-1.2/base/uvm_base.svh'.
Parsing included file '/home/eda_tools/synopsys/vcs/W-2024.09-SP1//etc/uvm-1.2/base/uvm_resource.svh'.
Back to file '/home/eda_tools/synopsys/vcs/W-2024.09-SP1//etc/uvm-1.2/base/uvm_base.svh'.
Parsing included file '/home/eda_tools/synopsys/vcs/W-2024.09-SP1//etc/uvm-1.2/base/uvm_resource_specializations.svh'.
Back to file '/home/eda_tools/synopsys/vcs/W-2024.09-SP1//etc/uvm-1.2/base/uvm_base.svh'.
Parsing included file '/home/eda_tools/synopsys/vcs/W-2024.09-SP1//etc/uvm-1.2/base/uvm_resource_db.svh'.
Back to file '/home/eda_tools/synopsys/vcs/W-2024.09-SP1//etc/uvm-1.2/base/uvm_base.svh'.
Parsing included file '/home/eda_tools/synopsys/vcs/W-2024.09-SP1//etc/uvm-1.2/base/uvm_config_db.svh'.
Back to file '/home/eda_tools/synopsys/vcs/W-2024.09-SP1//etc/uvm-1.2/base/uvm_base.svh'.
Parsing included file '/home/eda_tools/synopsys/vcs/W-2024.09-SP1//etc/uvm-1.2/base/uvm_printer.svh'.
Back to file '/home/eda_tools/synopsys/vcs/W-2024.09-SP1//etc/uvm-1.2/base/uvm_base.svh'.
Parsing included file '/home/eda_tools/synopsys/vcs/W-2024.09-SP1//etc/uvm-1.2/base/uvm_comparer.svh'.
Back to file '/home/eda_tools/synopsys/vcs/W-2024.09-SP1//etc/uvm-1.2/base/uvm_base.svh'.
Parsing included file '/home/eda_tools/synopsys/vcs/W-2024.09-SP1//etc/uvm-1.2/base/uvm_packer.svh'.
Back to file '/home/eda_tools/synopsys/vcs/W-2024.09-SP1//etc/uvm-1.2/base/uvm_base.svh'.
Parsing included file '/home/eda_tools/synopsys/vcs/W-2024.09-SP1//etc/uvm-1.2/base/uvm_links.svh'.
Back to file '/home/eda_tools/synopsys/vcs/W-2024.09-SP1//etc/uvm-1.2/base/uvm_base.svh'.
Parsing included file '/home/eda_tools/synopsys/vcs/W-2024.09-SP1//etc/uvm-1.2/base/uvm_tr_database.svh'.
Back to file '/home/eda_tools/synopsys/vcs/W-2024.09-SP1//etc/uvm-1.2/base/uvm_base.svh'.
Parsing included file '/home/eda_tools/synopsys/vcs/W-2024.09-SP1//etc/uvm-1.2/base/uvm_tr_stream.svh'.
Back to file '/home/eda_tools/synopsys/vcs/W-2024.09-SP1//etc/uvm-1.2/base/uvm_base.svh'.
Parsing included file '/home/eda_tools/synopsys/vcs/W-2024.09-SP1//etc/uvm-1.2/base/uvm_recorder.svh'.
Back to file '/home/eda_tools/synopsys/vcs/W-2024.09-SP1//etc/uvm-1.2/base/uvm_base.svh'.
Parsing included file '/home/eda_tools/synopsys/vcs/W-2024.09-SP1//etc/uvm-1.2/base/uvm_event_callback.svh'.
Back to file '/home/eda_tools/synopsys/vcs/W-2024.09-SP1//etc/uvm-1.2/base/uvm_base.svh'.
Parsing included file '/home/eda_tools/synopsys/vcs/W-2024.09-SP1//etc/uvm-1.2/base/uvm_event.svh'.
Back to file '/home/eda_tools/synopsys/vcs/W-2024.09-SP1//etc/uvm-1.2/base/uvm_base.svh'.
Parsing included file '/home/eda_tools/synopsys/vcs/W-2024.09-SP1//etc/uvm-1.2/base/uvm_barrier.svh'.
Back to file '/home/eda_tools/synopsys/vcs/W-2024.09-SP1//etc/uvm-1.2/base/uvm_base.svh'.
Parsing included file '/home/eda_tools/synopsys/vcs/W-2024.09-SP1//etc/uvm-1.2/base/uvm_callback.svh'.
Parsing included file '/home/eda_tools/synopsys/vcs/W-2024.09-SP1//etc/uvm-1.2/uvm_macros.svh'.
Back to file '/home/eda_tools/synopsys/vcs/W-2024.09-SP1//etc/uvm-1.2/base/uvm_callback.svh'.
Back to file '/home/eda_tools/synopsys/vcs/W-2024.09-SP1//etc/uvm-1.2/base/uvm_base.svh'.
Parsing included file '/home/eda_tools/synopsys/vcs/W-2024.09-SP1//etc/uvm-1.2/base/uvm_report_message.svh'.
Back to file '/home/eda_tools/synopsys/vcs/W-2024.09-SP1//etc/uvm-1.2/base/uvm_base.svh'.
Parsing included file '/home/eda_tools/synopsys/vcs/W-2024.09-SP1//etc/uvm-1.2/base/uvm_report_catcher.svh'.
Back to file '/home/eda_tools/synopsys/vcs/W-2024.09-SP1//etc/uvm-1.2/base/uvm_base.svh'.
Parsing included file '/home/eda_tools/synopsys/vcs/W-2024.09-SP1//etc/uvm-1.2/base/uvm_report_server.svh'.
Back to file '/home/eda_tools/synopsys/vcs/W-2024.09-SP1//etc/uvm-1.2/base/uvm_base.svh'.
Parsing included file '/home/eda_tools/synopsys/vcs/W-2024.09-SP1//etc/uvm-1.2/base/uvm_report_handler.svh'.
Back to file '/home/eda_tools/synopsys/vcs/W-2024.09-SP1//etc/uvm-1.2/base/uvm_base.svh'.
Parsing included file '/home/eda_tools/synopsys/vcs/W-2024.09-SP1//etc/uvm-1.2/base/uvm_report_object.svh'.
Back to file '/home/eda_tools/synopsys/vcs/W-2024.09-SP1//etc/uvm-1.2/base/uvm_base.svh'.
Parsing included file '/home/eda_tools/synopsys/vcs/W-2024.09-SP1//etc/uvm-1.2/base/uvm_transaction.svh'.
Back to file '/home/eda_tools/synopsys/vcs/W-2024.09-SP1//etc/uvm-1.2/base/uvm_base.svh'.
Parsing included file '/home/eda_tools/synopsys/vcs/W-2024.09-SP1//etc/uvm-1.2/base/uvm_phase.svh'.
Back to file '/home/eda_tools/synopsys/vcs/W-2024.09-SP1//etc/uvm-1.2/base/uvm_base.svh'.
Parsing included file '/home/eda_tools/synopsys/vcs/W-2024.09-SP1//etc/uvm-1.2/base/uvm_domain.svh'.
Back to file '/home/eda_tools/synopsys/vcs/W-2024.09-SP1//etc/uvm-1.2/base/uvm_base.svh'.
Parsing included file '/home/eda_tools/synopsys/vcs/W-2024.09-SP1//etc/uvm-1.2/base/uvm_bottomup_phase.svh'.
Back to file '/home/eda_tools/synopsys/vcs/W-2024.09-SP1//etc/uvm-1.2/base/uvm_base.svh'.
Parsing included file '/home/eda_tools/synopsys/vcs/W-2024.09-SP1//etc/uvm-1.2/base/uvm_topdown_phase.svh'.
Back to file '/home/eda_tools/synopsys/vcs/W-2024.09-SP1//etc/uvm-1.2/base/uvm_base.svh'.
Parsing included file '/home/eda_tools/synopsys/vcs/W-2024.09-SP1//etc/uvm-1.2/base/uvm_task_phase.svh'.
Back to file '/home/eda_tools/synopsys/vcs/W-2024.09-SP1//etc/uvm-1.2/base/uvm_base.svh'.
Parsing included file '/home/eda_tools/synopsys/vcs/W-2024.09-SP1//etc/uvm-1.2/base/uvm_common_phases.svh'.
Back to file '/home/eda_tools/synopsys/vcs/W-2024.09-SP1//etc/uvm-1.2/base/uvm_base.svh'.
Parsing included file '/home/eda_tools/synopsys/vcs/W-2024.09-SP1//etc/uvm-1.2/base/uvm_runtime_phases.svh'.
Back to file '/home/eda_tools/synopsys/vcs/W-2024.09-SP1//etc/uvm-1.2/base/uvm_base.svh'.
Parsing included file '/home/eda_tools/synopsys/vcs/W-2024.09-SP1//etc/uvm-1.2/base/uvm_component.svh'.
Parsing included file '/home/eda_tools/synopsys/vcs/W-2024.09-SP1//etc/uvm-1.2/base/uvm_root.svh'.
Back to file '/home/eda_tools/synopsys/vcs/W-2024.09-SP1//etc/uvm-1.2/base/uvm_component.svh'.
Back to file '/home/eda_tools/synopsys/vcs/W-2024.09-SP1//etc/uvm-1.2/base/uvm_base.svh'.
Parsing included file '/home/eda_tools/synopsys/vcs/W-2024.09-SP1//etc/uvm-1.2/base/uvm_objection.svh'.
Back to file '/home/eda_tools/synopsys/vcs/W-2024.09-SP1//etc/uvm-1.2/base/uvm_base.svh'.
Parsing included file '/home/eda_tools/synopsys/vcs/W-2024.09-SP1//etc/uvm-1.2/base/uvm_heartbeat.svh'.
Back to file '/home/eda_tools/synopsys/vcs/W-2024.09-SP1//etc/uvm-1.2/base/uvm_base.svh'.
Parsing included file '/home/eda_tools/synopsys/vcs/W-2024.09-SP1//etc/uvm-1.2/base/uvm_globals.svh'.
Back to file '/home/eda_tools/synopsys/vcs/W-2024.09-SP1//etc/uvm-1.2/base/uvm_base.svh'.
Parsing included file '/home/eda_tools/synopsys/vcs/W-2024.09-SP1//etc/uvm-1.2/base/uvm_cmdline_processor.svh'.
Back to file '/home/eda_tools/synopsys/vcs/W-2024.09-SP1//etc/uvm-1.2/base/uvm_base.svh'.
Parsing included file '/home/eda_tools/synopsys/vcs/W-2024.09-SP1//etc/uvm-1.2/base/uvm_traversal.svh'.
Back to file '/home/eda_tools/synopsys/vcs/W-2024.09-SP1//etc/uvm-1.2/base/uvm_base.svh'.
Back to file '/home/eda_tools/synopsys/vcs/W-2024.09-SP1//etc/uvm-1.2/uvm_pkg.sv'.
Parsing included file '/home/eda_tools/synopsys/vcs/W-2024.09-SP1//etc/uvm-1.2/dap/uvm_dap.svh'.
Parsing included file '/home/eda_tools/synopsys/vcs/W-2024.09-SP1//etc/uvm-1.2/dap/uvm_set_get_dap_base.svh'.
Back to file '/home/eda_tools/synopsys/vcs/W-2024.09-SP1//etc/uvm-1.2/dap/uvm_dap.svh'.
Parsing included file '/home/eda_tools/synopsys/vcs/W-2024.09-SP1//etc/uvm-1.2/dap/uvm_simple_lock_dap.svh'.
Back to file '/home/eda_tools/synopsys/vcs/W-2024.09-SP1//etc/uvm-1.2/dap/uvm_dap.svh'.
Parsing included file '/home/eda_tools/synopsys/vcs/W-2024.09-SP1//etc/uvm-1.2/dap/uvm_get_to_lock_dap.svh'.
Back to file '/home/eda_tools/synopsys/vcs/W-2024.09-SP1//etc/uvm-1.2/dap/uvm_dap.svh'.
Parsing included file '/home/eda_tools/synopsys/vcs/W-2024.09-SP1//etc/uvm-1.2/dap/uvm_set_before_get_dap.svh'.
Back to file '/home/eda_tools/synopsys/vcs/W-2024.09-SP1//etc/uvm-1.2/dap/uvm_dap.svh'.
Back to file '/home/eda_tools/synopsys/vcs/W-2024.09-SP1//etc/uvm-1.2/uvm_pkg.sv'.
Parsing included file '/home/eda_tools/synopsys/vcs/W-2024.09-SP1//etc/uvm-1.2/tlm1/uvm_tlm.svh'.
Parsing included file '/home/eda_tools/synopsys/vcs/W-2024.09-SP1//etc/uvm-1.2/tlm1/uvm_tlm_ifs.svh'.
Back to file '/home/eda_tools/synopsys/vcs/W-2024.09-SP1//etc/uvm-1.2/tlm1/uvm_tlm.svh'.
Parsing included file '/home/eda_tools/synopsys/vcs/W-2024.09-SP1//etc/uvm-1.2/tlm1/uvm_sqr_ifs.svh'.
Back to file '/home/eda_tools/synopsys/vcs/W-2024.09-SP1//etc/uvm-1.2/tlm1/uvm_tlm.svh'.
Parsing included file '/home/eda_tools/synopsys/vcs/W-2024.09-SP1//etc/uvm-1.2/base/uvm_port_base.svh'.
Back to file '/home/eda_tools/synopsys/vcs/W-2024.09-SP1//etc/uvm-1.2/tlm1/uvm_tlm.svh'.
Parsing included file '/home/eda_tools/synopsys/vcs/W-2024.09-SP1//etc/uvm-1.2/tlm1/uvm_tlm_imps.svh'.
Back to file '/home/eda_tools/synopsys/vcs/W-2024.09-SP1//etc/uvm-1.2/tlm1/uvm_tlm.svh'.
Parsing included file '/home/eda_tools/synopsys/vcs/W-2024.09-SP1//etc/uvm-1.2/tlm1/uvm_imps.svh'.
Back to file '/home/eda_tools/synopsys/vcs/W-2024.09-SP1//etc/uvm-1.2/tlm1/uvm_tlm.svh'.
Parsing included file '/home/eda_tools/synopsys/vcs/W-2024.09-SP1//etc/uvm-1.2/tlm1/uvm_ports.svh'.
Back to file '/home/eda_tools/synopsys/vcs/W-2024.09-SP1//etc/uvm-1.2/tlm1/uvm_tlm.svh'.
Parsing included file '/home/eda_tools/synopsys/vcs/W-2024.09-SP1//etc/uvm-1.2/tlm1/uvm_exports.svh'.
Back to file '/home/eda_tools/synopsys/vcs/W-2024.09-SP1//etc/uvm-1.2/tlm1/uvm_tlm.svh'.
Parsing included file '/home/eda_tools/synopsys/vcs/W-2024.09-SP1//etc/uvm-1.2/tlm1/uvm_analysis_port.svh'.
Back to file '/home/eda_tools/synopsys/vcs/W-2024.09-SP1//etc/uvm-1.2/tlm1/uvm_tlm.svh'.
Parsing included file '/home/eda_tools/synopsys/vcs/W-2024.09-SP1//etc/uvm-1.2/tlm1/uvm_tlm_fifo_base.svh'.
Back to file '/home/eda_tools/synopsys/vcs/W-2024.09-SP1//etc/uvm-1.2/tlm1/uvm_tlm.svh'.
Parsing included file '/home/eda_tools/synopsys/vcs/W-2024.09-SP1//etc/uvm-1.2/tlm1/uvm_tlm_fifos.svh'.
Back to file '/home/eda_tools/synopsys/vcs/W-2024.09-SP1//etc/uvm-1.2/tlm1/uvm_tlm.svh'.
Parsing included file '/home/eda_tools/synopsys/vcs/W-2024.09-SP1//etc/uvm-1.2/tlm1/uvm_tlm_req_rsp.svh'.
Back to file '/home/eda_tools/synopsys/vcs/W-2024.09-SP1//etc/uvm-1.2/tlm1/uvm_tlm.svh'.
Parsing included file '/home/eda_tools/synopsys/vcs/W-2024.09-SP1//etc/uvm-1.2/tlm1/uvm_sqr_connections.svh'.
Back to file '/home/eda_tools/synopsys/vcs/W-2024.09-SP1//etc/uvm-1.2/tlm1/uvm_tlm.svh'.
Back to file '/home/eda_tools/synopsys/vcs/W-2024.09-SP1//etc/uvm-1.2/uvm_pkg.sv'.
Parsing included file '/home/eda_tools/synopsys/vcs/W-2024.09-SP1//etc/uvm-1.2/comps/uvm_comps.svh'.
Parsing included file '/home/eda_tools/synopsys/vcs/W-2024.09-SP1//etc/uvm-1.2/comps/uvm_pair.svh'.
Back to file '/home/eda_tools/synopsys/vcs/W-2024.09-SP1//etc/uvm-1.2/comps/uvm_comps.svh'.
Parsing included file '/home/eda_tools/synopsys/vcs/W-2024.09-SP1//etc/uvm-1.2/comps/uvm_policies.svh'.
Back to file '/home/eda_tools/synopsys/vcs/W-2024.09-SP1//etc/uvm-1.2/comps/uvm_comps.svh'.
Parsing included file '/home/eda_tools/synopsys/vcs/W-2024.09-SP1//etc/uvm-1.2/comps/uvm_in_order_comparator.svh'.
Back to file '/home/eda_tools/synopsys/vcs/W-2024.09-SP1//etc/uvm-1.2/comps/uvm_comps.svh'.
Parsing included file '/home/eda_tools/synopsys/vcs/W-2024.09-SP1//etc/uvm-1.2/comps/uvm_algorithmic_comparator.svh'.
Back to file '/home/eda_tools/synopsys/vcs/W-2024.09-SP1//etc/uvm-1.2/comps/uvm_comps.svh'.
Parsing included file '/home/eda_tools/synopsys/vcs/W-2024.09-SP1//etc/uvm-1.2/comps/uvm_random_stimulus.svh'.
Back to file '/home/eda_tools/synopsys/vcs/W-2024.09-SP1//etc/uvm-1.2/comps/uvm_comps.svh'.
Parsing included file '/home/eda_tools/synopsys/vcs/W-2024.09-SP1//etc/uvm-1.2/comps/uvm_subscriber.svh'.
Back to file '/home/eda_tools/synopsys/vcs/W-2024.09-SP1//etc/uvm-1.2/comps/uvm_comps.svh'.
Parsing included file '/home/eda_tools/synopsys/vcs/W-2024.09-SP1//etc/uvm-1.2/comps/uvm_monitor.svh'.
Back to file '/home/eda_tools/synopsys/vcs/W-2024.09-SP1//etc/uvm-1.2/comps/uvm_comps.svh'.
Parsing included file '/home/eda_tools/synopsys/vcs/W-2024.09-SP1//etc/uvm-1.2/comps/uvm_driver.svh'.
Back to file '/home/eda_tools/synopsys/vcs/W-2024.09-SP1//etc/uvm-1.2/comps/uvm_comps.svh'.
Parsing included file '/home/eda_tools/synopsys/vcs/W-2024.09-SP1//etc/uvm-1.2/comps/uvm_push_driver.svh'.
Back to file '/home/eda_tools/synopsys/vcs/W-2024.09-SP1//etc/uvm-1.2/comps/uvm_comps.svh'.
Parsing included file '/home/eda_tools/synopsys/vcs/W-2024.09-SP1//etc/uvm-1.2/comps/uvm_scoreboard.svh'.
Back to file '/home/eda_tools/synopsys/vcs/W-2024.09-SP1//etc/uvm-1.2/comps/uvm_comps.svh'.
Parsing included file '/home/eda_tools/synopsys/vcs/W-2024.09-SP1//etc/uvm-1.2/comps/uvm_agent.svh'.
Back to file '/home/eda_tools/synopsys/vcs/W-2024.09-SP1//etc/uvm-1.2/comps/uvm_comps.svh'.
Parsing included file '/home/eda_tools/synopsys/vcs/W-2024.09-SP1//etc/uvm-1.2/comps/uvm_env.svh'.
Back to file '/home/eda_tools/synopsys/vcs/W-2024.09-SP1//etc/uvm-1.2/comps/uvm_comps.svh'.
Parsing included file '/home/eda_tools/synopsys/vcs/W-2024.09-SP1//etc/uvm-1.2/comps/uvm_test.svh'.
Back to file '/home/eda_tools/synopsys/vcs/W-2024.09-SP1//etc/uvm-1.2/comps/uvm_comps.svh'.
Back to file '/home/eda_tools/synopsys/vcs/W-2024.09-SP1//etc/uvm-1.2/uvm_pkg.sv'.
Parsing included file '/home/eda_tools/synopsys/vcs/W-2024.09-SP1//etc/uvm-1.2/seq/uvm_seq.svh'.
Parsing included file '/home/eda_tools/synopsys/vcs/W-2024.09-SP1//etc/uvm-1.2/seq/uvm_sequence_item.svh'.
Back to file '/home/eda_tools/synopsys/vcs/W-2024.09-SP1//etc/uvm-1.2/seq/uvm_seq.svh'.
Parsing included file '/home/eda_tools/synopsys/vcs/W-2024.09-SP1//etc/uvm-1.2/seq/uvm_sequencer_base.svh'.
Back to file '/home/eda_tools/synopsys/vcs/W-2024.09-SP1//etc/uvm-1.2/seq/uvm_seq.svh'.
Parsing included file '/home/eda_tools/synopsys/vcs/W-2024.09-SP1//etc/uvm-1.2/seq/uvm_sequencer_analysis_fifo.svh'.
Back to file '/home/eda_tools/synopsys/vcs/W-2024.09-SP1//etc/uvm-1.2/seq/uvm_seq.svh'.
Parsing included file '/home/eda_tools/synopsys/vcs/W-2024.09-SP1//etc/uvm-1.2/seq/uvm_sequencer_param_base.svh'.
Back to file '/home/eda_tools/synopsys/vcs/W-2024.09-SP1//etc/uvm-1.2/seq/uvm_seq.svh'.
Parsing included file '/home/eda_tools/synopsys/vcs/W-2024.09-SP1//etc/uvm-1.2/seq/uvm_sequencer.svh'.
Back to file '/home/eda_tools/synopsys/vcs/W-2024.09-SP1//etc/uvm-1.2/seq/uvm_seq.svh'.
Parsing included file '/home/eda_tools/synopsys/vcs/W-2024.09-SP1//etc/uvm-1.2/seq/uvm_push_sequencer.svh'.
Back to file '/home/eda_tools/synopsys/vcs/W-2024.09-SP1//etc/uvm-1.2/seq/uvm_seq.svh'.
Parsing included file '/home/eda_tools/synopsys/vcs/W-2024.09-SP1//etc/uvm-1.2/seq/uvm_sequence_base.svh'.
Back to file '/home/eda_tools/synopsys/vcs/W-2024.09-SP1//etc/uvm-1.2/seq/uvm_seq.svh'.
Parsing included file '/home/eda_tools/synopsys/vcs/W-2024.09-SP1//etc/uvm-1.2/seq/uvm_sequence.svh'.
Back to file '/home/eda_tools/synopsys/vcs/W-2024.09-SP1//etc/uvm-1.2/seq/uvm_seq.svh'.
Parsing included file '/home/eda_tools/synopsys/vcs/W-2024.09-SP1//etc/uvm-1.2/seq/uvm_sequence_library.svh'.
Back to file '/home/eda_tools/synopsys/vcs/W-2024.09-SP1//etc/uvm-1.2/seq/uvm_seq.svh'.
Parsing included file '/home/eda_tools/synopsys/vcs/W-2024.09-SP1//etc/uvm-1.2/seq/uvm_sequence_builtin.svh'.
Back to file '/home/eda_tools/synopsys/vcs/W-2024.09-SP1//etc/uvm-1.2/seq/uvm_seq.svh'.
Back to file '/home/eda_tools/synopsys/vcs/W-2024.09-SP1//etc/uvm-1.2/uvm_pkg.sv'.
Parsing included file '/home/eda_tools/synopsys/vcs/W-2024.09-SP1//etc/uvm-1.2/tlm2/uvm_tlm2.svh'.
Parsing included file '/home/eda_tools/synopsys/vcs/W-2024.09-SP1//etc/uvm-1.2/tlm2/uvm_tlm2_defines.svh'.
Back to file '/home/eda_tools/synopsys/vcs/W-2024.09-SP1//etc/uvm-1.2/tlm2/uvm_tlm2.svh'.
Parsing included file '/home/eda_tools/synopsys/vcs/W-2024.09-SP1//etc/uvm-1.2/tlm2/uvm_tlm2_time.svh'.
Back to file '/home/eda_tools/synopsys/vcs/W-2024.09-SP1//etc/uvm-1.2/tlm2/uvm_tlm2.svh'.
Parsing included file '/home/eda_tools/synopsys/vcs/W-2024.09-SP1//etc/uvm-1.2/tlm2/uvm_tlm2_generic_payload.svh'.
Back to file '/home/eda_tools/synopsys/vcs/W-2024.09-SP1//etc/uvm-1.2/tlm2/uvm_tlm2.svh'.
Parsing included file '/home/eda_tools/synopsys/vcs/W-2024.09-SP1//etc/uvm-1.2/tlm2/uvm_tlm2_ifs.svh'.
Back to file '/home/eda_tools/synopsys/vcs/W-2024.09-SP1//etc/uvm-1.2/tlm2/uvm_tlm2.svh'.
Parsing included file '/home/eda_tools/synopsys/vcs/W-2024.09-SP1//etc/uvm-1.2/tlm2/uvm_tlm2_imps.svh'.
Back to file '/home/eda_tools/synopsys/vcs/W-2024.09-SP1//etc/uvm-1.2/tlm2/uvm_tlm2.svh'.
Parsing included file '/home/eda_tools/synopsys/vcs/W-2024.09-SP1//etc/uvm-1.2/tlm2/uvm_tlm2_ports.svh'.
Back to file '/home/eda_tools/synopsys/vcs/W-2024.09-SP1//etc/uvm-1.2/tlm2/uvm_tlm2.svh'.
Parsing included file '/home/eda_tools/synopsys/vcs/W-2024.09-SP1//etc/uvm-1.2/tlm2/uvm_tlm2_exports.svh'.
Back to file '/home/eda_tools/synopsys/vcs/W-2024.09-SP1//etc/uvm-1.2/tlm2/uvm_tlm2.svh'.
Parsing included file '/home/eda_tools/synopsys/vcs/W-2024.09-SP1//etc/uvm-1.2/tlm2/uvm_tlm2_sockets_base.svh'.
Back to file '/home/eda_tools/synopsys/vcs/W-2024.09-SP1//etc/uvm-1.2/tlm2/uvm_tlm2.svh'.
Parsing included file '/home/eda_tools/synopsys/vcs/W-2024.09-SP1//etc/uvm-1.2/tlm2/uvm_tlm2_sockets.svh'.
Back to file '/home/eda_tools/synopsys/vcs/W-2024.09-SP1//etc/uvm-1.2/tlm2/uvm_tlm2.svh'.
Back to file '/home/eda_tools/synopsys/vcs/W-2024.09-SP1//etc/uvm-1.2/uvm_pkg.sv'.
Parsing included file '/home/eda_tools/synopsys/vcs/W-2024.09-SP1//etc/uvm-1.2/reg/uvm_reg_model.svh'.
Parsing included file '/home/eda_tools/synopsys/vcs/W-2024.09-SP1//etc/uvm-1.2/reg/uvm_reg_item.svh'.
Back to file '/home/eda_tools/synopsys/vcs/W-2024.09-SP1//etc/uvm-1.2/reg/uvm_reg_model.svh'.
Parsing included file '/home/eda_tools/synopsys/vcs/W-2024.09-SP1//etc/uvm-1.2/reg/uvm_reg_adapter.svh'.
Back to file '/home/eda_tools/synopsys/vcs/W-2024.09-SP1//etc/uvm-1.2/reg/uvm_reg_model.svh'.
Parsing included file '/home/eda_tools/synopsys/vcs/W-2024.09-SP1//etc/uvm-1.2/reg/uvm_reg_predictor.svh'.
Back to file '/home/eda_tools/synopsys/vcs/W-2024.09-SP1//etc/uvm-1.2/reg/uvm_reg_model.svh'.
Parsing included file '/home/eda_tools/synopsys/vcs/W-2024.09-SP1//etc/uvm-1.2/reg/uvm_reg_sequence.svh'.
Back to file '/home/eda_tools/synopsys/vcs/W-2024.09-SP1//etc/uvm-1.2/reg/uvm_reg_model.svh'.
Parsing included file '/home/eda_tools/synopsys/vcs/W-2024.09-SP1//etc/uvm-1.2/reg/uvm_reg_cbs.svh'.
Back to file '/home/eda_tools/synopsys/vcs/W-2024.09-SP1//etc/uvm-1.2/reg/uvm_reg_model.svh'.
Parsing included file '/home/eda_tools/synopsys/vcs/W-2024.09-SP1//etc/uvm-1.2/reg/uvm_reg_backdoor.svh'.
Back to file '/home/eda_tools/synopsys/vcs/W-2024.09-SP1//etc/uvm-1.2/reg/uvm_reg_model.svh'.
Parsing included file '/home/eda_tools/synopsys/vcs/W-2024.09-SP1//etc/uvm-1.2/reg/uvm_reg_field.svh'.
Back to file '/home/eda_tools/synopsys/vcs/W-2024.09-SP1//etc/uvm-1.2/reg/uvm_reg_model.svh'.
Parsing included file '/home/eda_tools/synopsys/vcs/W-2024.09-SP1//etc/uvm-1.2/reg/uvm_vreg_field.svh'.
Back to file '/home/eda_tools/synopsys/vcs/W-2024.09-SP1//etc/uvm-1.2/reg/uvm_reg_model.svh'.
Parsing included file '/home/eda_tools/synopsys/vcs/W-2024.09-SP1//etc/uvm-1.2/reg/uvm_reg.svh'.
Back to file '/home/eda_tools/synopsys/vcs/W-2024.09-SP1//etc/uvm-1.2/reg/uvm_reg_model.svh'.
Parsing included file '/home/eda_tools/synopsys/vcs/W-2024.09-SP1//etc/uvm-1.2/reg/uvm_reg_indirect.svh'.
Back to file '/home/eda_tools/synopsys/vcs/W-2024.09-SP1//etc/uvm-1.2/reg/uvm_reg_model.svh'.
Parsing included file '/home/eda_tools/synopsys/vcs/W-2024.09-SP1//etc/uvm-1.2/reg/uvm_reg_fifo.svh'.
Back to file '/home/eda_tools/synopsys/vcs/W-2024.09-SP1//etc/uvm-1.2/reg/uvm_reg_model.svh'.
Parsing included file '/home/eda_tools/synopsys/vcs/W-2024.09-SP1//etc/uvm-1.2/reg/uvm_reg_file.svh'.
Back to file '/home/eda_tools/synopsys/vcs/W-2024.09-SP1//etc/uvm-1.2/reg/uvm_reg_model.svh'.
Parsing included file '/home/eda_tools/synopsys/vcs/W-2024.09-SP1//etc/uvm-1.2/reg/uvm_mem_mam.svh'.
Back to file '/home/eda_tools/synopsys/vcs/W-2024.09-SP1//etc/uvm-1.2/reg/uvm_reg_model.svh'.
Parsing included file '/home/eda_tools/synopsys/vcs/W-2024.09-SP1//etc/uvm-1.2/reg/uvm_vreg.svh'.
Back to file '/home/eda_tools/synopsys/vcs/W-2024.09-SP1//etc/uvm-1.2/reg/uvm_reg_model.svh'.
Parsing included file '/home/eda_tools/synopsys/vcs/W-2024.09-SP1//etc/uvm-1.2/reg/uvm_mem.svh'.
Back to file '/home/eda_tools/synopsys/vcs/W-2024.09-SP1//etc/uvm-1.2/reg/uvm_reg_model.svh'.
Parsing included file '/home/eda_tools/synopsys/vcs/W-2024.09-SP1//etc/uvm-1.2/reg/uvm_reg_map.svh'.
Back to file '/home/eda_tools/synopsys/vcs/W-2024.09-SP1//etc/uvm-1.2/reg/uvm_reg_model.svh'.
Parsing included file '/home/eda_tools/synopsys/vcs/W-2024.09-SP1//etc/uvm-1.2/reg/uvm_reg_block.svh'.
Back to file '/home/eda_tools/synopsys/vcs/W-2024.09-SP1//etc/uvm-1.2/reg/uvm_reg_model.svh'.
Parsing included file '/home/eda_tools/synopsys/vcs/W-2024.09-SP1//etc/uvm-1.2/reg/sequences/uvm_reg_hw_reset_seq.svh'.
Back to file '/home/eda_tools/synopsys/vcs/W-2024.09-SP1//etc/uvm-1.2/reg/uvm_reg_model.svh'.
Parsing included file '/home/eda_tools/synopsys/vcs/W-2024.09-SP1//etc/uvm-1.2/reg/sequences/uvm_reg_bit_bash_seq.svh'.
Back to file '/home/eda_tools/synopsys/vcs/W-2024.09-SP1//etc/uvm-1.2/reg/uvm_reg_model.svh'.
Parsing included file '/home/eda_tools/synopsys/vcs/W-2024.09-SP1//etc/uvm-1.2/reg/sequences/uvm_mem_walk_seq.svh'.
Back to file '/home/eda_tools/synopsys/vcs/W-2024.09-SP1//etc/uvm-1.2/reg/uvm_reg_model.svh'.
Parsing included file '/home/eda_tools/synopsys/vcs/W-2024.09-SP1//etc/uvm-1.2/reg/sequences/uvm_mem_access_seq.svh'.
Back to file '/home/eda_tools/synopsys/vcs/W-2024.09-SP1//etc/uvm-1.2/reg/uvm_reg_model.svh'.
Parsing included file '/home/eda_tools/synopsys/vcs/W-2024.09-SP1//etc/uvm-1.2/reg/sequences/uvm_reg_access_seq.svh'.
Back to file '/home/eda_tools/synopsys/vcs/W-2024.09-SP1//etc/uvm-1.2/reg/uvm_reg_model.svh'.
Parsing included file '/home/eda_tools/synopsys/vcs/W-2024.09-SP1//etc/uvm-1.2/reg/sequences/uvm_reg_mem_shared_access_seq.svh'.
Back to file '/home/eda_tools/synopsys/vcs/W-2024.09-SP1//etc/uvm-1.2/reg/uvm_reg_model.svh'.
Parsing included file '/home/eda_tools/synopsys/vcs/W-2024.09-SP1//etc/uvm-1.2/reg/sequences/uvm_reg_mem_built_in_seq.svh'.
Back to file '/home/eda_tools/synopsys/vcs/W-2024.09-SP1//etc/uvm-1.2/reg/uvm_reg_model.svh'.
Parsing included file '/home/eda_tools/synopsys/vcs/W-2024.09-SP1//etc/uvm-1.2/reg/sequences/uvm_reg_mem_hdl_paths_seq.svh'.
Back to file '/home/eda_tools/synopsys/vcs/W-2024.09-SP1//etc/uvm-1.2/reg/uvm_reg_model.svh'.
Parsing included file '/home/eda_tools/synopsys/vcs/W-2024.09-SP1//etc/uvm-1.2/reg/snps_uvm_reg_bank.svh'.
Back to file '/home/eda_tools/synopsys/vcs/W-2024.09-SP1//etc/uvm-1.2/reg/uvm_reg_model.svh'.
Back to file '/home/eda_tools/synopsys/vcs/W-2024.09-SP1//etc/uvm-1.2/uvm_pkg.sv'.
Parsing included file '/home/eda_tools/synopsys/vcs/W-2024.09-SP1//etc/uvm-1.2/vcs/vcs_uvm_alt.sv'.
Back to file '/home/eda_tools/synopsys/vcs/W-2024.09-SP1//etc/uvm-1.2/uvm_pkg.sv'.
Parsing design file '/home/eda_tools/synopsys/vcs/W-2024.09-SP1//etc/uvm-1.2/vcs/uvm_custom_install_vcs_recorder.sv'
Parsing included file '/home/eda_tools/synopsys/vcs/W-2024.09-SP1//etc/uvm-1.2/vcs/msglog.svh'.
Back to file '/home/eda_tools/synopsys/vcs/W-2024.09-SP1//etc/uvm-1.2/vcs/uvm_custom_install_vcs_recorder.sv'.
Parsing included file '/home/eda_tools/synopsys/vcs/W-2024.09-SP1//etc/uvm-1.2/vcs/uvm_msglog_report_server.sv'.
Back to file '/home/eda_tools/synopsys/vcs/W-2024.09-SP1//etc/uvm-1.2/vcs/uvm_custom_install_vcs_recorder.sv'.
Parsing included file '/home/eda_tools/synopsys/vcs/W-2024.09-SP1//etc/uvm-1.2/vcs/uvm_vcs_recorder.svh'.
Parsing included file '/home/eda_tools/synopsys/vcs/W-2024.09-SP1//etc/uvm-1.2/vcs/uvm_vcs_tr_database.svh'.
Parsing included file '/home/eda_tools/synopsys/vcs/W-2024.09-SP1//etc/uvm-1.2/vcs/uvm_vcs_tr_stream.svh'.
Back to file '/home/eda_tools/synopsys/vcs/W-2024.09-SP1//etc/uvm-1.2/vcs/uvm_vcs_tr_database.svh'.
Back to file '/home/eda_tools/synopsys/vcs/W-2024.09-SP1//etc/uvm-1.2/vcs/uvm_vcs_recorder.svh'.
Back to file '/home/eda_tools/synopsys/vcs/W-2024.09-SP1//etc/uvm-1.2/vcs/uvm_custom_install_vcs_recorder.sv'.
Parsing included file '/home/eda_tools/synopsys/vcs/W-2024.09-SP1//etc/uvm-1.2/vcs/uvm_vcs_record_interface.sv'.
Back to file '/home/eda_tools/synopsys/vcs/W-2024.09-SP1//etc/uvm-1.2/vcs/uvm_custom_install_vcs_recorder.sv'.
Parsing design file '/home/eda_tools/synopsys/vcs/W-2024.09-SP1//etc/uvm-1.2/verdi/uvm_custom_install_verdi_recorder.sv'
Parsing included file '/home/eda_tools/synopsys/vcs/W-2024.09-SP1//etc/uvm-1.2/uvm_macros.svh'.
Back to file '/home/eda_tools/synopsys/vcs/W-2024.09-SP1//etc/uvm-1.2/verdi/uvm_custom_install_verdi_recorder.sv'.
Parsing included file '/home/eda_tools/synopsys/vcs/W-2024.09-SP1//etc/uvm-1.2/verdi/uvm_verdi_recorder.svh'.
Parsing included file '/home/eda_tools/synopsys/vcs/W-2024.09-SP1//etc/uvm-1.2/verdi/uvm_verdi_pli_base.svh'.
Back to file '/home/eda_tools/synopsys/vcs/W-2024.09-SP1//etc/uvm-1.2/verdi/uvm_verdi_recorder.svh'.
Parsing included file '/home/eda_tools/synopsys/vcs/W-2024.09-SP1//etc/uvm-1.2/verdi/uvm_verdi_tr_database.svh'.
Parsing included file '/home/eda_tools/synopsys/vcs/W-2024.09-SP1//etc/uvm-1.2/verdi/uvm_verdi_tr_stream.svh'.
Back to file '/home/eda_tools/synopsys/vcs/W-2024.09-SP1//etc/uvm-1.2/verdi/uvm_verdi_tr_database.svh'.
Back to file '/home/eda_tools/synopsys/vcs/W-2024.09-SP1//etc/uvm-1.2/verdi/uvm_verdi_recorder.svh'.
Back to file '/home/eda_tools/synopsys/vcs/W-2024.09-SP1//etc/uvm-1.2/verdi/uvm_custom_install_verdi_recorder.sv'.
Parsing included file '/home/eda_tools/synopsys/vcs/W-2024.09-SP1//etc/uvm-1.2/verdi/uvm_verdi_reg_map_recording.sv'.
Back to file '/home/eda_tools/synopsys/vcs/W-2024.09-SP1//etc/uvm-1.2/verdi/uvm_custom_install_verdi_recorder.sv'.
Parsing included file '/home/eda_tools/synopsys/vcs/W-2024.09-SP1//etc/uvm-1.2/verdi/uvm_verdi_message_catcher.svh'.
Parsing included file '/home/eda_tools/synopsys/vcs/W-2024.09-SP1//etc/uvm-1.2/verdi/uvm_verdi_pli_base.svh'.
Back to file '/home/eda_tools/synopsys/vcs/W-2024.09-SP1//etc/uvm-1.2/verdi/uvm_verdi_message_catcher.svh'.
Back to file '/home/eda_tools/synopsys/vcs/W-2024.09-SP1//etc/uvm-1.2/verdi/uvm_custom_install_verdi_recorder.sv'.
Parsing included file '/home/eda_tools/synopsys/vcs/W-2024.09-SP1//etc/uvm-1.2/verdi/uvm_verdi_factory.svh'.
Back to file '/home/eda_tools/synopsys/vcs/W-2024.09-SP1//etc/uvm-1.2/verdi/uvm_custom_install_verdi_recorder.sv'.
Parsing included file '/home/eda_tools/synopsys/vcs/W-2024.09-SP1//etc/uvm-1.2/verdi/./dpi/uvm_verdi_dpi.svh'.
Back to file '/home/eda_tools/synopsys/vcs/W-2024.09-SP1//etc/uvm-1.2/verdi/uvm_custom_install_verdi_recorder.sv'.
Parsing included file '/home/eda_tools/synopsys/vcs/W-2024.09-SP1//etc/uvm-1.2/verdi/uvm_verdi_reg_recording.sv'.
Back to file '/home/eda_tools/synopsys/vcs/W-2024.09-SP1//etc/uvm-1.2/verdi/uvm_custom_install_verdi_recorder.sv'.
Parsing included file '/home/eda_tools/synopsys/verdi/W-2024.09-SP1//share/PLI/VCS/include/verdi_trans_recorder_dpi.svh'.
Back to file '/home/eda_tools/synopsys/vcs/W-2024.09-SP1//etc/uvm-1.2/verdi/uvm_custom_install_verdi_recorder.sv'.
Parsing included file '/home/eda_tools/synopsys/vcs/W-2024.09-SP1//etc/uvm-1.2/verdi/uvm_verdi_pli.svh'.
Back to file '/home/eda_tools/synopsys/vcs/W-2024.09-SP1//etc/uvm-1.2/verdi/uvm_custom_install_verdi_recorder.sv'.
Parsing design file '/home/eda_tools/synopsys/vcs/W-2024.09-SP1//etc/uvm-1.2/verdi/uvm_custom_install_verdi_recorder.sv'
Parsing design file '../pkg/axi4_globals_pkg.sv'
Parsing included file '/home/eda_tools/synopsys/vcs/W-2024.09-SP1//etc/uvm-1.2/uvm_macros.svh'.
Back to file '../pkg/axi4_globals_pkg.sv'.
Parsing design file '../intf/axi4_interface/axi4_if.sv'
Parsing design file '../agent/master_agent_bfm/axi4_master_driver_bfm.sv'
Parsing design file '../agent/master_agent_bfm/axi4_master_monitor_bfm.sv'
Parsing design file '../agent/slave_agent_bfm/axi4_slave_driver_bfm.sv'
Parsing design file '../agent/slave_agent_bfm/axi4_slave_monitor_bfm.sv'
Parsing design file '../agent/master_agent_bfm/axi4_master_agent_bfm.sv'
Parsing design file '../agent/slave_agent_bfm/axi4_slave_agent_bfm.sv'
Parsing design file '../master/axi4_master_pkg.sv'
Parsing included file '/home/eda_tools/synopsys/vcs/W-2024.09-SP1//etc/uvm-1.2/uvm_macros.svh'.
Back to file '../master/axi4_master_pkg.sv'.
Parsing design file '../slave/axi4_slave_pkg.sv'
Parsing included file '/home/eda_tools/synopsys/vcs/W-2024.09-SP1//etc/uvm-1.2/uvm_macros.svh'.
Back to file '../slave/axi4_slave_pkg.sv'.
Parsing design file '../seq/master_sequences/axi4_master_seq_pkg.sv'
Parsing included file '/home/eda_tools/synopsys/vcs/W-2024.09-SP1//etc/uvm-1.2/uvm_macros.svh'.
Back to file '../seq/master_sequences/axi4_master_seq_pkg.sv'.
Parsing included file '../seq/master_sequences/axi4_master_base_seq.sv'.
Back to file '../seq/master_sequences/axi4_master_seq_pkg.sv'.
Parsing included file '../seq/master_sequences/axi4_master_write_seq.sv'.
Back to file '../seq/master_sequences/axi4_master_seq_pkg.sv'.
Parsing included file '../seq/master_sequences/axi4_master_read_seq.sv'.
Back to file '../seq/master_sequences/axi4_master_seq_pkg.sv'.
Parsing included file '../seq/master_sequences/axi4_master_burst_seq.sv'.
Back to file '../seq/master_sequences/axi4_master_seq_pkg.sv'.
Parsing included file '../seq/master_sequences/axi4_master_random_seq.sv'.
Back to file '../seq/master_sequences/axi4_master_seq_pkg.sv'.
Parsing included file '../seq/master_sequences/axi4_master_qos_seq.sv'.
Back to file '../seq/master_sequences/axi4_master_seq_pkg.sv'.
Parsing design file '../seq/slave_sequences/axi4_slave_seq_pkg.sv'
Parsing included file '/home/eda_tools/synopsys/vcs/W-2024.09-SP1//etc/uvm-1.2/uvm_macros.svh'.
Back to file '../seq/slave_sequences/axi4_slave_seq_pkg.sv'.
Parsing included file '../seq/slave_sequences/axi4_slave_base_seq.sv'.
Back to file '../seq/slave_sequences/axi4_slave_seq_pkg.sv'.
Parsing design file '../virtual_seqr/axi4_virtual_seqr_pkg.sv'
Parsing included file '/home/eda_tools/synopsys/vcs/W-2024.09-SP1//etc/uvm-1.2/uvm_macros.svh'.
Back to file '../virtual_seqr/axi4_virtual_seqr_pkg.sv'.
Parsing included file '../virtual_seqr/axi4_virtual_sequencer.sv'.
Back to file '../virtual_seqr/axi4_virtual_seqr_pkg.sv'.
Parsing design file '../env/axi4_env_pkg.sv'
Parsing included file '/home/eda_tools/synopsys/vcs/W-2024.09-SP1//etc/uvm-1.2/uvm_macros.svh'.
Back to file '../env/axi4_env_pkg.sv'.
Parsing included file '../env/axi4_env_config.sv'.
Back to file '../env/axi4_env_pkg.sv'.
Parsing included file '../env/axi4_scoreboard.sv'.
Back to file '../env/axi4_env_pkg.sv'.
Parsing included file '../env/axi4_protocol_coverage.sv'.
Back to file '../env/axi4_env_pkg.sv'.
Parsing included file '../env/axi4_env.sv'.
Back to file '../env/axi4_env_pkg.sv'.
Parsing design file '../virtual_seq/axi4_virtual_seq_pkg.sv'
Parsing included file '/home/eda_tools/synopsys/vcs/W-2024.09-SP1//etc/uvm-1.2/uvm_macros.svh'.
Back to file '../virtual_seq/axi4_virtual_seq_pkg.sv'.
Parsing included file '../virtual_seq/axi4_virtual_base_seq.sv'.
Back to file '../virtual_seq/axi4_virtual_seq_pkg.sv'.
Parsing included file '../virtual_seq/axi4_virtual_write_seq.sv'.
Back to file '../virtual_seq/axi4_virtual_seq_pkg.sv'.
Parsing included file '../virtual_seq/axi4_virtual_read_seq.sv'.
Back to file '../virtual_seq/axi4_virtual_seq_pkg.sv'.
Parsing included file '../virtual_seq/axi4_virtual_write_read_seq.sv'.
Back to file '../virtual_seq/axi4_virtual_seq_pkg.sv'.
Parsing included file '../virtual_seq/axi4_virtual_stress_seq.sv'.
Back to file '../virtual_seq/axi4_virtual_seq_pkg.sv'.
Parsing included file '../virtual_seq/axi4_virtual_error_seq.sv'.
Back to file '../virtual_seq/axi4_virtual_seq_pkg.sv'.
Parsing included file '../virtual_seq/axi4_virtual_performance_seq.sv'.
Back to file '../virtual_seq/axi4_virtual_seq_pkg.sv'.
Parsing included file '../virtual_seq/axi4_virtual_interleaved_seq.sv'.
Back to file '../virtual_seq/axi4_virtual_seq_pkg.sv'.
Parsing included file '../virtual_seq/axi4_virtual_boundary_seq.sv'.
Back to file '../virtual_seq/axi4_virtual_seq_pkg.sv'.
Parsing design file '../test/axi4_test_pkg.sv'
Parsing included file '/home/eda_tools/synopsys/vcs/W-2024.09-SP1//etc/uvm-1.2/uvm_macros.svh'.
Back to file '../test/axi4_test_pkg.sv'.
Parsing included file '../test/axi4_base_test.sv'.
Back to file '../test/axi4_test_pkg.sv'.
Parsing included file '../test/axi4_basic_rw_test.sv'.
Back to file '../test/axi4_test_pkg.sv'.
Parsing included file '../test/axi4_burst_test.sv'.
Back to file '../test/axi4_test_pkg.sv'.
Parsing included file '../test/axi4_random_test.sv'.
Back to file '../test/axi4_test_pkg.sv'.
Parsing included file '../test/axi4_stress_test.sv'.
Back to file '../test/axi4_test_pkg.sv'.
Parsing included file '../test/axi4_qos_test.sv'.
Back to file '../test/axi4_test_pkg.sv'.
Parsing included file '../test/axi4_error_injection_test.sv'.
Back to file '../test/axi4_test_pkg.sv'.
Parsing included file '../test/axi4_performance_test.sv'.
Back to file '../test/axi4_test_pkg.sv'.
Parsing included file '../test/axi4_interleaved_test.sv'.
Back to file '../test/axi4_test_pkg.sv'.
Parsing included file '../test/axi4_boundary_test.sv'.
Back to file '../test/axi4_test_pkg.sv'.
Parsing design file '../rtl_wrapper/dut_wrapper.sv'
Parsing design file '../rtl_wrapper/generated_rtl/axi4_address_decoder.v'
Parsing design file '../rtl_wrapper/generated_rtl/axi4_arbiter.v'
Parsing design file '../rtl_wrapper/generated_rtl/axi4_interconnect_m9s9.v'
Parsing design file '../rtl_wrapper/generated_rtl/axi4_router.v'
Parsing design file '../rtl_wrapper/generated_rtl/tb_axi4_interconnect.v'
Parsing design file '../top/hdl_top.sv'
Parsing design file '../top/hvl_top.sv'
Top Level Modules:
       uvm_custom_install_recording
       uvm_custom_install_verdi_recording
       axi4_router
       tb_axi4_interconnect
       hdl_top
       hvl_top
TimeScale is 1 ns / 1 ps

Error-[XMRE] Cross-module reference resolution error
../master/axi4_master_pkg.sv, 136
  Error found while trying to resolve cross-module reference.
  token 'vif'.  Originating package 'axi4_master_pkg'.
  Source info: @(posedge vif.aclk) ;
  


Error-[XMRE] Cross-module reference resolution error
../master/axi4_master_pkg.sv, 139
  Error found while trying to resolve cross-module reference.
  token 'vif'.  Originating package 'axi4_master_pkg'.
  Source info: if (vif.awvalid && vif.awready) begin
  begin
  if (uvm_report_enabled(UVM_MEDIUM, UVM_INFO, this.get_type_name())) begin
  uvm_report_info(this.get_type_name(), $sformatf("WRITE_ADDR: addr=0x%0h, 
  id=%0d, len=%0d, size=%0d, burst=%0d", vif.awaddr, vif.awid, vif.awlen, 
  vif.awsize, vif.awburst), UVM_MEDIUM, "../master/axi4_master_pkg.sv", 140, 
  "\000", 1);
  end
  end
  begin
  if (uvm_report_enabled(UVM_HIGH, UVM_INFO, this.get_type_name())) begin
  uvm_report_info(this.get_type_name(), $sformatf("WRITE_ADDR_PROT: qos=%0d, 
  region=%0d, cache=0x%0h, prot=%0d", vif.awqos, vif.awregion, vif.awcache, 
  vif.awprot), UVM_HIGH, "../master/axi4_master_pkg.sv", 142, "\000", 1);
  end
  end
  end
  


Error-[XMRE] Cross-module reference resolution error
../master/axi4_master_pkg.sv, 139
  Error found while trying to resolve cross-module reference.
  token 'vif'.  Originating package 'axi4_master_pkg'.
  Source info: if (vif.awvalid && vif.awready) begin
  begin
  if (uvm_report_enabled(UVM_MEDIUM, UVM_INFO, this.get_type_name())) begin
  uvm_report_info(this.get_type_name(), $sformatf("WRITE_ADDR: addr=0x%0h, 
  id=%0d, len=%0d, size=%0d, burst=%0d", vif.awaddr, vif.awid, vif.awlen, 
  vif.awsize, vif.awburst), UVM_MEDIUM, "../master/axi4_master_pkg.sv", 140, 
  "\000", 1);
  end
  end
  begin
  if (uvm_report_enabled(UVM_HIGH, UVM_INFO, this.get_type_name())) begin
  uvm_report_info(this.get_type_name(), $sformatf("WRITE_ADDR_PROT: qos=%0d, 
  region=%0d, cache=0x%0h, prot=%0d", vif.awqos, vif.awregion, vif.awcache, 
  vif.awprot), UVM_HIGH, "../master/axi4_master_pkg.sv", 142, "\000", 1);
  end
  end
  end
  


Error-[XMRE] Cross-module reference resolution error
../master/axi4_master_pkg.sv, 147
  Error found while trying to resolve cross-module reference.
  token 'vif'.  Originating package 'axi4_master_pkg'.
  Source info: if (vif.wvalid && vif.wready) begin
  begin
  if (uvm_report_enabled(UVM_HIGH, UVM_INFO, this.get_type_name())) begin
  uvm_report_info(this.get_type_name(), $sformatf("WRITE_DATA: data=0x%0h, 
  strb=0x%0h, last=%b", vif.wdata, vif.wstrb, vif.wlast), UVM_HIGH, 
  "../master/axi4_master_pkg.sv", 148, "\000", 1);
  end
  end
  end
  


Error-[XMRE] Cross-module reference resolution error
../master/axi4_master_pkg.sv, 147
  Error found while trying to resolve cross-module reference.
  token 'vif'.  Originating package 'axi4_master_pkg'.
  Source info: if (vif.wvalid && vif.wready) begin
  begin
  if (uvm_report_enabled(UVM_HIGH, UVM_INFO, this.get_type_name())) begin
  uvm_report_info(this.get_type_name(), $sformatf("WRITE_DATA: data=0x%0h, 
  strb=0x%0h, last=%b", vif.wdata, vif.wstrb, vif.wlast), UVM_HIGH, 
  "../master/axi4_master_pkg.sv", 148, "\000", 1);
  end
  end
  end
  


Error-[XMRE] Cross-module reference resolution error
../master/axi4_master_pkg.sv, 153
  Error found while trying to resolve cross-module reference.
  token 'vif'.  Originating package 'axi4_master_pkg'.
  Source info: if (vif.bvalid && vif.bready) begin
  begin
  if (uvm_report_enabled(UVM_MEDIUM, UVM_INFO, this.get_type_name())) begin
  uvm_report_info(this.get_type_name(), $sformatf("WRITE_RESP: id=%0d, 
  resp=%0d", vif.bid, vif.bresp), UVM_MEDIUM, "../master/axi4_master_pkg.sv", 
  154, "\000", 1);
  end
  end
  end
  


Error-[XMRE] Cross-module reference resolution error
../master/axi4_master_pkg.sv, 153
  Error found while trying to resolve cross-module reference.
  token 'vif'.  Originating package 'axi4_master_pkg'.
  Source info: if (vif.bvalid && vif.bready) begin
  begin
  if (uvm_report_enabled(UVM_MEDIUM, UVM_INFO, this.get_type_name())) begin
  uvm_report_info(this.get_type_name(), $sformatf("WRITE_RESP: id=%0d, 
  resp=%0d", vif.bid, vif.bresp), UVM_MEDIUM, "../master/axi4_master_pkg.sv", 
  154, "\000", 1);
  end
  end
  end
  


Error-[XMRE] Cross-module reference resolution error
../master/axi4_master_pkg.sv, 159
  Error found while trying to resolve cross-module reference.
  token 'vif'.  Originating package 'axi4_master_pkg'.
  Source info: if (vif.arvalid && vif.arready) begin
  begin
  if (uvm_report_enabled(UVM_MEDIUM, UVM_INFO, this.get_type_name())) begin
  uvm_report_info(this.get_type_name(), $sformatf("READ_ADDR: addr=0x%0h, 
  id=%0d, len=%0d, size=%0d, burst=%0d", vif.araddr, vif.arid, vif.arlen, 
  vif.arsize, vif.arburst), UVM_MEDIUM, "../master/axi4_master_pkg.sv", 160, 
  "\000", 1);
  end
  end
  begin
  if (uvm_report_enabled(UVM_HIGH, UVM_INFO, this.get_type_name())) begin
  uvm_report_info(this.get_type_name(), $sformatf("READ_ADDR_PROT: qos=%0d, 
  region=%0d, cache=0x%0h, prot=%0d", vif.arqos, vif.arregion, vif.arcache, 
  vif.arprot), UVM_HIGH, "../master/axi4_master_pkg.sv", 162, "\000", 1);
  end
  end
  end
  


Error-[XMRE] Cross-module reference resolution error
../master/axi4_master_pkg.sv, 159
  Error found while trying to resolve cross-module reference.
  token 'vif'.  Originating package 'axi4_master_pkg'.
  Source info: if (vif.arvalid && vif.arready) begin
  begin
  if (uvm_report_enabled(UVM_MEDIUM, UVM_INFO, this.get_type_name())) begin
  uvm_report_info(this.get_type_name(), $sformatf("READ_ADDR: addr=0x%0h, 
  id=%0d, len=%0d, size=%0d, burst=%0d", vif.araddr, vif.arid, vif.arlen, 
  vif.arsize, vif.arburst), UVM_MEDIUM, "../master/axi4_master_pkg.sv", 160, 
  "\000", 1);
  end
  end
  begin
  if (uvm_report_enabled(UVM_HIGH, UVM_INFO, this.get_type_name())) begin
  uvm_report_info(this.get_type_name(), $sformatf("READ_ADDR_PROT: qos=%0d, 
  region=%0d, cache=0x%0h, prot=%0d", vif.arqos, vif.arregion, vif.arcache, 
  vif.arprot), UVM_HIGH, "../master/axi4_master_pkg.sv", 162, "\000", 1);
  end
  end
  end
  


Error-[XMRE] Cross-module reference resolution error
../master/axi4_master_pkg.sv, 167
  Error found while trying to resolve cross-module reference.
  token 'vif'.  Originating package 'axi4_master_pkg'.
  Source info: if (vif.rvalid && vif.rready) begin
  begin
  if (uvm_report_enabled(UVM_MEDIUM, UVM_INFO, this.get_type_name())) begin
  uvm_report_info(this.get_type_name(), $sformatf("READ_DATA: data=0x%0h, 
  id=%0d, resp=%0d, last=%b", vif.rdata, vif.rid, vif.rresp, vif.rlast), 
  UVM_MEDIUM, "../master/axi4_master_pkg.sv", 168, "\000", 1);
  end
  end
  end
  


Note-[MAX_ERROR_COUNT] Maximum error count reached
  Current number of errors has reached the default maximum error count (10).
  Please use +error+<count> to increase the limit.

1 warning
10 errors
CPU time: 2.982 seconds to compile
