[EDR Info]  2025/08/04:02:39:42 (edrCommand) -elab
[EDR Info]  2025/08/04:02:39:42 (edrCommand) ./simv.daidir/kdb
[EDR Info]  2025/08/04:02:39:43 (electronicDebugRecordDlg) EDR Init Start
[EDR Info]  2025/08/04:02:39:43 (edrVerdi) origTclCmd : verdiSetActWin -dock widgetDock_<Decl._Tree>
[EDR Info]  2025/08/04:02:39:43 (edrVerdi) replaceTclCmd : verdiSetActWin -dock widgetDock_<Decl._Tree>
[EDR Info]  2025/08/04:02:39:43 (edrVerdi) origTclCmd : debImport "-elab" "./simv.daidir/kdb"
[EDR Info]  2025/08/04:02:39:43 (edrVerdi) attCount of debImport: 3
[EDR Info]  2025/08/04:02:39:43 (edrVerdi) replaceTclCmd : debImport "-elab" "./simv.daidir/kdb"
[EDR Info]  2025/08/04:02:39:43 (edrVerdi) origTclCmd : debLoadSimResult \
/home/timtim01/eda_test/project/gen_amba_2025/9x9_vip/axi4_vip_env_rtl_integration/sim/waves/axi4_stress_test_1.fsdb
[EDR Info]  2025/08/04:02:39:43 (edrVerdi) replaceTclCmd : debLoadSimResult  "$::env(EDR_REPLAY_DB)/axi4_stress_test_1.fsdb"
[EDR Info]  2025/08/04:02:39:43 (edrVerdi) origTclCmd : wvCreateWindow
[EDR Info]  2025/08/04:02:39:43 (edrVerdi) replaceTclCmd : wvCreateWindow
[EDR Info]  2025/08/04:02:39:43 (edrVerdi) origTclCmd : verdiSetActWin -win $_nWave2
[EDR Info]  2025/08/04:02:39:43 (edrVerdi) replaceTclCmd : verdiSetActWin -win $_nWave2
[EDR Info]  2025/08/04:02:39:43 (electronicDebugRecordDlg) EDR Init End
[EDR Info]  2025/08/04:02:39:43 (electronicDebugRecordDlg) Status code of request /api/get/edr_config : 
[EDR Error]  2025/08/04:02:39:43 (electronicDebugRecordDlg) Error Message of request /api/get/edr_config: Host verdi03.vdc.azure.synopsys.com not found
[EDR Info]  2025/08/04:02:43:23 (edrCommand) EDR auto_save is skipped.
[EDR Info]  2025/08/04:02:45:54 (electronicDebugRecordDlg) EDR Init Start
[EDR Info]  2025/08/04:02:45:54 (edrVerdi) origTclCmd : simSetSimulator "-vcssv" -exec \
"/home/timtim01/eda_test/project/gen_amba_2025/9x9_vip/axi4_vip_env_rtl_integration/sim/simv" \ 
-args \ 
"+UVM_TESTNAME=axi4_stress_test +UVM_VERBOSITY=UVM_MEDIUM +ntb_random_seed=1 +fsdb_file=./waves/axi4_stress_test_1.fsdb"
[EDR Info]  2025/08/04:02:45:54 (edrVerdi) replaceTclCmd : simSetSimulator "-vcssv" -args "+UVM_TESTNAME=axi4_stress_test +UVM_VERBOSITY=UVM_MEDIUM +ntb_random_seed=1 +fsdb_file=./waves/axi4_stress_test_1.fsdb" -exec "$::env(EDR_REPLAY_DB)/simv"
[EDR Info]  2025/08/04:02:45:54 (edrVerdi) origTclCmd : debImport "-dbdir" \
"/home/timtim01/eda_test/project/gen_amba_2025/9x9_vip/axi4_vip_env_rtl_integration/sim/simv.daidir"
[EDR Info]  2025/08/04:02:45:54 (edrVerdi) attCount of debImport: 1
[EDR Info]  2025/08/04:02:45:54 (edrVerdi) replaceTclCmd : debImport -dbdir "$::env(EDR_REPLAY_DB)/simv.daidir"
[EDR Info]  2025/08/04:02:45:54 (edrVerdi) origTclCmd : debLoadSimResult \
/home/timtim01/eda_test/project/gen_amba_2025/9x9_vip/axi4_vip_env_rtl_integration/sim/axi4_vip.fsdb
[EDR Info]  2025/08/04:02:45:54 (edrVerdi) replaceTclCmd : debLoadSimResult  "$::env(EDR_REPLAY_DB)/axi4_vip.fsdb"
[EDR Info]  2025/08/04:02:45:54 (edrVerdi) origTclCmd : wvCreateWindow
[EDR Info]  2025/08/04:02:45:54 (edrVerdi) replaceTclCmd : wvCreateWindow
[EDR Info]  2025/08/04:02:45:54 (electronicDebugRecordDlg) EDR Init End
[EDR Info]  2025/08/04:02:45:54 (electronicDebugRecordDlg) Status code of request /api/get/edr_config : 
[EDR Error]  2025/08/04:02:45:54 (electronicDebugRecordDlg) Error Message of request /api/get/edr_config: Host verdi03.vdc.azure.synopsys.com not found
[EDR Info]  2025/08/04:02:47:01 (edrCommand) EDR auto_save is skipped.
[EDR Info]  2025/08/04:02:55:20 (edrCommand) -elab
[EDR Info]  2025/08/04:02:55:20 (edrCommand) ./simv.daidir/kdb
[EDR Info]  2025/08/04:02:55:22 (electronicDebugRecordDlg) EDR Init Start
[EDR Info]  2025/08/04:02:55:22 (edrVerdi) origTclCmd : debImport "-elab" "./simv.daidir/kdb"
[EDR Info]  2025/08/04:02:55:22 (edrVerdi) attCount of debImport: 3
[EDR Info]  2025/08/04:02:55:22 (edrVerdi) replaceTclCmd : debImport "-elab" "./simv.daidir/kdb"
[EDR Info]  2025/08/04:02:55:22 (edrVerdi) origTclCmd : debLoadSimResult \
/home/timtim01/eda_test/project/gen_amba_2025/9x9_vip/axi4_vip_env_rtl_integration/sim/waves/axi4_stress_test_1.fsdb
[EDR Info]  2025/08/04:02:55:22 (edrVerdi) replaceTclCmd : debLoadSimResult  "$::env(EDR_REPLAY_DB)/axi4_stress_test_1.fsdb"
[EDR Info]  2025/08/04:02:55:22 (edrVerdi) origTclCmd : wvCreateWindow
[EDR Info]  2025/08/04:02:55:22 (edrVerdi) replaceTclCmd : wvCreateWindow
[EDR Info]  2025/08/04:02:55:22 (electronicDebugRecordDlg) EDR Init End
[EDR Info]  2025/08/04:02:55:22 (electronicDebugRecordDlg) Status code of request /api/get/edr_config : 
[EDR Error]  2025/08/04:02:55:22 (electronicDebugRecordDlg) Error Message of request /api/get/edr_config: Host verdi03.vdc.azure.synopsys.com not found
[EDR Info]  2025/08/04:02:56:36 (edrCommand) EDR auto_save is skipped.
[EDR Info]  2025/08/04:06:48:04 (edrCommand) -elab
[EDR Info]  2025/08/04:06:48:04 (edrCommand) ./simv.daidir/kdb
[EDR Info]  2025/08/04:06:48:05 (electronicDebugRecordDlg) EDR Init Start
[EDR Info]  2025/08/04:06:48:05 (edrVerdi) origTclCmd : debImport "-elab" "./simv.daidir/kdb"
[EDR Info]  2025/08/04:06:48:05 (edrVerdi) attCount of debImport: 3
[EDR Info]  2025/08/04:06:48:05 (edrVerdi) replaceTclCmd : debImport "-elab" "./simv.daidir/kdb"
[EDR Info]  2025/08/04:06:48:05 (edrVerdi) origTclCmd : debLoadSimResult \
/home/timtim01/eda_test/project/gen_amba_2025/9x9_vip/axi4_vip_env_rtl_integration/sim/waves/axi4_stress_test_1.fsdb
[EDR Info]  2025/08/04:06:48:05 (edrVerdi) replaceTclCmd : debLoadSimResult  "$::env(EDR_REPLAY_DB)/axi4_stress_test_1.fsdb"
[EDR Info]  2025/08/04:06:48:05 (edrVerdi) origTclCmd : wvCreateWindow
[EDR Info]  2025/08/04:06:48:05 (edrVerdi) replaceTclCmd : wvCreateWindow
[EDR Info]  2025/08/04:06:48:05 (electronicDebugRecordDlg) EDR Init End
[EDR Info]  2025/08/04:06:48:06 (electronicDebugRecordDlg) Status code of request /api/get/edr_config : 
[EDR Error]  2025/08/04:06:48:06 (electronicDebugRecordDlg) Error Message of request /api/get/edr_config: Host verdi03.vdc.azure.synopsys.com not found
[EDR Info]  2025/08/04:06:55:25 (edrCommand) EDR auto_save is skipped.
[EDR Info]  2025/08/04:07:00:27 (edrCommand) -elab
[EDR Info]  2025/08/04:07:00:27 (edrCommand) ./simv.daidir/kdb
[EDR Info]  2025/08/04:07:00:28 (electronicDebugRecordDlg) EDR Init Start
[EDR Info]  2025/08/04:07:00:28 (edrVerdi) origTclCmd : debImport "-elab" "./simv.daidir/kdb"
[EDR Info]  2025/08/04:07:00:28 (edrVerdi) attCount of debImport: 3
[EDR Info]  2025/08/04:07:00:28 (edrVerdi) replaceTclCmd : debImport "-elab" "./simv.daidir/kdb"
[EDR Info]  2025/08/04:07:00:28 (edrVerdi) origTclCmd : debLoadSimResult \
/home/timtim01/eda_test/project/gen_amba_2025/9x9_vip/axi4_vip_env_rtl_integration/sim/waves/axi4_stress_test_1.fsdb
[EDR Info]  2025/08/04:07:00:28 (edrVerdi) replaceTclCmd : debLoadSimResult  "$::env(EDR_REPLAY_DB)/axi4_stress_test_1.fsdb"
[EDR Info]  2025/08/04:07:00:28 (edrVerdi) origTclCmd : wvCreateWindow
[EDR Info]  2025/08/04:07:00:28 (edrVerdi) replaceTclCmd : wvCreateWindow
[EDR Info]  2025/08/04:07:00:28 (electronicDebugRecordDlg) EDR Init End
[EDR Info]  2025/08/04:07:00:29 (electronicDebugRecordDlg) Status code of request /api/get/edr_config : 
[EDR Error]  2025/08/04:07:00:29 (electronicDebugRecordDlg) Error Message of request /api/get/edr_config: Host verdi03.vdc.azure.synopsys.com not found
[EDR Info]  2025/08/04:07:01:00 (edrCommand) EDR auto_save is skipped.
[EDR Info]  2025/08/04:07:01:18 (edrCommand) -elab
[EDR Info]  2025/08/04:07:01:18 (edrCommand) ./simv.daidir/kdb
[EDR Info]  2025/08/04:07:01:19 (electronicDebugRecordDlg) EDR Init Start
[EDR Info]  2025/08/04:07:01:19 (edrVerdi) origTclCmd : debImport "-elab" "./simv.daidir/kdb"
[EDR Info]  2025/08/04:07:01:19 (edrVerdi) attCount of debImport: 3
[EDR Info]  2025/08/04:07:01:19 (edrVerdi) replaceTclCmd : debImport "-elab" "./simv.daidir/kdb"
[EDR Info]  2025/08/04:07:01:19 (edrVerdi) origTclCmd : debLoadSimResult \
/home/timtim01/eda_test/project/gen_amba_2025/9x9_vip/axi4_vip_env_rtl_integration/sim/waves/axi4_stress_test_1.fsdb
[EDR Info]  2025/08/04:07:01:19 (edrVerdi) replaceTclCmd : debLoadSimResult  "$::env(EDR_REPLAY_DB)/axi4_stress_test_1.fsdb"
[EDR Info]  2025/08/04:07:01:19 (edrVerdi) origTclCmd : wvCreateWindow
[EDR Info]  2025/08/04:07:01:19 (edrVerdi) replaceTclCmd : wvCreateWindow
[EDR Info]  2025/08/04:07:01:19 (electronicDebugRecordDlg) EDR Init End
[EDR Info]  2025/08/04:07:01:20 (electronicDebugRecordDlg) Status code of request /api/get/edr_config : 
[EDR Error]  2025/08/04:07:01:20 (electronicDebugRecordDlg) Error Message of request /api/get/edr_config: Host verdi03.vdc.azure.synopsys.com not found
[EDR Info]  2025/08/04:07:11:10 (edrCommand) EDR auto_save is skipped.
[EDR Info]  2025/08/04:07:12:03 (edrCommand) -elab
[EDR Info]  2025/08/04:07:12:03 (edrCommand) ./simv.daidir/kdb
[EDR Info]  2025/08/04:07:12:05 (electronicDebugRecordDlg) EDR Init Start
[EDR Info]  2025/08/04:07:12:05 (edrVerdi) origTclCmd : debImport "-elab" "./simv.daidir/kdb"
[EDR Info]  2025/08/04:07:12:05 (edrVerdi) attCount of debImport: 3
[EDR Info]  2025/08/04:07:12:05 (edrVerdi) replaceTclCmd : debImport "-elab" "./simv.daidir/kdb"
[EDR Info]  2025/08/04:07:12:05 (edrVerdi) origTclCmd : debLoadSimResult \
/home/timtim01/eda_test/project/gen_amba_2025/9x9_vip/axi4_vip_env_rtl_integration/sim/waves/axi4_stress_test_1.fsdb
[EDR Info]  2025/08/04:07:12:05 (edrVerdi) replaceTclCmd : debLoadSimResult  "$::env(EDR_REPLAY_DB)/axi4_stress_test_1.fsdb"
[EDR Info]  2025/08/04:07:12:05 (edrVerdi) origTclCmd : wvCreateWindow
[EDR Info]  2025/08/04:07:12:05 (edrVerdi) replaceTclCmd : wvCreateWindow
[EDR Info]  2025/08/04:07:12:05 (electronicDebugRecordDlg) EDR Init End
[EDR Info]  2025/08/04:07:12:05 (electronicDebugRecordDlg) Status code of request /api/get/edr_config : 
[EDR Error]  2025/08/04:07:12:05 (electronicDebugRecordDlg) Error Message of request /api/get/edr_config: Host verdi03.vdc.azure.synopsys.com not found
[EDR Info]  2025/08/04:07:12:55 (edrCommand) EDR auto_save is skipped.
[EDR Info]  2025/08/04:07:18:27 (edrCommand) -elab
[EDR Info]  2025/08/04:07:18:27 (edrCommand) ./simv.daidir/kdb
[EDR Info]  2025/08/04:07:18:29 (electronicDebugRecordDlg) EDR Init Start
[EDR Info]  2025/08/04:07:18:29 (edrVerdi) origTclCmd : debImport "-elab" "./simv.daidir/kdb"
[EDR Info]  2025/08/04:07:18:29 (edrVerdi) attCount of debImport: 3
[EDR Info]  2025/08/04:07:18:29 (edrVerdi) replaceTclCmd : debImport "-elab" "./simv.daidir/kdb"
[EDR Info]  2025/08/04:07:18:29 (edrVerdi) origTclCmd : debLoadSimResult \
/home/timtim01/eda_test/project/gen_amba_2025/9x9_vip/axi4_vip_env_rtl_integration/sim/waves/axi4_stress_test_1.fsdb
[EDR Info]  2025/08/04:07:18:29 (edrVerdi) replaceTclCmd : debLoadSimResult  "$::env(EDR_REPLAY_DB)/axi4_stress_test_1.fsdb"
[EDR Info]  2025/08/04:07:18:29 (edrVerdi) origTclCmd : wvCreateWindow
[EDR Info]  2025/08/04:07:18:29 (edrVerdi) replaceTclCmd : wvCreateWindow
[EDR Info]  2025/08/04:07:18:29 (electronicDebugRecordDlg) EDR Init End
[EDR Info]  2025/08/04:07:18:29 (electronicDebugRecordDlg) Status code of request /api/get/edr_config : 
[EDR Error]  2025/08/04:07:18:29 (electronicDebugRecordDlg) Error Message of request /api/get/edr_config: Host verdi03.vdc.azure.synopsys.com not found
[EDR Info]  2025/08/04:07:28:20 (edrCommand) EDR auto_save is skipped.
[EDR Info]  2025/08/04:07:28:53 (edrCommand) -elab
[EDR Info]  2025/08/04:07:28:53 (edrCommand) ./simv.daidir/kdb
[EDR Info]  2025/08/04:07:28:55 (electronicDebugRecordDlg) EDR Init Start
[EDR Info]  2025/08/04:07:28:55 (edrVerdi) origTclCmd : debImport "-elab" "./simv.daidir/kdb"
[EDR Info]  2025/08/04:07:28:55 (edrVerdi) attCount of debImport: 3
[EDR Info]  2025/08/04:07:28:55 (edrVerdi) replaceTclCmd : debImport "-elab" "./simv.daidir/kdb"
[EDR Info]  2025/08/04:07:28:55 (edrVerdi) origTclCmd : debLoadSimResult \
/home/timtim01/eda_test/project/gen_amba_2025/9x9_vip/axi4_vip_env_rtl_integration/sim/waves/axi4_stress_test_1.fsdb
[EDR Info]  2025/08/04:07:28:55 (edrVerdi) replaceTclCmd : debLoadSimResult  "$::env(EDR_REPLAY_DB)/axi4_stress_test_1.fsdb"
[EDR Info]  2025/08/04:07:28:55 (edrVerdi) origTclCmd : wvCreateWindow
[EDR Info]  2025/08/04:07:28:55 (edrVerdi) replaceTclCmd : wvCreateWindow
[EDR Info]  2025/08/04:07:28:55 (electronicDebugRecordDlg) EDR Init End
[EDR Info]  2025/08/04:07:28:55 (electronicDebugRecordDlg) Status code of request /api/get/edr_config : 
[EDR Error]  2025/08/04:07:28:55 (electronicDebugRecordDlg) Error Message of request /api/get/edr_config: Host verdi03.vdc.azure.synopsys.com not found
