VIP_ROOT=.. vcs -full64 -sverilog -ntb_opts uvm-1.2 -timescale=1ns/1ps -debug_access+all +vcs+lic+wait -lca -kdb +lint=PCWM +define+UVM_NO_DEPRECATED +define+UVM_OBJECT_MUST_HAVE_CONSTRUCTOR -f ../sim/axi4_compile.f -l ./logs/compile.log
                         Chronologic VCS (TM)
       Version W-2024.09-SP1_Full64 -- Mon Aug  4 10:13:12 2025

                    Copyright (c) 1991 - 2024 Synopsys, Inc.
   This software and the associated documentation are proprietary to Synopsys,
 Inc. This software may only be used in accordance with the terms and conditions
 of a written license agreement with Synopsys, Inc. All other use, reproduction,
   or distribution of this software is strictly prohibited.  Licensed Products
     communicate with Synopsys servers for the purpose of providing software
    updates, detecting software piracy and verifying that customers are using
    Licensed Products in conformity with the applicable License Key for such
  Licensed Products. Synopsys will use information gathered in connection with
    this process to deliver software updates and pursue software pirates and
                                   infringers.

 Inclusivity & Diversity - Visit SolvNetPlus to read the "Synopsys Statement on
            Inclusivity and Diversity" (Refer to article 000036315 at
                        https://solvnetplus.synopsys.com)


Warning-[LCA_FEATURES_ENABLED] Usage warning
  LCA features enabled by '-lca' argument on the command line.  For more 
  information regarding list of LCA features please refer to Chapter "LCA 
  features" in the VCS Release Notes

Parsing design file '/home/eda_tools/synopsys/vcs/W-2024.09-SP1//etc/uvm-1.2/uvm_pkg.sv'
Parsing included file '/home/eda_tools/synopsys/vcs/W-2024.09-SP1//etc/uvm-1.2/uvm_macros.svh'.
Parsing included file '/home/eda_tools/synopsys/vcs/W-2024.09-SP1//etc/uvm-1.2/macros/uvm_version_defines.svh'.
Back to file '/home/eda_tools/synopsys/vcs/W-2024.09-SP1//etc/uvm-1.2/uvm_macros.svh'.
Parsing included file '/home/eda_tools/synopsys/vcs/W-2024.09-SP1//etc/uvm-1.2/macros/uvm_global_defines.svh'.
Back to file '/home/eda_tools/synopsys/vcs/W-2024.09-SP1//etc/uvm-1.2/uvm_macros.svh'.
Parsing included file '/home/eda_tools/synopsys/vcs/W-2024.09-SP1//etc/uvm-1.2/macros/snps_macros.svp'.
Back to file '/home/eda_tools/synopsys/vcs/W-2024.09-SP1//etc/uvm-1.2/uvm_macros.svh'.
Parsing included file '/home/eda_tools/synopsys/vcs/W-2024.09-SP1//etc/uvm-1.2/macros/uvm_message_defines.svh'.
Back to file '/home/eda_tools/synopsys/vcs/W-2024.09-SP1//etc/uvm-1.2/uvm_macros.svh'.
Parsing included file '/home/eda_tools/synopsys/vcs/W-2024.09-SP1//etc/uvm-1.2/macros/uvm_phase_defines.svh'.
Back to file '/home/eda_tools/synopsys/vcs/W-2024.09-SP1//etc/uvm-1.2/uvm_macros.svh'.
Parsing included file '/home/eda_tools/synopsys/vcs/W-2024.09-SP1//etc/uvm-1.2/macros/uvm_object_defines.svh'.
Back to file '/home/eda_tools/synopsys/vcs/W-2024.09-SP1//etc/uvm-1.2/uvm_macros.svh'.
Parsing included file '/home/eda_tools/synopsys/vcs/W-2024.09-SP1//etc/uvm-1.2/macros/uvm_printer_defines.svh'.
Back to file '/home/eda_tools/synopsys/vcs/W-2024.09-SP1//etc/uvm-1.2/uvm_macros.svh'.
Parsing included file '/home/eda_tools/synopsys/vcs/W-2024.09-SP1//etc/uvm-1.2/macros/uvm_tlm_defines.svh'.
Parsing included file '/home/eda_tools/synopsys/vcs/W-2024.09-SP1//etc/uvm-1.2/tlm1/uvm_tlm_imps.svh'.
Back to file '/home/eda_tools/synopsys/vcs/W-2024.09-SP1//etc/uvm-1.2/macros/uvm_tlm_defines.svh'.
Back to file '/home/eda_tools/synopsys/vcs/W-2024.09-SP1//etc/uvm-1.2/uvm_macros.svh'.
Parsing included file '/home/eda_tools/synopsys/vcs/W-2024.09-SP1//etc/uvm-1.2/macros/uvm_sequence_defines.svh'.
Back to file '/home/eda_tools/synopsys/vcs/W-2024.09-SP1//etc/uvm-1.2/uvm_macros.svh'.
Parsing included file '/home/eda_tools/synopsys/vcs/W-2024.09-SP1//etc/uvm-1.2/macros/uvm_callback_defines.svh'.
Back to file '/home/eda_tools/synopsys/vcs/W-2024.09-SP1//etc/uvm-1.2/uvm_macros.svh'.
Parsing included file '/home/eda_tools/synopsys/vcs/W-2024.09-SP1//etc/uvm-1.2/macros/uvm_reg_defines.svh'.
Back to file '/home/eda_tools/synopsys/vcs/W-2024.09-SP1//etc/uvm-1.2/uvm_macros.svh'.
Parsing included file '/home/eda_tools/synopsys/vcs/W-2024.09-SP1//etc/uvm-1.2/macros/uvm_deprecated_defines.svh'.
Back to file '/home/eda_tools/synopsys/vcs/W-2024.09-SP1//etc/uvm-1.2/uvm_macros.svh'.
Back to file '/home/eda_tools/synopsys/vcs/W-2024.09-SP1//etc/uvm-1.2/uvm_pkg.sv'.
Parsing included file '/home/eda_tools/synopsys/vcs/W-2024.09-SP1//etc/uvm-1.2/dpi/uvm_dpi.svh'.
Parsing included file '/home/eda_tools/synopsys/vcs/W-2024.09-SP1//etc/uvm-1.2/dpi/uvm_hdl.svh'.
Back to file '/home/eda_tools/synopsys/vcs/W-2024.09-SP1//etc/uvm-1.2/dpi/uvm_dpi.svh'.
Parsing included file '/home/eda_tools/synopsys/vcs/W-2024.09-SP1//etc/uvm-1.2/dpi/uvm_svcmd_dpi.svh'.
Back to file '/home/eda_tools/synopsys/vcs/W-2024.09-SP1//etc/uvm-1.2/dpi/uvm_dpi.svh'.
Parsing included file '/home/eda_tools/synopsys/vcs/W-2024.09-SP1//etc/uvm-1.2/dpi/uvm_regex.svh'.
Back to file '/home/eda_tools/synopsys/vcs/W-2024.09-SP1//etc/uvm-1.2/dpi/uvm_dpi.svh'.
Back to file '/home/eda_tools/synopsys/vcs/W-2024.09-SP1//etc/uvm-1.2/uvm_pkg.sv'.
Parsing included file '/home/eda_tools/synopsys/vcs/W-2024.09-SP1//etc/uvm-1.2/base/uvm_base.svh'.
Parsing included file '/home/eda_tools/synopsys/vcs/W-2024.09-SP1//etc/uvm-1.2/base/uvm_coreservice.svh'.
Back to file '/home/eda_tools/synopsys/vcs/W-2024.09-SP1//etc/uvm-1.2/base/uvm_base.svh'.
Parsing included file '/home/eda_tools/synopsys/vcs/W-2024.09-SP1//etc/uvm-1.2/base/uvm_version.svh'.
Back to file '/home/eda_tools/synopsys/vcs/W-2024.09-SP1//etc/uvm-1.2/base/uvm_base.svh'.
Parsing included file '/home/eda_tools/synopsys/vcs/W-2024.09-SP1//etc/uvm-1.2/base/uvm_object_globals.svh'.
Back to file '/home/eda_tools/synopsys/vcs/W-2024.09-SP1//etc/uvm-1.2/base/uvm_base.svh'.
Parsing included file '/home/eda_tools/synopsys/vcs/W-2024.09-SP1//etc/uvm-1.2/base/uvm_misc.svh'.
Back to file '/home/eda_tools/synopsys/vcs/W-2024.09-SP1//etc/uvm-1.2/base/uvm_base.svh'.
Parsing included file '/home/eda_tools/synopsys/vcs/W-2024.09-SP1//etc/uvm-1.2/base/uvm_object.svh'.
Back to file '/home/eda_tools/synopsys/vcs/W-2024.09-SP1//etc/uvm-1.2/base/uvm_base.svh'.
Parsing included file '/home/eda_tools/synopsys/vcs/W-2024.09-SP1//etc/uvm-1.2/base/uvm_pool.svh'.
Back to file '/home/eda_tools/synopsys/vcs/W-2024.09-SP1//etc/uvm-1.2/base/uvm_base.svh'.
Parsing included file '/home/eda_tools/synopsys/vcs/W-2024.09-SP1//etc/uvm-1.2/base/uvm_queue.svh'.
Back to file '/home/eda_tools/synopsys/vcs/W-2024.09-SP1//etc/uvm-1.2/base/uvm_base.svh'.
Parsing included file '/home/eda_tools/synopsys/vcs/W-2024.09-SP1//etc/uvm-1.2/base/uvm_factory.svh'.
Back to file '/home/eda_tools/synopsys/vcs/W-2024.09-SP1//etc/uvm-1.2/base/uvm_base.svh'.
Parsing included file '/home/eda_tools/synopsys/vcs/W-2024.09-SP1//etc/uvm-1.2/base/uvm_registry.svh'.
Back to file '/home/eda_tools/synopsys/vcs/W-2024.09-SP1//etc/uvm-1.2/base/uvm_base.svh'.
Parsing included file '/home/eda_tools/synopsys/vcs/W-2024.09-SP1//etc/uvm-1.2/base/uvm_spell_chkr.svh'.
Back to file '/home/eda_tools/synopsys/vcs/W-2024.09-SP1//etc/uvm-1.2/base/uvm_base.svh'.
Parsing included file '/home/eda_tools/synopsys/vcs/W-2024.09-SP1//etc/uvm-1.2/base/uvm_resource.svh'.
Back to file '/home/eda_tools/synopsys/vcs/W-2024.09-SP1//etc/uvm-1.2/base/uvm_base.svh'.
Parsing included file '/home/eda_tools/synopsys/vcs/W-2024.09-SP1//etc/uvm-1.2/base/uvm_resource_specializations.svh'.
Back to file '/home/eda_tools/synopsys/vcs/W-2024.09-SP1//etc/uvm-1.2/base/uvm_base.svh'.
Parsing included file '/home/eda_tools/synopsys/vcs/W-2024.09-SP1//etc/uvm-1.2/base/uvm_resource_db.svh'.
Back to file '/home/eda_tools/synopsys/vcs/W-2024.09-SP1//etc/uvm-1.2/base/uvm_base.svh'.
Parsing included file '/home/eda_tools/synopsys/vcs/W-2024.09-SP1//etc/uvm-1.2/base/uvm_config_db.svh'.
Back to file '/home/eda_tools/synopsys/vcs/W-2024.09-SP1//etc/uvm-1.2/base/uvm_base.svh'.
Parsing included file '/home/eda_tools/synopsys/vcs/W-2024.09-SP1//etc/uvm-1.2/base/uvm_printer.svh'.
Back to file '/home/eda_tools/synopsys/vcs/W-2024.09-SP1//etc/uvm-1.2/base/uvm_base.svh'.
Parsing included file '/home/eda_tools/synopsys/vcs/W-2024.09-SP1//etc/uvm-1.2/base/uvm_comparer.svh'.
Back to file '/home/eda_tools/synopsys/vcs/W-2024.09-SP1//etc/uvm-1.2/base/uvm_base.svh'.
Parsing included file '/home/eda_tools/synopsys/vcs/W-2024.09-SP1//etc/uvm-1.2/base/uvm_packer.svh'.
Back to file '/home/eda_tools/synopsys/vcs/W-2024.09-SP1//etc/uvm-1.2/base/uvm_base.svh'.
Parsing included file '/home/eda_tools/synopsys/vcs/W-2024.09-SP1//etc/uvm-1.2/base/uvm_links.svh'.
Back to file '/home/eda_tools/synopsys/vcs/W-2024.09-SP1//etc/uvm-1.2/base/uvm_base.svh'.
Parsing included file '/home/eda_tools/synopsys/vcs/W-2024.09-SP1//etc/uvm-1.2/base/uvm_tr_database.svh'.
Back to file '/home/eda_tools/synopsys/vcs/W-2024.09-SP1//etc/uvm-1.2/base/uvm_base.svh'.
Parsing included file '/home/eda_tools/synopsys/vcs/W-2024.09-SP1//etc/uvm-1.2/base/uvm_tr_stream.svh'.
Back to file '/home/eda_tools/synopsys/vcs/W-2024.09-SP1//etc/uvm-1.2/base/uvm_base.svh'.
Parsing included file '/home/eda_tools/synopsys/vcs/W-2024.09-SP1//etc/uvm-1.2/base/uvm_recorder.svh'.
Back to file '/home/eda_tools/synopsys/vcs/W-2024.09-SP1//etc/uvm-1.2/base/uvm_base.svh'.
Parsing included file '/home/eda_tools/synopsys/vcs/W-2024.09-SP1//etc/uvm-1.2/base/uvm_event_callback.svh'.
Back to file '/home/eda_tools/synopsys/vcs/W-2024.09-SP1//etc/uvm-1.2/base/uvm_base.svh'.
Parsing included file '/home/eda_tools/synopsys/vcs/W-2024.09-SP1//etc/uvm-1.2/base/uvm_event.svh'.
Back to file '/home/eda_tools/synopsys/vcs/W-2024.09-SP1//etc/uvm-1.2/base/uvm_base.svh'.
Parsing included file '/home/eda_tools/synopsys/vcs/W-2024.09-SP1//etc/uvm-1.2/base/uvm_barrier.svh'.
Back to file '/home/eda_tools/synopsys/vcs/W-2024.09-SP1//etc/uvm-1.2/base/uvm_base.svh'.
Parsing included file '/home/eda_tools/synopsys/vcs/W-2024.09-SP1//etc/uvm-1.2/base/uvm_callback.svh'.
Parsing included file '/home/eda_tools/synopsys/vcs/W-2024.09-SP1//etc/uvm-1.2/uvm_macros.svh'.
Back to file '/home/eda_tools/synopsys/vcs/W-2024.09-SP1//etc/uvm-1.2/base/uvm_callback.svh'.
Back to file '/home/eda_tools/synopsys/vcs/W-2024.09-SP1//etc/uvm-1.2/base/uvm_base.svh'.
Parsing included file '/home/eda_tools/synopsys/vcs/W-2024.09-SP1//etc/uvm-1.2/base/uvm_report_message.svh'.
Back to file '/home/eda_tools/synopsys/vcs/W-2024.09-SP1//etc/uvm-1.2/base/uvm_base.svh'.
Parsing included file '/home/eda_tools/synopsys/vcs/W-2024.09-SP1//etc/uvm-1.2/base/uvm_report_catcher.svh'.
Back to file '/home/eda_tools/synopsys/vcs/W-2024.09-SP1//etc/uvm-1.2/base/uvm_base.svh'.
Parsing included file '/home/eda_tools/synopsys/vcs/W-2024.09-SP1//etc/uvm-1.2/base/uvm_report_server.svh'.
Back to file '/home/eda_tools/synopsys/vcs/W-2024.09-SP1//etc/uvm-1.2/base/uvm_base.svh'.
Parsing included file '/home/eda_tools/synopsys/vcs/W-2024.09-SP1//etc/uvm-1.2/base/uvm_report_handler.svh'.
Back to file '/home/eda_tools/synopsys/vcs/W-2024.09-SP1//etc/uvm-1.2/base/uvm_base.svh'.
Parsing included file '/home/eda_tools/synopsys/vcs/W-2024.09-SP1//etc/uvm-1.2/base/uvm_report_object.svh'.
Back to file '/home/eda_tools/synopsys/vcs/W-2024.09-SP1//etc/uvm-1.2/base/uvm_base.svh'.
Parsing included file '/home/eda_tools/synopsys/vcs/W-2024.09-SP1//etc/uvm-1.2/base/uvm_transaction.svh'.
Back to file '/home/eda_tools/synopsys/vcs/W-2024.09-SP1//etc/uvm-1.2/base/uvm_base.svh'.
Parsing included file '/home/eda_tools/synopsys/vcs/W-2024.09-SP1//etc/uvm-1.2/base/uvm_phase.svh'.
Back to file '/home/eda_tools/synopsys/vcs/W-2024.09-SP1//etc/uvm-1.2/base/uvm_base.svh'.
Parsing included file '/home/eda_tools/synopsys/vcs/W-2024.09-SP1//etc/uvm-1.2/base/uvm_domain.svh'.
Back to file '/home/eda_tools/synopsys/vcs/W-2024.09-SP1//etc/uvm-1.2/base/uvm_base.svh'.
Parsing included file '/home/eda_tools/synopsys/vcs/W-2024.09-SP1//etc/uvm-1.2/base/uvm_bottomup_phase.svh'.
Back to file '/home/eda_tools/synopsys/vcs/W-2024.09-SP1//etc/uvm-1.2/base/uvm_base.svh'.
Parsing included file '/home/eda_tools/synopsys/vcs/W-2024.09-SP1//etc/uvm-1.2/base/uvm_topdown_phase.svh'.
Back to file '/home/eda_tools/synopsys/vcs/W-2024.09-SP1//etc/uvm-1.2/base/uvm_base.svh'.
Parsing included file '/home/eda_tools/synopsys/vcs/W-2024.09-SP1//etc/uvm-1.2/base/uvm_task_phase.svh'.
Back to file '/home/eda_tools/synopsys/vcs/W-2024.09-SP1//etc/uvm-1.2/base/uvm_base.svh'.
Parsing included file '/home/eda_tools/synopsys/vcs/W-2024.09-SP1//etc/uvm-1.2/base/uvm_common_phases.svh'.
Back to file '/home/eda_tools/synopsys/vcs/W-2024.09-SP1//etc/uvm-1.2/base/uvm_base.svh'.
Parsing included file '/home/eda_tools/synopsys/vcs/W-2024.09-SP1//etc/uvm-1.2/base/uvm_runtime_phases.svh'.
Back to file '/home/eda_tools/synopsys/vcs/W-2024.09-SP1//etc/uvm-1.2/base/uvm_base.svh'.
Parsing included file '/home/eda_tools/synopsys/vcs/W-2024.09-SP1//etc/uvm-1.2/base/uvm_component.svh'.
Parsing included file '/home/eda_tools/synopsys/vcs/W-2024.09-SP1//etc/uvm-1.2/base/uvm_root.svh'.
Back to file '/home/eda_tools/synopsys/vcs/W-2024.09-SP1//etc/uvm-1.2/base/uvm_component.svh'.
Back to file '/home/eda_tools/synopsys/vcs/W-2024.09-SP1//etc/uvm-1.2/base/uvm_base.svh'.
Parsing included file '/home/eda_tools/synopsys/vcs/W-2024.09-SP1//etc/uvm-1.2/base/uvm_objection.svh'.
Back to file '/home/eda_tools/synopsys/vcs/W-2024.09-SP1//etc/uvm-1.2/base/uvm_base.svh'.
Parsing included file '/home/eda_tools/synopsys/vcs/W-2024.09-SP1//etc/uvm-1.2/base/uvm_heartbeat.svh'.
Back to file '/home/eda_tools/synopsys/vcs/W-2024.09-SP1//etc/uvm-1.2/base/uvm_base.svh'.
Parsing included file '/home/eda_tools/synopsys/vcs/W-2024.09-SP1//etc/uvm-1.2/base/uvm_globals.svh'.
Back to file '/home/eda_tools/synopsys/vcs/W-2024.09-SP1//etc/uvm-1.2/base/uvm_base.svh'.
Parsing included file '/home/eda_tools/synopsys/vcs/W-2024.09-SP1//etc/uvm-1.2/base/uvm_cmdline_processor.svh'.
Back to file '/home/eda_tools/synopsys/vcs/W-2024.09-SP1//etc/uvm-1.2/base/uvm_base.svh'.
Parsing included file '/home/eda_tools/synopsys/vcs/W-2024.09-SP1//etc/uvm-1.2/base/uvm_traversal.svh'.
Back to file '/home/eda_tools/synopsys/vcs/W-2024.09-SP1//etc/uvm-1.2/base/uvm_base.svh'.
Back to file '/home/eda_tools/synopsys/vcs/W-2024.09-SP1//etc/uvm-1.2/uvm_pkg.sv'.
Parsing included file '/home/eda_tools/synopsys/vcs/W-2024.09-SP1//etc/uvm-1.2/dap/uvm_dap.svh'.
Parsing included file '/home/eda_tools/synopsys/vcs/W-2024.09-SP1//etc/uvm-1.2/dap/uvm_set_get_dap_base.svh'.
Back to file '/home/eda_tools/synopsys/vcs/W-2024.09-SP1//etc/uvm-1.2/dap/uvm_dap.svh'.
Parsing included file '/home/eda_tools/synopsys/vcs/W-2024.09-SP1//etc/uvm-1.2/dap/uvm_simple_lock_dap.svh'.
Back to file '/home/eda_tools/synopsys/vcs/W-2024.09-SP1//etc/uvm-1.2/dap/uvm_dap.svh'.
Parsing included file '/home/eda_tools/synopsys/vcs/W-2024.09-SP1//etc/uvm-1.2/dap/uvm_get_to_lock_dap.svh'.
Back to file '/home/eda_tools/synopsys/vcs/W-2024.09-SP1//etc/uvm-1.2/dap/uvm_dap.svh'.
Parsing included file '/home/eda_tools/synopsys/vcs/W-2024.09-SP1//etc/uvm-1.2/dap/uvm_set_before_get_dap.svh'.
Back to file '/home/eda_tools/synopsys/vcs/W-2024.09-SP1//etc/uvm-1.2/dap/uvm_dap.svh'.
Back to file '/home/eda_tools/synopsys/vcs/W-2024.09-SP1//etc/uvm-1.2/uvm_pkg.sv'.
Parsing included file '/home/eda_tools/synopsys/vcs/W-2024.09-SP1//etc/uvm-1.2/tlm1/uvm_tlm.svh'.
Parsing included file '/home/eda_tools/synopsys/vcs/W-2024.09-SP1//etc/uvm-1.2/tlm1/uvm_tlm_ifs.svh'.
Back to file '/home/eda_tools/synopsys/vcs/W-2024.09-SP1//etc/uvm-1.2/tlm1/uvm_tlm.svh'.
Parsing included file '/home/eda_tools/synopsys/vcs/W-2024.09-SP1//etc/uvm-1.2/tlm1/uvm_sqr_ifs.svh'.
Back to file '/home/eda_tools/synopsys/vcs/W-2024.09-SP1//etc/uvm-1.2/tlm1/uvm_tlm.svh'.
Parsing included file '/home/eda_tools/synopsys/vcs/W-2024.09-SP1//etc/uvm-1.2/base/uvm_port_base.svh'.
Back to file '/home/eda_tools/synopsys/vcs/W-2024.09-SP1//etc/uvm-1.2/tlm1/uvm_tlm.svh'.
Parsing included file '/home/eda_tools/synopsys/vcs/W-2024.09-SP1//etc/uvm-1.2/tlm1/uvm_tlm_imps.svh'.
Back to file '/home/eda_tools/synopsys/vcs/W-2024.09-SP1//etc/uvm-1.2/tlm1/uvm_tlm.svh'.
Parsing included file '/home/eda_tools/synopsys/vcs/W-2024.09-SP1//etc/uvm-1.2/tlm1/uvm_imps.svh'.
Back to file '/home/eda_tools/synopsys/vcs/W-2024.09-SP1//etc/uvm-1.2/tlm1/uvm_tlm.svh'.
Parsing included file '/home/eda_tools/synopsys/vcs/W-2024.09-SP1//etc/uvm-1.2/tlm1/uvm_ports.svh'.
Back to file '/home/eda_tools/synopsys/vcs/W-2024.09-SP1//etc/uvm-1.2/tlm1/uvm_tlm.svh'.
Parsing included file '/home/eda_tools/synopsys/vcs/W-2024.09-SP1//etc/uvm-1.2/tlm1/uvm_exports.svh'.
Back to file '/home/eda_tools/synopsys/vcs/W-2024.09-SP1//etc/uvm-1.2/tlm1/uvm_tlm.svh'.
Parsing included file '/home/eda_tools/synopsys/vcs/W-2024.09-SP1//etc/uvm-1.2/tlm1/uvm_analysis_port.svh'.
Back to file '/home/eda_tools/synopsys/vcs/W-2024.09-SP1//etc/uvm-1.2/tlm1/uvm_tlm.svh'.
Parsing included file '/home/eda_tools/synopsys/vcs/W-2024.09-SP1//etc/uvm-1.2/tlm1/uvm_tlm_fifo_base.svh'.
Back to file '/home/eda_tools/synopsys/vcs/W-2024.09-SP1//etc/uvm-1.2/tlm1/uvm_tlm.svh'.
Parsing included file '/home/eda_tools/synopsys/vcs/W-2024.09-SP1//etc/uvm-1.2/tlm1/uvm_tlm_fifos.svh'.
Back to file '/home/eda_tools/synopsys/vcs/W-2024.09-SP1//etc/uvm-1.2/tlm1/uvm_tlm.svh'.
Parsing included file '/home/eda_tools/synopsys/vcs/W-2024.09-SP1//etc/uvm-1.2/tlm1/uvm_tlm_req_rsp.svh'.
Back to file '/home/eda_tools/synopsys/vcs/W-2024.09-SP1//etc/uvm-1.2/tlm1/uvm_tlm.svh'.
Parsing included file '/home/eda_tools/synopsys/vcs/W-2024.09-SP1//etc/uvm-1.2/tlm1/uvm_sqr_connections.svh'.
Back to file '/home/eda_tools/synopsys/vcs/W-2024.09-SP1//etc/uvm-1.2/tlm1/uvm_tlm.svh'.
Back to file '/home/eda_tools/synopsys/vcs/W-2024.09-SP1//etc/uvm-1.2/uvm_pkg.sv'.
Parsing included file '/home/eda_tools/synopsys/vcs/W-2024.09-SP1//etc/uvm-1.2/comps/uvm_comps.svh'.
Parsing included file '/home/eda_tools/synopsys/vcs/W-2024.09-SP1//etc/uvm-1.2/comps/uvm_pair.svh'.
Back to file '/home/eda_tools/synopsys/vcs/W-2024.09-SP1//etc/uvm-1.2/comps/uvm_comps.svh'.
Parsing included file '/home/eda_tools/synopsys/vcs/W-2024.09-SP1//etc/uvm-1.2/comps/uvm_policies.svh'.
Back to file '/home/eda_tools/synopsys/vcs/W-2024.09-SP1//etc/uvm-1.2/comps/uvm_comps.svh'.
Parsing included file '/home/eda_tools/synopsys/vcs/W-2024.09-SP1//etc/uvm-1.2/comps/uvm_in_order_comparator.svh'.
Back to file '/home/eda_tools/synopsys/vcs/W-2024.09-SP1//etc/uvm-1.2/comps/uvm_comps.svh'.
Parsing included file '/home/eda_tools/synopsys/vcs/W-2024.09-SP1//etc/uvm-1.2/comps/uvm_algorithmic_comparator.svh'.
Back to file '/home/eda_tools/synopsys/vcs/W-2024.09-SP1//etc/uvm-1.2/comps/uvm_comps.svh'.
Parsing included file '/home/eda_tools/synopsys/vcs/W-2024.09-SP1//etc/uvm-1.2/comps/uvm_random_stimulus.svh'.
Back to file '/home/eda_tools/synopsys/vcs/W-2024.09-SP1//etc/uvm-1.2/comps/uvm_comps.svh'.
Parsing included file '/home/eda_tools/synopsys/vcs/W-2024.09-SP1//etc/uvm-1.2/comps/uvm_subscriber.svh'.
Back to file '/home/eda_tools/synopsys/vcs/W-2024.09-SP1//etc/uvm-1.2/comps/uvm_comps.svh'.
Parsing included file '/home/eda_tools/synopsys/vcs/W-2024.09-SP1//etc/uvm-1.2/comps/uvm_monitor.svh'.
Back to file '/home/eda_tools/synopsys/vcs/W-2024.09-SP1//etc/uvm-1.2/comps/uvm_comps.svh'.
Parsing included file '/home/eda_tools/synopsys/vcs/W-2024.09-SP1//etc/uvm-1.2/comps/uvm_driver.svh'.
Back to file '/home/eda_tools/synopsys/vcs/W-2024.09-SP1//etc/uvm-1.2/comps/uvm_comps.svh'.
Parsing included file '/home/eda_tools/synopsys/vcs/W-2024.09-SP1//etc/uvm-1.2/comps/uvm_push_driver.svh'.
Back to file '/home/eda_tools/synopsys/vcs/W-2024.09-SP1//etc/uvm-1.2/comps/uvm_comps.svh'.
Parsing included file '/home/eda_tools/synopsys/vcs/W-2024.09-SP1//etc/uvm-1.2/comps/uvm_scoreboard.svh'.
Back to file '/home/eda_tools/synopsys/vcs/W-2024.09-SP1//etc/uvm-1.2/comps/uvm_comps.svh'.
Parsing included file '/home/eda_tools/synopsys/vcs/W-2024.09-SP1//etc/uvm-1.2/comps/uvm_agent.svh'.
Back to file '/home/eda_tools/synopsys/vcs/W-2024.09-SP1//etc/uvm-1.2/comps/uvm_comps.svh'.
Parsing included file '/home/eda_tools/synopsys/vcs/W-2024.09-SP1//etc/uvm-1.2/comps/uvm_env.svh'.
Back to file '/home/eda_tools/synopsys/vcs/W-2024.09-SP1//etc/uvm-1.2/comps/uvm_comps.svh'.
Parsing included file '/home/eda_tools/synopsys/vcs/W-2024.09-SP1//etc/uvm-1.2/comps/uvm_test.svh'.
Back to file '/home/eda_tools/synopsys/vcs/W-2024.09-SP1//etc/uvm-1.2/comps/uvm_comps.svh'.
Back to file '/home/eda_tools/synopsys/vcs/W-2024.09-SP1//etc/uvm-1.2/uvm_pkg.sv'.
Parsing included file '/home/eda_tools/synopsys/vcs/W-2024.09-SP1//etc/uvm-1.2/seq/uvm_seq.svh'.
Parsing included file '/home/eda_tools/synopsys/vcs/W-2024.09-SP1//etc/uvm-1.2/seq/uvm_sequence_item.svh'.
Back to file '/home/eda_tools/synopsys/vcs/W-2024.09-SP1//etc/uvm-1.2/seq/uvm_seq.svh'.
Parsing included file '/home/eda_tools/synopsys/vcs/W-2024.09-SP1//etc/uvm-1.2/seq/uvm_sequencer_base.svh'.
Back to file '/home/eda_tools/synopsys/vcs/W-2024.09-SP1//etc/uvm-1.2/seq/uvm_seq.svh'.
Parsing included file '/home/eda_tools/synopsys/vcs/W-2024.09-SP1//etc/uvm-1.2/seq/uvm_sequencer_analysis_fifo.svh'.
Back to file '/home/eda_tools/synopsys/vcs/W-2024.09-SP1//etc/uvm-1.2/seq/uvm_seq.svh'.
Parsing included file '/home/eda_tools/synopsys/vcs/W-2024.09-SP1//etc/uvm-1.2/seq/uvm_sequencer_param_base.svh'.
Back to file '/home/eda_tools/synopsys/vcs/W-2024.09-SP1//etc/uvm-1.2/seq/uvm_seq.svh'.
Parsing included file '/home/eda_tools/synopsys/vcs/W-2024.09-SP1//etc/uvm-1.2/seq/uvm_sequencer.svh'.
Back to file '/home/eda_tools/synopsys/vcs/W-2024.09-SP1//etc/uvm-1.2/seq/uvm_seq.svh'.
Parsing included file '/home/eda_tools/synopsys/vcs/W-2024.09-SP1//etc/uvm-1.2/seq/uvm_push_sequencer.svh'.
Back to file '/home/eda_tools/synopsys/vcs/W-2024.09-SP1//etc/uvm-1.2/seq/uvm_seq.svh'.
Parsing included file '/home/eda_tools/synopsys/vcs/W-2024.09-SP1//etc/uvm-1.2/seq/uvm_sequence_base.svh'.
Back to file '/home/eda_tools/synopsys/vcs/W-2024.09-SP1//etc/uvm-1.2/seq/uvm_seq.svh'.
Parsing included file '/home/eda_tools/synopsys/vcs/W-2024.09-SP1//etc/uvm-1.2/seq/uvm_sequence.svh'.
Back to file '/home/eda_tools/synopsys/vcs/W-2024.09-SP1//etc/uvm-1.2/seq/uvm_seq.svh'.
Parsing included file '/home/eda_tools/synopsys/vcs/W-2024.09-SP1//etc/uvm-1.2/seq/uvm_sequence_library.svh'.
Back to file '/home/eda_tools/synopsys/vcs/W-2024.09-SP1//etc/uvm-1.2/seq/uvm_seq.svh'.
Parsing included file '/home/eda_tools/synopsys/vcs/W-2024.09-SP1//etc/uvm-1.2/seq/uvm_sequence_builtin.svh'.
Back to file '/home/eda_tools/synopsys/vcs/W-2024.09-SP1//etc/uvm-1.2/seq/uvm_seq.svh'.
Back to file '/home/eda_tools/synopsys/vcs/W-2024.09-SP1//etc/uvm-1.2/uvm_pkg.sv'.
Parsing included file '/home/eda_tools/synopsys/vcs/W-2024.09-SP1//etc/uvm-1.2/tlm2/uvm_tlm2.svh'.
Parsing included file '/home/eda_tools/synopsys/vcs/W-2024.09-SP1//etc/uvm-1.2/tlm2/uvm_tlm2_defines.svh'.
Back to file '/home/eda_tools/synopsys/vcs/W-2024.09-SP1//etc/uvm-1.2/tlm2/uvm_tlm2.svh'.
Parsing included file '/home/eda_tools/synopsys/vcs/W-2024.09-SP1//etc/uvm-1.2/tlm2/uvm_tlm2_time.svh'.
Back to file '/home/eda_tools/synopsys/vcs/W-2024.09-SP1//etc/uvm-1.2/tlm2/uvm_tlm2.svh'.
Parsing included file '/home/eda_tools/synopsys/vcs/W-2024.09-SP1//etc/uvm-1.2/tlm2/uvm_tlm2_generic_payload.svh'.
Back to file '/home/eda_tools/synopsys/vcs/W-2024.09-SP1//etc/uvm-1.2/tlm2/uvm_tlm2.svh'.
Parsing included file '/home/eda_tools/synopsys/vcs/W-2024.09-SP1//etc/uvm-1.2/tlm2/uvm_tlm2_ifs.svh'.
Back to file '/home/eda_tools/synopsys/vcs/W-2024.09-SP1//etc/uvm-1.2/tlm2/uvm_tlm2.svh'.
Parsing included file '/home/eda_tools/synopsys/vcs/W-2024.09-SP1//etc/uvm-1.2/tlm2/uvm_tlm2_imps.svh'.
Back to file '/home/eda_tools/synopsys/vcs/W-2024.09-SP1//etc/uvm-1.2/tlm2/uvm_tlm2.svh'.
Parsing included file '/home/eda_tools/synopsys/vcs/W-2024.09-SP1//etc/uvm-1.2/tlm2/uvm_tlm2_ports.svh'.
Back to file '/home/eda_tools/synopsys/vcs/W-2024.09-SP1//etc/uvm-1.2/tlm2/uvm_tlm2.svh'.
Parsing included file '/home/eda_tools/synopsys/vcs/W-2024.09-SP1//etc/uvm-1.2/tlm2/uvm_tlm2_exports.svh'.
Back to file '/home/eda_tools/synopsys/vcs/W-2024.09-SP1//etc/uvm-1.2/tlm2/uvm_tlm2.svh'.
Parsing included file '/home/eda_tools/synopsys/vcs/W-2024.09-SP1//etc/uvm-1.2/tlm2/uvm_tlm2_sockets_base.svh'.
Back to file '/home/eda_tools/synopsys/vcs/W-2024.09-SP1//etc/uvm-1.2/tlm2/uvm_tlm2.svh'.
Parsing included file '/home/eda_tools/synopsys/vcs/W-2024.09-SP1//etc/uvm-1.2/tlm2/uvm_tlm2_sockets.svh'.
Back to file '/home/eda_tools/synopsys/vcs/W-2024.09-SP1//etc/uvm-1.2/tlm2/uvm_tlm2.svh'.
Back to file '/home/eda_tools/synopsys/vcs/W-2024.09-SP1//etc/uvm-1.2/uvm_pkg.sv'.
Parsing included file '/home/eda_tools/synopsys/vcs/W-2024.09-SP1//etc/uvm-1.2/reg/uvm_reg_model.svh'.
Parsing included file '/home/eda_tools/synopsys/vcs/W-2024.09-SP1//etc/uvm-1.2/reg/uvm_reg_item.svh'.
Back to file '/home/eda_tools/synopsys/vcs/W-2024.09-SP1//etc/uvm-1.2/reg/uvm_reg_model.svh'.
Parsing included file '/home/eda_tools/synopsys/vcs/W-2024.09-SP1//etc/uvm-1.2/reg/uvm_reg_adapter.svh'.
Back to file '/home/eda_tools/synopsys/vcs/W-2024.09-SP1//etc/uvm-1.2/reg/uvm_reg_model.svh'.
Parsing included file '/home/eda_tools/synopsys/vcs/W-2024.09-SP1//etc/uvm-1.2/reg/uvm_reg_predictor.svh'.
Back to file '/home/eda_tools/synopsys/vcs/W-2024.09-SP1//etc/uvm-1.2/reg/uvm_reg_model.svh'.
Parsing included file '/home/eda_tools/synopsys/vcs/W-2024.09-SP1//etc/uvm-1.2/reg/uvm_reg_sequence.svh'.
Back to file '/home/eda_tools/synopsys/vcs/W-2024.09-SP1//etc/uvm-1.2/reg/uvm_reg_model.svh'.
Parsing included file '/home/eda_tools/synopsys/vcs/W-2024.09-SP1//etc/uvm-1.2/reg/uvm_reg_cbs.svh'.
Back to file '/home/eda_tools/synopsys/vcs/W-2024.09-SP1//etc/uvm-1.2/reg/uvm_reg_model.svh'.
Parsing included file '/home/eda_tools/synopsys/vcs/W-2024.09-SP1//etc/uvm-1.2/reg/uvm_reg_backdoor.svh'.
Back to file '/home/eda_tools/synopsys/vcs/W-2024.09-SP1//etc/uvm-1.2/reg/uvm_reg_model.svh'.
Parsing included file '/home/eda_tools/synopsys/vcs/W-2024.09-SP1//etc/uvm-1.2/reg/uvm_reg_field.svh'.
Back to file '/home/eda_tools/synopsys/vcs/W-2024.09-SP1//etc/uvm-1.2/reg/uvm_reg_model.svh'.
Parsing included file '/home/eda_tools/synopsys/vcs/W-2024.09-SP1//etc/uvm-1.2/reg/uvm_vreg_field.svh'.
Back to file '/home/eda_tools/synopsys/vcs/W-2024.09-SP1//etc/uvm-1.2/reg/uvm_reg_model.svh'.
Parsing included file '/home/eda_tools/synopsys/vcs/W-2024.09-SP1//etc/uvm-1.2/reg/uvm_reg.svh'.
Back to file '/home/eda_tools/synopsys/vcs/W-2024.09-SP1//etc/uvm-1.2/reg/uvm_reg_model.svh'.
Parsing included file '/home/eda_tools/synopsys/vcs/W-2024.09-SP1//etc/uvm-1.2/reg/uvm_reg_indirect.svh'.
Back to file '/home/eda_tools/synopsys/vcs/W-2024.09-SP1//etc/uvm-1.2/reg/uvm_reg_model.svh'.
Parsing included file '/home/eda_tools/synopsys/vcs/W-2024.09-SP1//etc/uvm-1.2/reg/uvm_reg_fifo.svh'.
Back to file '/home/eda_tools/synopsys/vcs/W-2024.09-SP1//etc/uvm-1.2/reg/uvm_reg_model.svh'.
Parsing included file '/home/eda_tools/synopsys/vcs/W-2024.09-SP1//etc/uvm-1.2/reg/uvm_reg_file.svh'.
Back to file '/home/eda_tools/synopsys/vcs/W-2024.09-SP1//etc/uvm-1.2/reg/uvm_reg_model.svh'.
Parsing included file '/home/eda_tools/synopsys/vcs/W-2024.09-SP1//etc/uvm-1.2/reg/uvm_mem_mam.svh'.
Back to file '/home/eda_tools/synopsys/vcs/W-2024.09-SP1//etc/uvm-1.2/reg/uvm_reg_model.svh'.
Parsing included file '/home/eda_tools/synopsys/vcs/W-2024.09-SP1//etc/uvm-1.2/reg/uvm_vreg.svh'.
Back to file '/home/eda_tools/synopsys/vcs/W-2024.09-SP1//etc/uvm-1.2/reg/uvm_reg_model.svh'.
Parsing included file '/home/eda_tools/synopsys/vcs/W-2024.09-SP1//etc/uvm-1.2/reg/uvm_mem.svh'.
Back to file '/home/eda_tools/synopsys/vcs/W-2024.09-SP1//etc/uvm-1.2/reg/uvm_reg_model.svh'.
Parsing included file '/home/eda_tools/synopsys/vcs/W-2024.09-SP1//etc/uvm-1.2/reg/uvm_reg_map.svh'.
Back to file '/home/eda_tools/synopsys/vcs/W-2024.09-SP1//etc/uvm-1.2/reg/uvm_reg_model.svh'.
Parsing included file '/home/eda_tools/synopsys/vcs/W-2024.09-SP1//etc/uvm-1.2/reg/uvm_reg_block.svh'.
Back to file '/home/eda_tools/synopsys/vcs/W-2024.09-SP1//etc/uvm-1.2/reg/uvm_reg_model.svh'.
Parsing included file '/home/eda_tools/synopsys/vcs/W-2024.09-SP1//etc/uvm-1.2/reg/sequences/uvm_reg_hw_reset_seq.svh'.
Back to file '/home/eda_tools/synopsys/vcs/W-2024.09-SP1//etc/uvm-1.2/reg/uvm_reg_model.svh'.
Parsing included file '/home/eda_tools/synopsys/vcs/W-2024.09-SP1//etc/uvm-1.2/reg/sequences/uvm_reg_bit_bash_seq.svh'.
Back to file '/home/eda_tools/synopsys/vcs/W-2024.09-SP1//etc/uvm-1.2/reg/uvm_reg_model.svh'.
Parsing included file '/home/eda_tools/synopsys/vcs/W-2024.09-SP1//etc/uvm-1.2/reg/sequences/uvm_mem_walk_seq.svh'.
Back to file '/home/eda_tools/synopsys/vcs/W-2024.09-SP1//etc/uvm-1.2/reg/uvm_reg_model.svh'.
Parsing included file '/home/eda_tools/synopsys/vcs/W-2024.09-SP1//etc/uvm-1.2/reg/sequences/uvm_mem_access_seq.svh'.
Back to file '/home/eda_tools/synopsys/vcs/W-2024.09-SP1//etc/uvm-1.2/reg/uvm_reg_model.svh'.
Parsing included file '/home/eda_tools/synopsys/vcs/W-2024.09-SP1//etc/uvm-1.2/reg/sequences/uvm_reg_access_seq.svh'.
Back to file '/home/eda_tools/synopsys/vcs/W-2024.09-SP1//etc/uvm-1.2/reg/uvm_reg_model.svh'.
Parsing included file '/home/eda_tools/synopsys/vcs/W-2024.09-SP1//etc/uvm-1.2/reg/sequences/uvm_reg_mem_shared_access_seq.svh'.
Back to file '/home/eda_tools/synopsys/vcs/W-2024.09-SP1//etc/uvm-1.2/reg/uvm_reg_model.svh'.
Parsing included file '/home/eda_tools/synopsys/vcs/W-2024.09-SP1//etc/uvm-1.2/reg/sequences/uvm_reg_mem_built_in_seq.svh'.
Back to file '/home/eda_tools/synopsys/vcs/W-2024.09-SP1//etc/uvm-1.2/reg/uvm_reg_model.svh'.
Parsing included file '/home/eda_tools/synopsys/vcs/W-2024.09-SP1//etc/uvm-1.2/reg/sequences/uvm_reg_mem_hdl_paths_seq.svh'.
Back to file '/home/eda_tools/synopsys/vcs/W-2024.09-SP1//etc/uvm-1.2/reg/uvm_reg_model.svh'.
Parsing included file '/home/eda_tools/synopsys/vcs/W-2024.09-SP1//etc/uvm-1.2/reg/snps_uvm_reg_bank.svh'.
Back to file '/home/eda_tools/synopsys/vcs/W-2024.09-SP1//etc/uvm-1.2/reg/uvm_reg_model.svh'.
Back to file '/home/eda_tools/synopsys/vcs/W-2024.09-SP1//etc/uvm-1.2/uvm_pkg.sv'.
Parsing included file '/home/eda_tools/synopsys/vcs/W-2024.09-SP1//etc/uvm-1.2/vcs/vcs_uvm_alt.sv'.
Back to file '/home/eda_tools/synopsys/vcs/W-2024.09-SP1//etc/uvm-1.2/uvm_pkg.sv'.
Parsing design file '/home/eda_tools/synopsys/vcs/W-2024.09-SP1//etc/uvm-1.2/vcs/uvm_custom_install_vcs_recorder.sv'
Parsing included file '/home/eda_tools/synopsys/vcs/W-2024.09-SP1//etc/uvm-1.2/vcs/msglog.svh'.
Back to file '/home/eda_tools/synopsys/vcs/W-2024.09-SP1//etc/uvm-1.2/vcs/uvm_custom_install_vcs_recorder.sv'.
Parsing included file '/home/eda_tools/synopsys/vcs/W-2024.09-SP1//etc/uvm-1.2/vcs/uvm_msglog_report_server.sv'.
Back to file '/home/eda_tools/synopsys/vcs/W-2024.09-SP1//etc/uvm-1.2/vcs/uvm_custom_install_vcs_recorder.sv'.
Parsing included file '/home/eda_tools/synopsys/vcs/W-2024.09-SP1//etc/uvm-1.2/vcs/uvm_vcs_recorder.svh'.
Parsing included file '/home/eda_tools/synopsys/vcs/W-2024.09-SP1//etc/uvm-1.2/vcs/uvm_vcs_tr_database.svh'.
Parsing included file '/home/eda_tools/synopsys/vcs/W-2024.09-SP1//etc/uvm-1.2/vcs/uvm_vcs_tr_stream.svh'.
Back to file '/home/eda_tools/synopsys/vcs/W-2024.09-SP1//etc/uvm-1.2/vcs/uvm_vcs_tr_database.svh'.
Back to file '/home/eda_tools/synopsys/vcs/W-2024.09-SP1//etc/uvm-1.2/vcs/uvm_vcs_recorder.svh'.
Back to file '/home/eda_tools/synopsys/vcs/W-2024.09-SP1//etc/uvm-1.2/vcs/uvm_custom_install_vcs_recorder.sv'.
Parsing included file '/home/eda_tools/synopsys/vcs/W-2024.09-SP1//etc/uvm-1.2/vcs/uvm_vcs_record_interface.sv'.
Back to file '/home/eda_tools/synopsys/vcs/W-2024.09-SP1//etc/uvm-1.2/vcs/uvm_custom_install_vcs_recorder.sv'.
Parsing design file '/home/eda_tools/synopsys/vcs/W-2024.09-SP1//etc/uvm-1.2/verdi/uvm_custom_install_verdi_recorder.sv'
Parsing included file '/home/eda_tools/synopsys/vcs/W-2024.09-SP1//etc/uvm-1.2/uvm_macros.svh'.
Back to file '/home/eda_tools/synopsys/vcs/W-2024.09-SP1//etc/uvm-1.2/verdi/uvm_custom_install_verdi_recorder.sv'.
Parsing included file '/home/eda_tools/synopsys/vcs/W-2024.09-SP1//etc/uvm-1.2/verdi/uvm_verdi_recorder.svh'.
Parsing included file '/home/eda_tools/synopsys/vcs/W-2024.09-SP1//etc/uvm-1.2/verdi/uvm_verdi_pli_base.svh'.
Back to file '/home/eda_tools/synopsys/vcs/W-2024.09-SP1//etc/uvm-1.2/verdi/uvm_verdi_recorder.svh'.
Parsing included file '/home/eda_tools/synopsys/vcs/W-2024.09-SP1//etc/uvm-1.2/verdi/uvm_verdi_tr_database.svh'.
Parsing included file '/home/eda_tools/synopsys/vcs/W-2024.09-SP1//etc/uvm-1.2/verdi/uvm_verdi_tr_stream.svh'.
Back to file '/home/eda_tools/synopsys/vcs/W-2024.09-SP1//etc/uvm-1.2/verdi/uvm_verdi_tr_database.svh'.
Back to file '/home/eda_tools/synopsys/vcs/W-2024.09-SP1//etc/uvm-1.2/verdi/uvm_verdi_recorder.svh'.
Back to file '/home/eda_tools/synopsys/vcs/W-2024.09-SP1//etc/uvm-1.2/verdi/uvm_custom_install_verdi_recorder.sv'.
Parsing included file '/home/eda_tools/synopsys/vcs/W-2024.09-SP1//etc/uvm-1.2/verdi/uvm_verdi_reg_map_recording.sv'.
Back to file '/home/eda_tools/synopsys/vcs/W-2024.09-SP1//etc/uvm-1.2/verdi/uvm_custom_install_verdi_recorder.sv'.
Parsing included file '/home/eda_tools/synopsys/vcs/W-2024.09-SP1//etc/uvm-1.2/verdi/uvm_verdi_message_catcher.svh'.
Parsing included file '/home/eda_tools/synopsys/vcs/W-2024.09-SP1//etc/uvm-1.2/verdi/uvm_verdi_pli_base.svh'.
Back to file '/home/eda_tools/synopsys/vcs/W-2024.09-SP1//etc/uvm-1.2/verdi/uvm_verdi_message_catcher.svh'.
Back to file '/home/eda_tools/synopsys/vcs/W-2024.09-SP1//etc/uvm-1.2/verdi/uvm_custom_install_verdi_recorder.sv'.
Parsing included file '/home/eda_tools/synopsys/vcs/W-2024.09-SP1//etc/uvm-1.2/verdi/uvm_verdi_factory.svh'.
Back to file '/home/eda_tools/synopsys/vcs/W-2024.09-SP1//etc/uvm-1.2/verdi/uvm_custom_install_verdi_recorder.sv'.
Parsing included file '/home/eda_tools/synopsys/vcs/W-2024.09-SP1//etc/uvm-1.2/verdi/./dpi/uvm_verdi_dpi.svh'.
Back to file '/home/eda_tools/synopsys/vcs/W-2024.09-SP1//etc/uvm-1.2/verdi/uvm_custom_install_verdi_recorder.sv'.
Parsing included file '/home/eda_tools/synopsys/vcs/W-2024.09-SP1//etc/uvm-1.2/verdi/uvm_verdi_reg_recording.sv'.
Back to file '/home/eda_tools/synopsys/vcs/W-2024.09-SP1//etc/uvm-1.2/verdi/uvm_custom_install_verdi_recorder.sv'.
Parsing included file '/home/eda_tools/synopsys/verdi/W-2024.09-SP1//share/PLI/VCS/include/verdi_trans_recorder_dpi.svh'.
Back to file '/home/eda_tools/synopsys/vcs/W-2024.09-SP1//etc/uvm-1.2/verdi/uvm_custom_install_verdi_recorder.sv'.
Parsing included file '/home/eda_tools/synopsys/vcs/W-2024.09-SP1//etc/uvm-1.2/verdi/uvm_verdi_pli.svh'.
Back to file '/home/eda_tools/synopsys/vcs/W-2024.09-SP1//etc/uvm-1.2/verdi/uvm_custom_install_verdi_recorder.sv'.
Parsing design file '/home/eda_tools/synopsys/vcs/W-2024.09-SP1//etc/uvm-1.2/verdi/uvm_custom_install_verdi_recorder.sv'
Parsing design file '../pkg/axi4_globals_pkg.sv'
Parsing included file '/home/eda_tools/synopsys/vcs/W-2024.09-SP1//etc/uvm-1.2/uvm_macros.svh'.
Back to file '../pkg/axi4_globals_pkg.sv'.
Parsing design file '../intf/axi4_interface/axi4_if.sv'
Parsing design file '../agent/master_agent_bfm/axi4_master_driver_bfm.sv'
Parsing design file '../agent/master_agent_bfm/axi4_master_monitor_bfm.sv'
Parsing design file '../agent/slave_agent_bfm/axi4_slave_driver_bfm.sv'
Parsing design file '../agent/slave_agent_bfm/axi4_slave_monitor_bfm.sv'
Parsing design file '../agent/master_agent_bfm/axi4_master_agent_bfm.sv'
Parsing design file '../agent/slave_agent_bfm/axi4_slave_agent_bfm.sv'
Parsing design file '../master/axi4_master_pkg.sv'
Parsing included file '/home/eda_tools/synopsys/vcs/W-2024.09-SP1//etc/uvm-1.2/uvm_macros.svh'.
Back to file '../master/axi4_master_pkg.sv'.
Parsing design file '../slave/axi4_slave_pkg.sv'
Parsing included file '/home/eda_tools/synopsys/vcs/W-2024.09-SP1//etc/uvm-1.2/uvm_macros.svh'.
Back to file '../slave/axi4_slave_pkg.sv'.
Parsing design file '../seq/master_sequences/axi4_master_seq_pkg.sv'
Parsing included file '/home/eda_tools/synopsys/vcs/W-2024.09-SP1//etc/uvm-1.2/uvm_macros.svh'.
Back to file '../seq/master_sequences/axi4_master_seq_pkg.sv'.
Parsing included file '../seq/master_sequences/axi4_master_base_seq.sv'.
Back to file '../seq/master_sequences/axi4_master_seq_pkg.sv'.
Parsing included file '../seq/master_sequences/axi4_master_write_seq.sv'.
Back to file '../seq/master_sequences/axi4_master_seq_pkg.sv'.
Parsing included file '../seq/master_sequences/axi4_master_read_seq.sv'.
Back to file '../seq/master_sequences/axi4_master_seq_pkg.sv'.
Parsing included file '../seq/master_sequences/axi4_master_burst_seq.sv'.
Back to file '../seq/master_sequences/axi4_master_seq_pkg.sv'.
Parsing included file '../seq/master_sequences/axi4_master_random_seq.sv'.
Back to file '../seq/master_sequences/axi4_master_seq_pkg.sv'.
Parsing included file '../seq/master_sequences/axi4_master_qos_seq.sv'.
Back to file '../seq/master_sequences/axi4_master_seq_pkg.sv'.
Parsing design file '../seq/slave_sequences/axi4_slave_seq_pkg.sv'
Parsing included file '/home/eda_tools/synopsys/vcs/W-2024.09-SP1//etc/uvm-1.2/uvm_macros.svh'.
Back to file '../seq/slave_sequences/axi4_slave_seq_pkg.sv'.
Parsing included file '../seq/slave_sequences/axi4_slave_base_seq.sv'.
Back to file '../seq/slave_sequences/axi4_slave_seq_pkg.sv'.
Parsing design file '../virtual_seqr/axi4_virtual_seqr_pkg.sv'
Parsing included file '/home/eda_tools/synopsys/vcs/W-2024.09-SP1//etc/uvm-1.2/uvm_macros.svh'.
Back to file '../virtual_seqr/axi4_virtual_seqr_pkg.sv'.
Parsing included file '../virtual_seqr/axi4_virtual_sequencer.sv'.
Back to file '../virtual_seqr/axi4_virtual_seqr_pkg.sv'.
Parsing design file '../env/axi4_env_pkg.sv'
Parsing included file '/home/eda_tools/synopsys/vcs/W-2024.09-SP1//etc/uvm-1.2/uvm_macros.svh'.
Back to file '../env/axi4_env_pkg.sv'.
Parsing included file '../env/axi4_env_config.sv'.
Back to file '../env/axi4_env_pkg.sv'.
Parsing included file '../env/axi4_scoreboard.sv'.
Back to file '../env/axi4_env_pkg.sv'.
Parsing included file '../env/axi4_protocol_coverage.sv'.
Back to file '../env/axi4_env_pkg.sv'.
Parsing included file '../env/axi4_env.sv'.
Back to file '../env/axi4_env_pkg.sv'.
Parsing design file '../virtual_seq/axi4_virtual_seq_pkg.sv'
Parsing included file '/home/eda_tools/synopsys/vcs/W-2024.09-SP1//etc/uvm-1.2/uvm_macros.svh'.
Back to file '../virtual_seq/axi4_virtual_seq_pkg.sv'.
Parsing included file '../virtual_seq/axi4_virtual_base_seq.sv'.
Back to file '../virtual_seq/axi4_virtual_seq_pkg.sv'.
Parsing included file '../virtual_seq/axi4_virtual_write_seq.sv'.
Back to file '../virtual_seq/axi4_virtual_seq_pkg.sv'.
Parsing included file '../virtual_seq/axi4_virtual_read_seq.sv'.
Back to file '../virtual_seq/axi4_virtual_seq_pkg.sv'.
Parsing included file '../virtual_seq/axi4_virtual_write_read_seq.sv'.
Back to file '../virtual_seq/axi4_virtual_seq_pkg.sv'.
Parsing included file '../virtual_seq/axi4_virtual_stress_seq.sv'.
Back to file '../virtual_seq/axi4_virtual_seq_pkg.sv'.
Parsing included file '../virtual_seq/axi4_virtual_error_seq.sv'.
Back to file '../virtual_seq/axi4_virtual_seq_pkg.sv'.
Parsing included file '../virtual_seq/axi4_virtual_performance_seq.sv'.
Back to file '../virtual_seq/axi4_virtual_seq_pkg.sv'.
Parsing included file '../virtual_seq/axi4_virtual_interleaved_seq.sv'.
Back to file '../virtual_seq/axi4_virtual_seq_pkg.sv'.
Parsing included file '../virtual_seq/axi4_virtual_boundary_seq.sv'.
Back to file '../virtual_seq/axi4_virtual_seq_pkg.sv'.
Parsing design file '../test/axi4_test_pkg.sv'
Parsing included file '/home/eda_tools/synopsys/vcs/W-2024.09-SP1//etc/uvm-1.2/uvm_macros.svh'.
Back to file '../test/axi4_test_pkg.sv'.
Parsing included file '../test/axi4_base_test.sv'.
Back to file '../test/axi4_test_pkg.sv'.
Parsing included file '../test/axi4_basic_rw_test.sv'.
Back to file '../test/axi4_test_pkg.sv'.
Parsing included file '../test/axi4_burst_test.sv'.
Back to file '../test/axi4_test_pkg.sv'.
Parsing included file '../test/axi4_random_test.sv'.
Back to file '../test/axi4_test_pkg.sv'.
Parsing included file '../test/axi4_stress_test.sv'.
Back to file '../test/axi4_test_pkg.sv'.
Parsing included file '../test/axi4_qos_test.sv'.
Back to file '../test/axi4_test_pkg.sv'.
Parsing included file '../test/axi4_error_injection_test.sv'.
Back to file '../test/axi4_test_pkg.sv'.
Parsing included file '../test/axi4_performance_test.sv'.
Back to file '../test/axi4_test_pkg.sv'.
Parsing included file '../test/axi4_interleaved_test.sv'.
Back to file '../test/axi4_test_pkg.sv'.
Parsing included file '../test/axi4_boundary_test.sv'.
Back to file '../test/axi4_test_pkg.sv'.
Parsing design file '../rtl_wrapper/dut_wrapper.sv'
Parsing design file '../rtl_wrapper/axi4_interconnect_wrapper.sv'
Parsing design file '../rtl_wrapper/generated_rtl/axi4_address_decoder.v'
Parsing design file '../rtl_wrapper/generated_rtl/axi4_arbiter.v'
Parsing design file '../rtl_wrapper/generated_rtl/axi4_router.v'
Parsing design file '../rtl_wrapper/generated_rtl/axi4_interconnect_m9s9.v'
Parsing design file '../top/hdl_top.sv'
Parsing design file '../top/hvl_top.sv'
Top Level Modules:
       uvm_custom_install_recording
       uvm_custom_install_verdi_recording
       hdl_top
       hvl_top
TimeScale is 1 ns / 1 ps

Lint-[PCWM-L] Port connection width mismatch
../rtl_wrapper/dut_wrapper.sv, 803
"axi4_interconnect_m9s9 #(DATA_WIDTH, ADDR_WIDTH, ID_WIDTH) generated_interconnect( .aclk (clk),  .aresetn (rst_n),  .m0_awid (m0_awid),  .m0_awaddr (m0_awaddr),  .m0_awlen (m0_awlen),  .m0_awsize (m0_awsize),  .m0_awburst (m0_awburst),  .m0_awlock (m0_awlock),  .m0_awcache (m0_awcache),  .m0_awprot (m0_awprot),  .m0_awqos (m0_awqos),  .m0_awvalid (m0_awvalid),  .m0_awready (m0_awready),  .m0_wdata (m0_wdata),  .m0_wstrb (m0_wstrb),  .m0_wlast (m0_wlast),  .m0_wvalid (m0_wvalid),  .m0_wready (m0_wready),  .m0_bid (m0_bid),  .m0_bresp (m0_bresp),  .m0_bvalid (m0_bvalid),  .m0_bready (m0_bready),  .m0_arid (m0_arid),  .m0_araddr (m0_araddr),  .m0_arlen (m0_arlen),  .m0_arsize (m0_arsize),  .m0_arburst (m0_arburst),  .m0_arlock (m0_arlock),  .m0_arcache (m0 ... "
  The following 4-bit expression is connected to 8-bit port "s0_awid" of 
  module "axi4_interconnect_m9s9", instance "generated_interconnect".
  Expression: s0_awid
  The expression is from module dut_wrapper, instance dut 


Lint-[PCWM-L] Port connection width mismatch
../rtl_wrapper/dut_wrapper.sv, 803
"axi4_interconnect_m9s9 #(DATA_WIDTH, ADDR_WIDTH, ID_WIDTH) generated_interconnect( .aclk (clk),  .aresetn (rst_n),  .m0_awid (m0_awid),  .m0_awaddr (m0_awaddr),  .m0_awlen (m0_awlen),  .m0_awsize (m0_awsize),  .m0_awburst (m0_awburst),  .m0_awlock (m0_awlock),  .m0_awcache (m0_awcache),  .m0_awprot (m0_awprot),  .m0_awqos (m0_awqos),  .m0_awvalid (m0_awvalid),  .m0_awready (m0_awready),  .m0_wdata (m0_wdata),  .m0_wstrb (m0_wstrb),  .m0_wlast (m0_wlast),  .m0_wvalid (m0_wvalid),  .m0_wready (m0_wready),  .m0_bid (m0_bid),  .m0_bresp (m0_bresp),  .m0_bvalid (m0_bvalid),  .m0_bready (m0_bready),  .m0_arid (m0_arid),  .m0_araddr (m0_araddr),  .m0_arlen (m0_arlen),  .m0_arsize (m0_arsize),  .m0_arburst (m0_arburst),  .m0_arlock (m0_arlock),  .m0_arcache (m0 ... "
  The following 4-bit expression is connected to 8-bit port "s0_bid" of module
  "axi4_interconnect_m9s9", instance "generated_interconnect".
  Expression: s0_bid
  The expression is from module dut_wrapper, instance dut 


Lint-[PCWM-L] Port connection width mismatch
../rtl_wrapper/dut_wrapper.sv, 803
"axi4_interconnect_m9s9 #(DATA_WIDTH, ADDR_WIDTH, ID_WIDTH) generated_interconnect( .aclk (clk),  .aresetn (rst_n),  .m0_awid (m0_awid),  .m0_awaddr (m0_awaddr),  .m0_awlen (m0_awlen),  .m0_awsize (m0_awsize),  .m0_awburst (m0_awburst),  .m0_awlock (m0_awlock),  .m0_awcache (m0_awcache),  .m0_awprot (m0_awprot),  .m0_awqos (m0_awqos),  .m0_awvalid (m0_awvalid),  .m0_awready (m0_awready),  .m0_wdata (m0_wdata),  .m0_wstrb (m0_wstrb),  .m0_wlast (m0_wlast),  .m0_wvalid (m0_wvalid),  .m0_wready (m0_wready),  .m0_bid (m0_bid),  .m0_bresp (m0_bresp),  .m0_bvalid (m0_bvalid),  .m0_bready (m0_bready),  .m0_arid (m0_arid),  .m0_araddr (m0_araddr),  .m0_arlen (m0_arlen),  .m0_arsize (m0_arsize),  .m0_arburst (m0_arburst),  .m0_arlock (m0_arlock),  .m0_arcache (m0 ... "
  The following 4-bit expression is connected to 8-bit port "s0_arid" of 
  module "axi4_interconnect_m9s9", instance "generated_interconnect".
  Expression: s0_arid
  The expression is from module dut_wrapper, instance dut 


Lint-[PCWM-L] Port connection width mismatch
../rtl_wrapper/dut_wrapper.sv, 803
"axi4_interconnect_m9s9 #(DATA_WIDTH, ADDR_WIDTH, ID_WIDTH) generated_interconnect( .aclk (clk),  .aresetn (rst_n),  .m0_awid (m0_awid),  .m0_awaddr (m0_awaddr),  .m0_awlen (m0_awlen),  .m0_awsize (m0_awsize),  .m0_awburst (m0_awburst),  .m0_awlock (m0_awlock),  .m0_awcache (m0_awcache),  .m0_awprot (m0_awprot),  .m0_awqos (m0_awqos),  .m0_awvalid (m0_awvalid),  .m0_awready (m0_awready),  .m0_wdata (m0_wdata),  .m0_wstrb (m0_wstrb),  .m0_wlast (m0_wlast),  .m0_wvalid (m0_wvalid),  .m0_wready (m0_wready),  .m0_bid (m0_bid),  .m0_bresp (m0_bresp),  .m0_bvalid (m0_bvalid),  .m0_bready (m0_bready),  .m0_arid (m0_arid),  .m0_araddr (m0_araddr),  .m0_arlen (m0_arlen),  .m0_arsize (m0_arsize),  .m0_arburst (m0_arburst),  .m0_arlock (m0_arlock),  .m0_arcache (m0 ... "
  The following 4-bit expression is connected to 8-bit port "s0_rid" of module
  "axi4_interconnect_m9s9", instance "generated_interconnect".
  Expression: s0_rid
  The expression is from module dut_wrapper, instance dut 


Lint-[PCWM-L] Port connection width mismatch
../rtl_wrapper/dut_wrapper.sv, 803
"axi4_interconnect_m9s9 #(DATA_WIDTH, ADDR_WIDTH, ID_WIDTH) generated_interconnect( .aclk (clk),  .aresetn (rst_n),  .m0_awid (m0_awid),  .m0_awaddr (m0_awaddr),  .m0_awlen (m0_awlen),  .m0_awsize (m0_awsize),  .m0_awburst (m0_awburst),  .m0_awlock (m0_awlock),  .m0_awcache (m0_awcache),  .m0_awprot (m0_awprot),  .m0_awqos (m0_awqos),  .m0_awvalid (m0_awvalid),  .m0_awready (m0_awready),  .m0_wdata (m0_wdata),  .m0_wstrb (m0_wstrb),  .m0_wlast (m0_wlast),  .m0_wvalid (m0_wvalid),  .m0_wready (m0_wready),  .m0_bid (m0_bid),  .m0_bresp (m0_bresp),  .m0_bvalid (m0_bvalid),  .m0_bready (m0_bready),  .m0_arid (m0_arid),  .m0_araddr (m0_araddr),  .m0_arlen (m0_arlen),  .m0_arsize (m0_arsize),  .m0_arburst (m0_arburst),  .m0_arlock (m0_arlock),  .m0_arcache (m0 ... "
  The following 4-bit expression is connected to 8-bit port "s1_awid" of 
  module "axi4_interconnect_m9s9", instance "generated_interconnect".
  Expression: s1_awid
  The expression is from module dut_wrapper, instance dut 


Lint-[PCWM-L] Port connection width mismatch
../rtl_wrapper/dut_wrapper.sv, 803
"axi4_interconnect_m9s9 #(DATA_WIDTH, ADDR_WIDTH, ID_WIDTH) generated_interconnect( .aclk (clk),  .aresetn (rst_n),  .m0_awid (m0_awid),  .m0_awaddr (m0_awaddr),  .m0_awlen (m0_awlen),  .m0_awsize (m0_awsize),  .m0_awburst (m0_awburst),  .m0_awlock (m0_awlock),  .m0_awcache (m0_awcache),  .m0_awprot (m0_awprot),  .m0_awqos (m0_awqos),  .m0_awvalid (m0_awvalid),  .m0_awready (m0_awready),  .m0_wdata (m0_wdata),  .m0_wstrb (m0_wstrb),  .m0_wlast (m0_wlast),  .m0_wvalid (m0_wvalid),  .m0_wready (m0_wready),  .m0_bid (m0_bid),  .m0_bresp (m0_bresp),  .m0_bvalid (m0_bvalid),  .m0_bready (m0_bready),  .m0_arid (m0_arid),  .m0_araddr (m0_araddr),  .m0_arlen (m0_arlen),  .m0_arsize (m0_arsize),  .m0_arburst (m0_arburst),  .m0_arlock (m0_arlock),  .m0_arcache (m0 ... "
  The following 4-bit expression is connected to 8-bit port "s1_bid" of module
  "axi4_interconnect_m9s9", instance "generated_interconnect".
  Expression: s1_bid
  The expression is from module dut_wrapper, instance dut 


Lint-[PCWM-L] Port connection width mismatch
../rtl_wrapper/dut_wrapper.sv, 803
"axi4_interconnect_m9s9 #(DATA_WIDTH, ADDR_WIDTH, ID_WIDTH) generated_interconnect( .aclk (clk),  .aresetn (rst_n),  .m0_awid (m0_awid),  .m0_awaddr (m0_awaddr),  .m0_awlen (m0_awlen),  .m0_awsize (m0_awsize),  .m0_awburst (m0_awburst),  .m0_awlock (m0_awlock),  .m0_awcache (m0_awcache),  .m0_awprot (m0_awprot),  .m0_awqos (m0_awqos),  .m0_awvalid (m0_awvalid),  .m0_awready (m0_awready),  .m0_wdata (m0_wdata),  .m0_wstrb (m0_wstrb),  .m0_wlast (m0_wlast),  .m0_wvalid (m0_wvalid),  .m0_wready (m0_wready),  .m0_bid (m0_bid),  .m0_bresp (m0_bresp),  .m0_bvalid (m0_bvalid),  .m0_bready (m0_bready),  .m0_arid (m0_arid),  .m0_araddr (m0_araddr),  .m0_arlen (m0_arlen),  .m0_arsize (m0_arsize),  .m0_arburst (m0_arburst),  .m0_arlock (m0_arlock),  .m0_arcache (m0 ... "
  The following 4-bit expression is connected to 8-bit port "s1_arid" of 
  module "axi4_interconnect_m9s9", instance "generated_interconnect".
  Expression: s1_arid
  The expression is from module dut_wrapper, instance dut 


Lint-[PCWM-L] Port connection width mismatch
../rtl_wrapper/dut_wrapper.sv, 803
"axi4_interconnect_m9s9 #(DATA_WIDTH, ADDR_WIDTH, ID_WIDTH) generated_interconnect( .aclk (clk),  .aresetn (rst_n),  .m0_awid (m0_awid),  .m0_awaddr (m0_awaddr),  .m0_awlen (m0_awlen),  .m0_awsize (m0_awsize),  .m0_awburst (m0_awburst),  .m0_awlock (m0_awlock),  .m0_awcache (m0_awcache),  .m0_awprot (m0_awprot),  .m0_awqos (m0_awqos),  .m0_awvalid (m0_awvalid),  .m0_awready (m0_awready),  .m0_wdata (m0_wdata),  .m0_wstrb (m0_wstrb),  .m0_wlast (m0_wlast),  .m0_wvalid (m0_wvalid),  .m0_wready (m0_wready),  .m0_bid (m0_bid),  .m0_bresp (m0_bresp),  .m0_bvalid (m0_bvalid),  .m0_bready (m0_bready),  .m0_arid (m0_arid),  .m0_araddr (m0_araddr),  .m0_arlen (m0_arlen),  .m0_arsize (m0_arsize),  .m0_arburst (m0_arburst),  .m0_arlock (m0_arlock),  .m0_arcache (m0 ... "
  The following 4-bit expression is connected to 8-bit port "s1_rid" of module
  "axi4_interconnect_m9s9", instance "generated_interconnect".
  Expression: s1_rid
  The expression is from module dut_wrapper, instance dut 


Lint-[PCWM-L] Port connection width mismatch
../rtl_wrapper/dut_wrapper.sv, 803
"axi4_interconnect_m9s9 #(DATA_WIDTH, ADDR_WIDTH, ID_WIDTH) generated_interconnect( .aclk (clk),  .aresetn (rst_n),  .m0_awid (m0_awid),  .m0_awaddr (m0_awaddr),  .m0_awlen (m0_awlen),  .m0_awsize (m0_awsize),  .m0_awburst (m0_awburst),  .m0_awlock (m0_awlock),  .m0_awcache (m0_awcache),  .m0_awprot (m0_awprot),  .m0_awqos (m0_awqos),  .m0_awvalid (m0_awvalid),  .m0_awready (m0_awready),  .m0_wdata (m0_wdata),  .m0_wstrb (m0_wstrb),  .m0_wlast (m0_wlast),  .m0_wvalid (m0_wvalid),  .m0_wready (m0_wready),  .m0_bid (m0_bid),  .m0_bresp (m0_bresp),  .m0_bvalid (m0_bvalid),  .m0_bready (m0_bready),  .m0_arid (m0_arid),  .m0_araddr (m0_araddr),  .m0_arlen (m0_arlen),  .m0_arsize (m0_arsize),  .m0_arburst (m0_arburst),  .m0_arlock (m0_arlock),  .m0_arcache (m0 ... "
  The following 4-bit expression is connected to 8-bit port "s2_awid" of 
  module "axi4_interconnect_m9s9", instance "generated_interconnect".
  Expression: s2_awid
  The expression is from module dut_wrapper, instance dut 


Lint-[PCWM-L] Port connection width mismatch
../rtl_wrapper/dut_wrapper.sv, 803
"axi4_interconnect_m9s9 #(DATA_WIDTH, ADDR_WIDTH, ID_WIDTH) generated_interconnect( .aclk (clk),  .aresetn (rst_n),  .m0_awid (m0_awid),  .m0_awaddr (m0_awaddr),  .m0_awlen (m0_awlen),  .m0_awsize (m0_awsize),  .m0_awburst (m0_awburst),  .m0_awlock (m0_awlock),  .m0_awcache (m0_awcache),  .m0_awprot (m0_awprot),  .m0_awqos (m0_awqos),  .m0_awvalid (m0_awvalid),  .m0_awready (m0_awready),  .m0_wdata (m0_wdata),  .m0_wstrb (m0_wstrb),  .m0_wlast (m0_wlast),  .m0_wvalid (m0_wvalid),  .m0_wready (m0_wready),  .m0_bid (m0_bid),  .m0_bresp (m0_bresp),  .m0_bvalid (m0_bvalid),  .m0_bready (m0_bready),  .m0_arid (m0_arid),  .m0_araddr (m0_araddr),  .m0_arlen (m0_arlen),  .m0_arsize (m0_arsize),  .m0_arburst (m0_arburst),  .m0_arlock (m0_arlock),  .m0_arcache (m0 ... "
  The following 4-bit expression is connected to 8-bit port "s2_bid" of module
  "axi4_interconnect_m9s9", instance "generated_interconnect".
  Expression: s2_bid
  The expression is from module dut_wrapper, instance dut 


Lint-[PCWM-L] Port connection width mismatch
../rtl_wrapper/dut_wrapper.sv, 803
"axi4_interconnect_m9s9 #(DATA_WIDTH, ADDR_WIDTH, ID_WIDTH) generated_interconnect( .aclk (clk),  .aresetn (rst_n),  .m0_awid (m0_awid),  .m0_awaddr (m0_awaddr),  .m0_awlen (m0_awlen),  .m0_awsize (m0_awsize),  .m0_awburst (m0_awburst),  .m0_awlock (m0_awlock),  .m0_awcache (m0_awcache),  .m0_awprot (m0_awprot),  .m0_awqos (m0_awqos),  .m0_awvalid (m0_awvalid),  .m0_awready (m0_awready),  .m0_wdata (m0_wdata),  .m0_wstrb (m0_wstrb),  .m0_wlast (m0_wlast),  .m0_wvalid (m0_wvalid),  .m0_wready (m0_wready),  .m0_bid (m0_bid),  .m0_bresp (m0_bresp),  .m0_bvalid (m0_bvalid),  .m0_bready (m0_bready),  .m0_arid (m0_arid),  .m0_araddr (m0_araddr),  .m0_arlen (m0_arlen),  .m0_arsize (m0_arsize),  .m0_arburst (m0_arburst),  .m0_arlock (m0_arlock),  .m0_arcache (m0 ... "
  The following 4-bit expression is connected to 8-bit port "s2_arid" of 
  module "axi4_interconnect_m9s9", instance "generated_interconnect".
  Expression: s2_arid
  The expression is from module dut_wrapper, instance dut 


Lint-[PCWM-L] Port connection width mismatch
../rtl_wrapper/dut_wrapper.sv, 803
"axi4_interconnect_m9s9 #(DATA_WIDTH, ADDR_WIDTH, ID_WIDTH) generated_interconnect( .aclk (clk),  .aresetn (rst_n),  .m0_awid (m0_awid),  .m0_awaddr (m0_awaddr),  .m0_awlen (m0_awlen),  .m0_awsize (m0_awsize),  .m0_awburst (m0_awburst),  .m0_awlock (m0_awlock),  .m0_awcache (m0_awcache),  .m0_awprot (m0_awprot),  .m0_awqos (m0_awqos),  .m0_awvalid (m0_awvalid),  .m0_awready (m0_awready),  .m0_wdata (m0_wdata),  .m0_wstrb (m0_wstrb),  .m0_wlast (m0_wlast),  .m0_wvalid (m0_wvalid),  .m0_wready (m0_wready),  .m0_bid (m0_bid),  .m0_bresp (m0_bresp),  .m0_bvalid (m0_bvalid),  .m0_bready (m0_bready),  .m0_arid (m0_arid),  .m0_araddr (m0_araddr),  .m0_arlen (m0_arlen),  .m0_arsize (m0_arsize),  .m0_arburst (m0_arburst),  .m0_arlock (m0_arlock),  .m0_arcache (m0 ... "
  The following 4-bit expression is connected to 8-bit port "s2_rid" of module
  "axi4_interconnect_m9s9", instance "generated_interconnect".
  Expression: s2_rid
  The expression is from module dut_wrapper, instance dut 


Lint-[PCWM-L] Port connection width mismatch
../rtl_wrapper/dut_wrapper.sv, 803
"axi4_interconnect_m9s9 #(DATA_WIDTH, ADDR_WIDTH, ID_WIDTH) generated_interconnect( .aclk (clk),  .aresetn (rst_n),  .m0_awid (m0_awid),  .m0_awaddr (m0_awaddr),  .m0_awlen (m0_awlen),  .m0_awsize (m0_awsize),  .m0_awburst (m0_awburst),  .m0_awlock (m0_awlock),  .m0_awcache (m0_awcache),  .m0_awprot (m0_awprot),  .m0_awqos (m0_awqos),  .m0_awvalid (m0_awvalid),  .m0_awready (m0_awready),  .m0_wdata (m0_wdata),  .m0_wstrb (m0_wstrb),  .m0_wlast (m0_wlast),  .m0_wvalid (m0_wvalid),  .m0_wready (m0_wready),  .m0_bid (m0_bid),  .m0_bresp (m0_bresp),  .m0_bvalid (m0_bvalid),  .m0_bready (m0_bready),  .m0_arid (m0_arid),  .m0_araddr (m0_araddr),  .m0_arlen (m0_arlen),  .m0_arsize (m0_arsize),  .m0_arburst (m0_arburst),  .m0_arlock (m0_arlock),  .m0_arcache (m0 ... "
  The following 4-bit expression is connected to 8-bit port "s3_awid" of 
  module "axi4_interconnect_m9s9", instance "generated_interconnect".
  Expression: s3_awid
  The expression is from module dut_wrapper, instance dut 


Lint-[PCWM-L] Port connection width mismatch
../rtl_wrapper/dut_wrapper.sv, 803
"axi4_interconnect_m9s9 #(DATA_WIDTH, ADDR_WIDTH, ID_WIDTH) generated_interconnect( .aclk (clk),  .aresetn (rst_n),  .m0_awid (m0_awid),  .m0_awaddr (m0_awaddr),  .m0_awlen (m0_awlen),  .m0_awsize (m0_awsize),  .m0_awburst (m0_awburst),  .m0_awlock (m0_awlock),  .m0_awcache (m0_awcache),  .m0_awprot (m0_awprot),  .m0_awqos (m0_awqos),  .m0_awvalid (m0_awvalid),  .m0_awready (m0_awready),  .m0_wdata (m0_wdata),  .m0_wstrb (m0_wstrb),  .m0_wlast (m0_wlast),  .m0_wvalid (m0_wvalid),  .m0_wready (m0_wready),  .m0_bid (m0_bid),  .m0_bresp (m0_bresp),  .m0_bvalid (m0_bvalid),  .m0_bready (m0_bready),  .m0_arid (m0_arid),  .m0_araddr (m0_araddr),  .m0_arlen (m0_arlen),  .m0_arsize (m0_arsize),  .m0_arburst (m0_arburst),  .m0_arlock (m0_arlock),  .m0_arcache (m0 ... "
  The following 4-bit expression is connected to 8-bit port "s3_bid" of module
  "axi4_interconnect_m9s9", instance "generated_interconnect".
  Expression: s3_bid
  The expression is from module dut_wrapper, instance dut 


Lint-[PCWM-L] Port connection width mismatch
../rtl_wrapper/dut_wrapper.sv, 803
"axi4_interconnect_m9s9 #(DATA_WIDTH, ADDR_WIDTH, ID_WIDTH) generated_interconnect( .aclk (clk),  .aresetn (rst_n),  .m0_awid (m0_awid),  .m0_awaddr (m0_awaddr),  .m0_awlen (m0_awlen),  .m0_awsize (m0_awsize),  .m0_awburst (m0_awburst),  .m0_awlock (m0_awlock),  .m0_awcache (m0_awcache),  .m0_awprot (m0_awprot),  .m0_awqos (m0_awqos),  .m0_awvalid (m0_awvalid),  .m0_awready (m0_awready),  .m0_wdata (m0_wdata),  .m0_wstrb (m0_wstrb),  .m0_wlast (m0_wlast),  .m0_wvalid (m0_wvalid),  .m0_wready (m0_wready),  .m0_bid (m0_bid),  .m0_bresp (m0_bresp),  .m0_bvalid (m0_bvalid),  .m0_bready (m0_bready),  .m0_arid (m0_arid),  .m0_araddr (m0_araddr),  .m0_arlen (m0_arlen),  .m0_arsize (m0_arsize),  .m0_arburst (m0_arburst),  .m0_arlock (m0_arlock),  .m0_arcache (m0 ... "
  The following 4-bit expression is connected to 8-bit port "s3_arid" of 
  module "axi4_interconnect_m9s9", instance "generated_interconnect".
  Expression: s3_arid
  The expression is from module dut_wrapper, instance dut 


Lint-[PCWM-L] Port connection width mismatch
../rtl_wrapper/dut_wrapper.sv, 803
"axi4_interconnect_m9s9 #(DATA_WIDTH, ADDR_WIDTH, ID_WIDTH) generated_interconnect( .aclk (clk),  .aresetn (rst_n),  .m0_awid (m0_awid),  .m0_awaddr (m0_awaddr),  .m0_awlen (m0_awlen),  .m0_awsize (m0_awsize),  .m0_awburst (m0_awburst),  .m0_awlock (m0_awlock),  .m0_awcache (m0_awcache),  .m0_awprot (m0_awprot),  .m0_awqos (m0_awqos),  .m0_awvalid (m0_awvalid),  .m0_awready (m0_awready),  .m0_wdata (m0_wdata),  .m0_wstrb (m0_wstrb),  .m0_wlast (m0_wlast),  .m0_wvalid (m0_wvalid),  .m0_wready (m0_wready),  .m0_bid (m0_bid),  .m0_bresp (m0_bresp),  .m0_bvalid (m0_bvalid),  .m0_bready (m0_bready),  .m0_arid (m0_arid),  .m0_araddr (m0_araddr),  .m0_arlen (m0_arlen),  .m0_arsize (m0_arsize),  .m0_arburst (m0_arburst),  .m0_arlock (m0_arlock),  .m0_arcache (m0 ... "
  The following 4-bit expression is connected to 8-bit port "s3_rid" of module
  "axi4_interconnect_m9s9", instance "generated_interconnect".
  Expression: s3_rid
  The expression is from module dut_wrapper, instance dut 


Lint-[PCWM-L] Port connection width mismatch
../rtl_wrapper/dut_wrapper.sv, 803
"axi4_interconnect_m9s9 #(DATA_WIDTH, ADDR_WIDTH, ID_WIDTH) generated_interconnect( .aclk (clk),  .aresetn (rst_n),  .m0_awid (m0_awid),  .m0_awaddr (m0_awaddr),  .m0_awlen (m0_awlen),  .m0_awsize (m0_awsize),  .m0_awburst (m0_awburst),  .m0_awlock (m0_awlock),  .m0_awcache (m0_awcache),  .m0_awprot (m0_awprot),  .m0_awqos (m0_awqos),  .m0_awvalid (m0_awvalid),  .m0_awready (m0_awready),  .m0_wdata (m0_wdata),  .m0_wstrb (m0_wstrb),  .m0_wlast (m0_wlast),  .m0_wvalid (m0_wvalid),  .m0_wready (m0_wready),  .m0_bid (m0_bid),  .m0_bresp (m0_bresp),  .m0_bvalid (m0_bvalid),  .m0_bready (m0_bready),  .m0_arid (m0_arid),  .m0_araddr (m0_araddr),  .m0_arlen (m0_arlen),  .m0_arsize (m0_arsize),  .m0_arburst (m0_arburst),  .m0_arlock (m0_arlock),  .m0_arcache (m0 ... "
  The following 4-bit expression is connected to 8-bit port "s4_awid" of 
  module "axi4_interconnect_m9s9", instance "generated_interconnect".
  Expression: s4_awid
  The expression is from module dut_wrapper, instance dut 


Lint-[PCWM-L] Port connection width mismatch
../rtl_wrapper/dut_wrapper.sv, 803
"axi4_interconnect_m9s9 #(DATA_WIDTH, ADDR_WIDTH, ID_WIDTH) generated_interconnect( .aclk (clk),  .aresetn (rst_n),  .m0_awid (m0_awid),  .m0_awaddr (m0_awaddr),  .m0_awlen (m0_awlen),  .m0_awsize (m0_awsize),  .m0_awburst (m0_awburst),  .m0_awlock (m0_awlock),  .m0_awcache (m0_awcache),  .m0_awprot (m0_awprot),  .m0_awqos (m0_awqos),  .m0_awvalid (m0_awvalid),  .m0_awready (m0_awready),  .m0_wdata (m0_wdata),  .m0_wstrb (m0_wstrb),  .m0_wlast (m0_wlast),  .m0_wvalid (m0_wvalid),  .m0_wready (m0_wready),  .m0_bid (m0_bid),  .m0_bresp (m0_bresp),  .m0_bvalid (m0_bvalid),  .m0_bready (m0_bready),  .m0_arid (m0_arid),  .m0_araddr (m0_araddr),  .m0_arlen (m0_arlen),  .m0_arsize (m0_arsize),  .m0_arburst (m0_arburst),  .m0_arlock (m0_arlock),  .m0_arcache (m0 ... "
  The following 4-bit expression is connected to 8-bit port "s4_bid" of module
  "axi4_interconnect_m9s9", instance "generated_interconnect".
  Expression: s4_bid
  The expression is from module dut_wrapper, instance dut 


Lint-[PCWM-L] Port connection width mismatch
../rtl_wrapper/dut_wrapper.sv, 803
"axi4_interconnect_m9s9 #(DATA_WIDTH, ADDR_WIDTH, ID_WIDTH) generated_interconnect( .aclk (clk),  .aresetn (rst_n),  .m0_awid (m0_awid),  .m0_awaddr (m0_awaddr),  .m0_awlen (m0_awlen),  .m0_awsize (m0_awsize),  .m0_awburst (m0_awburst),  .m0_awlock (m0_awlock),  .m0_awcache (m0_awcache),  .m0_awprot (m0_awprot),  .m0_awqos (m0_awqos),  .m0_awvalid (m0_awvalid),  .m0_awready (m0_awready),  .m0_wdata (m0_wdata),  .m0_wstrb (m0_wstrb),  .m0_wlast (m0_wlast),  .m0_wvalid (m0_wvalid),  .m0_wready (m0_wready),  .m0_bid (m0_bid),  .m0_bresp (m0_bresp),  .m0_bvalid (m0_bvalid),  .m0_bready (m0_bready),  .m0_arid (m0_arid),  .m0_araddr (m0_araddr),  .m0_arlen (m0_arlen),  .m0_arsize (m0_arsize),  .m0_arburst (m0_arburst),  .m0_arlock (m0_arlock),  .m0_arcache (m0 ... "
  The following 4-bit expression is connected to 8-bit port "s4_arid" of 
  module "axi4_interconnect_m9s9", instance "generated_interconnect".
  Expression: s4_arid
  The expression is from module dut_wrapper, instance dut 


Lint-[PCWM-L] Port connection width mismatch
../rtl_wrapper/dut_wrapper.sv, 803
"axi4_interconnect_m9s9 #(DATA_WIDTH, ADDR_WIDTH, ID_WIDTH) generated_interconnect( .aclk (clk),  .aresetn (rst_n),  .m0_awid (m0_awid),  .m0_awaddr (m0_awaddr),  .m0_awlen (m0_awlen),  .m0_awsize (m0_awsize),  .m0_awburst (m0_awburst),  .m0_awlock (m0_awlock),  .m0_awcache (m0_awcache),  .m0_awprot (m0_awprot),  .m0_awqos (m0_awqos),  .m0_awvalid (m0_awvalid),  .m0_awready (m0_awready),  .m0_wdata (m0_wdata),  .m0_wstrb (m0_wstrb),  .m0_wlast (m0_wlast),  .m0_wvalid (m0_wvalid),  .m0_wready (m0_wready),  .m0_bid (m0_bid),  .m0_bresp (m0_bresp),  .m0_bvalid (m0_bvalid),  .m0_bready (m0_bready),  .m0_arid (m0_arid),  .m0_araddr (m0_araddr),  .m0_arlen (m0_arlen),  .m0_arsize (m0_arsize),  .m0_arburst (m0_arburst),  .m0_arlock (m0_arlock),  .m0_arcache (m0 ... "
  The following 4-bit expression is connected to 8-bit port "s4_rid" of module
  "axi4_interconnect_m9s9", instance "generated_interconnect".
  Expression: s4_rid
  The expression is from module dut_wrapper, instance dut 


Lint-[PCWM-L] Port connection width mismatch
../rtl_wrapper/dut_wrapper.sv, 803
"axi4_interconnect_m9s9 #(DATA_WIDTH, ADDR_WIDTH, ID_WIDTH) generated_interconnect( .aclk (clk),  .aresetn (rst_n),  .m0_awid (m0_awid),  .m0_awaddr (m0_awaddr),  .m0_awlen (m0_awlen),  .m0_awsize (m0_awsize),  .m0_awburst (m0_awburst),  .m0_awlock (m0_awlock),  .m0_awcache (m0_awcache),  .m0_awprot (m0_awprot),  .m0_awqos (m0_awqos),  .m0_awvalid (m0_awvalid),  .m0_awready (m0_awready),  .m0_wdata (m0_wdata),  .m0_wstrb (m0_wstrb),  .m0_wlast (m0_wlast),  .m0_wvalid (m0_wvalid),  .m0_wready (m0_wready),  .m0_bid (m0_bid),  .m0_bresp (m0_bresp),  .m0_bvalid (m0_bvalid),  .m0_bready (m0_bready),  .m0_arid (m0_arid),  .m0_araddr (m0_araddr),  .m0_arlen (m0_arlen),  .m0_arsize (m0_arsize),  .m0_arburst (m0_arburst),  .m0_arlock (m0_arlock),  .m0_arcache (m0 ... "
  The following 4-bit expression is connected to 8-bit port "s5_awid" of 
  module "axi4_interconnect_m9s9", instance "generated_interconnect".
  Expression: s5_awid
  The expression is from module dut_wrapper, instance dut 


Lint-[PCWM-L] Port connection width mismatch
../rtl_wrapper/dut_wrapper.sv, 803
"axi4_interconnect_m9s9 #(DATA_WIDTH, ADDR_WIDTH, ID_WIDTH) generated_interconnect( .aclk (clk),  .aresetn (rst_n),  .m0_awid (m0_awid),  .m0_awaddr (m0_awaddr),  .m0_awlen (m0_awlen),  .m0_awsize (m0_awsize),  .m0_awburst (m0_awburst),  .m0_awlock (m0_awlock),  .m0_awcache (m0_awcache),  .m0_awprot (m0_awprot),  .m0_awqos (m0_awqos),  .m0_awvalid (m0_awvalid),  .m0_awready (m0_awready),  .m0_wdata (m0_wdata),  .m0_wstrb (m0_wstrb),  .m0_wlast (m0_wlast),  .m0_wvalid (m0_wvalid),  .m0_wready (m0_wready),  .m0_bid (m0_bid),  .m0_bresp (m0_bresp),  .m0_bvalid (m0_bvalid),  .m0_bready (m0_bready),  .m0_arid (m0_arid),  .m0_araddr (m0_araddr),  .m0_arlen (m0_arlen),  .m0_arsize (m0_arsize),  .m0_arburst (m0_arburst),  .m0_arlock (m0_arlock),  .m0_arcache (m0 ... "
  The following 4-bit expression is connected to 8-bit port "s5_bid" of module
  "axi4_interconnect_m9s9", instance "generated_interconnect".
  Expression: s5_bid
  The expression is from module dut_wrapper, instance dut 


Lint-[PCWM-L] Port connection width mismatch
../rtl_wrapper/dut_wrapper.sv, 803
"axi4_interconnect_m9s9 #(DATA_WIDTH, ADDR_WIDTH, ID_WIDTH) generated_interconnect( .aclk (clk),  .aresetn (rst_n),  .m0_awid (m0_awid),  .m0_awaddr (m0_awaddr),  .m0_awlen (m0_awlen),  .m0_awsize (m0_awsize),  .m0_awburst (m0_awburst),  .m0_awlock (m0_awlock),  .m0_awcache (m0_awcache),  .m0_awprot (m0_awprot),  .m0_awqos (m0_awqos),  .m0_awvalid (m0_awvalid),  .m0_awready (m0_awready),  .m0_wdata (m0_wdata),  .m0_wstrb (m0_wstrb),  .m0_wlast (m0_wlast),  .m0_wvalid (m0_wvalid),  .m0_wready (m0_wready),  .m0_bid (m0_bid),  .m0_bresp (m0_bresp),  .m0_bvalid (m0_bvalid),  .m0_bready (m0_bready),  .m0_arid (m0_arid),  .m0_araddr (m0_araddr),  .m0_arlen (m0_arlen),  .m0_arsize (m0_arsize),  .m0_arburst (m0_arburst),  .m0_arlock (m0_arlock),  .m0_arcache (m0 ... "
  The following 4-bit expression is connected to 8-bit port "s5_arid" of 
  module "axi4_interconnect_m9s9", instance "generated_interconnect".
  Expression: s5_arid
  The expression is from module dut_wrapper, instance dut 


Lint-[PCWM-L] Port connection width mismatch
../rtl_wrapper/dut_wrapper.sv, 803
"axi4_interconnect_m9s9 #(DATA_WIDTH, ADDR_WIDTH, ID_WIDTH) generated_interconnect( .aclk (clk),  .aresetn (rst_n),  .m0_awid (m0_awid),  .m0_awaddr (m0_awaddr),  .m0_awlen (m0_awlen),  .m0_awsize (m0_awsize),  .m0_awburst (m0_awburst),  .m0_awlock (m0_awlock),  .m0_awcache (m0_awcache),  .m0_awprot (m0_awprot),  .m0_awqos (m0_awqos),  .m0_awvalid (m0_awvalid),  .m0_awready (m0_awready),  .m0_wdata (m0_wdata),  .m0_wstrb (m0_wstrb),  .m0_wlast (m0_wlast),  .m0_wvalid (m0_wvalid),  .m0_wready (m0_wready),  .m0_bid (m0_bid),  .m0_bresp (m0_bresp),  .m0_bvalid (m0_bvalid),  .m0_bready (m0_bready),  .m0_arid (m0_arid),  .m0_araddr (m0_araddr),  .m0_arlen (m0_arlen),  .m0_arsize (m0_arsize),  .m0_arburst (m0_arburst),  .m0_arlock (m0_arlock),  .m0_arcache (m0 ... "
  The following 4-bit expression is connected to 8-bit port "s5_rid" of module
  "axi4_interconnect_m9s9", instance "generated_interconnect".
  Expression: s5_rid
  The expression is from module dut_wrapper, instance dut 


Lint-[PCWM-L] Port connection width mismatch
../rtl_wrapper/dut_wrapper.sv, 803
"axi4_interconnect_m9s9 #(DATA_WIDTH, ADDR_WIDTH, ID_WIDTH) generated_interconnect( .aclk (clk),  .aresetn (rst_n),  .m0_awid (m0_awid),  .m0_awaddr (m0_awaddr),  .m0_awlen (m0_awlen),  .m0_awsize (m0_awsize),  .m0_awburst (m0_awburst),  .m0_awlock (m0_awlock),  .m0_awcache (m0_awcache),  .m0_awprot (m0_awprot),  .m0_awqos (m0_awqos),  .m0_awvalid (m0_awvalid),  .m0_awready (m0_awready),  .m0_wdata (m0_wdata),  .m0_wstrb (m0_wstrb),  .m0_wlast (m0_wlast),  .m0_wvalid (m0_wvalid),  .m0_wready (m0_wready),  .m0_bid (m0_bid),  .m0_bresp (m0_bresp),  .m0_bvalid (m0_bvalid),  .m0_bready (m0_bready),  .m0_arid (m0_arid),  .m0_araddr (m0_araddr),  .m0_arlen (m0_arlen),  .m0_arsize (m0_arsize),  .m0_arburst (m0_arburst),  .m0_arlock (m0_arlock),  .m0_arcache (m0 ... "
  The following 4-bit expression is connected to 8-bit port "s6_awid" of 
  module "axi4_interconnect_m9s9", instance "generated_interconnect".
  Expression: s6_awid
  The expression is from module dut_wrapper, instance dut 


Lint-[PCWM-L] Port connection width mismatch
../rtl_wrapper/dut_wrapper.sv, 803
"axi4_interconnect_m9s9 #(DATA_WIDTH, ADDR_WIDTH, ID_WIDTH) generated_interconnect( .aclk (clk),  .aresetn (rst_n),  .m0_awid (m0_awid),  .m0_awaddr (m0_awaddr),  .m0_awlen (m0_awlen),  .m0_awsize (m0_awsize),  .m0_awburst (m0_awburst),  .m0_awlock (m0_awlock),  .m0_awcache (m0_awcache),  .m0_awprot (m0_awprot),  .m0_awqos (m0_awqos),  .m0_awvalid (m0_awvalid),  .m0_awready (m0_awready),  .m0_wdata (m0_wdata),  .m0_wstrb (m0_wstrb),  .m0_wlast (m0_wlast),  .m0_wvalid (m0_wvalid),  .m0_wready (m0_wready),  .m0_bid (m0_bid),  .m0_bresp (m0_bresp),  .m0_bvalid (m0_bvalid),  .m0_bready (m0_bready),  .m0_arid (m0_arid),  .m0_araddr (m0_araddr),  .m0_arlen (m0_arlen),  .m0_arsize (m0_arsize),  .m0_arburst (m0_arburst),  .m0_arlock (m0_arlock),  .m0_arcache (m0 ... "
  The following 4-bit expression is connected to 8-bit port "s6_bid" of module
  "axi4_interconnect_m9s9", instance "generated_interconnect".
  Expression: s6_bid
  The expression is from module dut_wrapper, instance dut 


Lint-[PCWM-L] Port connection width mismatch
../rtl_wrapper/dut_wrapper.sv, 803
"axi4_interconnect_m9s9 #(DATA_WIDTH, ADDR_WIDTH, ID_WIDTH) generated_interconnect( .aclk (clk),  .aresetn (rst_n),  .m0_awid (m0_awid),  .m0_awaddr (m0_awaddr),  .m0_awlen (m0_awlen),  .m0_awsize (m0_awsize),  .m0_awburst (m0_awburst),  .m0_awlock (m0_awlock),  .m0_awcache (m0_awcache),  .m0_awprot (m0_awprot),  .m0_awqos (m0_awqos),  .m0_awvalid (m0_awvalid),  .m0_awready (m0_awready),  .m0_wdata (m0_wdata),  .m0_wstrb (m0_wstrb),  .m0_wlast (m0_wlast),  .m0_wvalid (m0_wvalid),  .m0_wready (m0_wready),  .m0_bid (m0_bid),  .m0_bresp (m0_bresp),  .m0_bvalid (m0_bvalid),  .m0_bready (m0_bready),  .m0_arid (m0_arid),  .m0_araddr (m0_araddr),  .m0_arlen (m0_arlen),  .m0_arsize (m0_arsize),  .m0_arburst (m0_arburst),  .m0_arlock (m0_arlock),  .m0_arcache (m0 ... "
  The following 4-bit expression is connected to 8-bit port "s6_arid" of 
  module "axi4_interconnect_m9s9", instance "generated_interconnect".
  Expression: s6_arid
  The expression is from module dut_wrapper, instance dut 


Lint-[PCWM-L] Port connection width mismatch
../rtl_wrapper/dut_wrapper.sv, 803
"axi4_interconnect_m9s9 #(DATA_WIDTH, ADDR_WIDTH, ID_WIDTH) generated_interconnect( .aclk (clk),  .aresetn (rst_n),  .m0_awid (m0_awid),  .m0_awaddr (m0_awaddr),  .m0_awlen (m0_awlen),  .m0_awsize (m0_awsize),  .m0_awburst (m0_awburst),  .m0_awlock (m0_awlock),  .m0_awcache (m0_awcache),  .m0_awprot (m0_awprot),  .m0_awqos (m0_awqos),  .m0_awvalid (m0_awvalid),  .m0_awready (m0_awready),  .m0_wdata (m0_wdata),  .m0_wstrb (m0_wstrb),  .m0_wlast (m0_wlast),  .m0_wvalid (m0_wvalid),  .m0_wready (m0_wready),  .m0_bid (m0_bid),  .m0_bresp (m0_bresp),  .m0_bvalid (m0_bvalid),  .m0_bready (m0_bready),  .m0_arid (m0_arid),  .m0_araddr (m0_araddr),  .m0_arlen (m0_arlen),  .m0_arsize (m0_arsize),  .m0_arburst (m0_arburst),  .m0_arlock (m0_arlock),  .m0_arcache (m0 ... "
  The following 4-bit expression is connected to 8-bit port "s6_rid" of module
  "axi4_interconnect_m9s9", instance "generated_interconnect".
  Expression: s6_rid
  The expression is from module dut_wrapper, instance dut 


Lint-[PCWM-L] Port connection width mismatch
../rtl_wrapper/dut_wrapper.sv, 803
"axi4_interconnect_m9s9 #(DATA_WIDTH, ADDR_WIDTH, ID_WIDTH) generated_interconnect( .aclk (clk),  .aresetn (rst_n),  .m0_awid (m0_awid),  .m0_awaddr (m0_awaddr),  .m0_awlen (m0_awlen),  .m0_awsize (m0_awsize),  .m0_awburst (m0_awburst),  .m0_awlock (m0_awlock),  .m0_awcache (m0_awcache),  .m0_awprot (m0_awprot),  .m0_awqos (m0_awqos),  .m0_awvalid (m0_awvalid),  .m0_awready (m0_awready),  .m0_wdata (m0_wdata),  .m0_wstrb (m0_wstrb),  .m0_wlast (m0_wlast),  .m0_wvalid (m0_wvalid),  .m0_wready (m0_wready),  .m0_bid (m0_bid),  .m0_bresp (m0_bresp),  .m0_bvalid (m0_bvalid),  .m0_bready (m0_bready),  .m0_arid (m0_arid),  .m0_araddr (m0_araddr),  .m0_arlen (m0_arlen),  .m0_arsize (m0_arsize),  .m0_arburst (m0_arburst),  .m0_arlock (m0_arlock),  .m0_arcache (m0 ... "
  The following 4-bit expression is connected to 8-bit port "s7_awid" of 
  module "axi4_interconnect_m9s9", instance "generated_interconnect".
  Expression: s7_awid
  The expression is from module dut_wrapper, instance dut 


Lint-[PCWM-L] Port connection width mismatch
../rtl_wrapper/dut_wrapper.sv, 803
"axi4_interconnect_m9s9 #(DATA_WIDTH, ADDR_WIDTH, ID_WIDTH) generated_interconnect( .aclk (clk),  .aresetn (rst_n),  .m0_awid (m0_awid),  .m0_awaddr (m0_awaddr),  .m0_awlen (m0_awlen),  .m0_awsize (m0_awsize),  .m0_awburst (m0_awburst),  .m0_awlock (m0_awlock),  .m0_awcache (m0_awcache),  .m0_awprot (m0_awprot),  .m0_awqos (m0_awqos),  .m0_awvalid (m0_awvalid),  .m0_awready (m0_awready),  .m0_wdata (m0_wdata),  .m0_wstrb (m0_wstrb),  .m0_wlast (m0_wlast),  .m0_wvalid (m0_wvalid),  .m0_wready (m0_wready),  .m0_bid (m0_bid),  .m0_bresp (m0_bresp),  .m0_bvalid (m0_bvalid),  .m0_bready (m0_bready),  .m0_arid (m0_arid),  .m0_araddr (m0_araddr),  .m0_arlen (m0_arlen),  .m0_arsize (m0_arsize),  .m0_arburst (m0_arburst),  .m0_arlock (m0_arlock),  .m0_arcache (m0 ... "
  The following 4-bit expression is connected to 8-bit port "s7_bid" of module
  "axi4_interconnect_m9s9", instance "generated_interconnect".
  Expression: s7_bid
  The expression is from module dut_wrapper, instance dut 


Lint-[PCWM-L] Port connection width mismatch
../rtl_wrapper/dut_wrapper.sv, 803
"axi4_interconnect_m9s9 #(DATA_WIDTH, ADDR_WIDTH, ID_WIDTH) generated_interconnect( .aclk (clk),  .aresetn (rst_n),  .m0_awid (m0_awid),  .m0_awaddr (m0_awaddr),  .m0_awlen (m0_awlen),  .m0_awsize (m0_awsize),  .m0_awburst (m0_awburst),  .m0_awlock (m0_awlock),  .m0_awcache (m0_awcache),  .m0_awprot (m0_awprot),  .m0_awqos (m0_awqos),  .m0_awvalid (m0_awvalid),  .m0_awready (m0_awready),  .m0_wdata (m0_wdata),  .m0_wstrb (m0_wstrb),  .m0_wlast (m0_wlast),  .m0_wvalid (m0_wvalid),  .m0_wready (m0_wready),  .m0_bid (m0_bid),  .m0_bresp (m0_bresp),  .m0_bvalid (m0_bvalid),  .m0_bready (m0_bready),  .m0_arid (m0_arid),  .m0_araddr (m0_araddr),  .m0_arlen (m0_arlen),  .m0_arsize (m0_arsize),  .m0_arburst (m0_arburst),  .m0_arlock (m0_arlock),  .m0_arcache (m0 ... "
  The following 4-bit expression is connected to 8-bit port "s7_arid" of 
  module "axi4_interconnect_m9s9", instance "generated_interconnect".
  Expression: s7_arid
  The expression is from module dut_wrapper, instance dut 


Lint-[PCWM-L] Port connection width mismatch
../rtl_wrapper/dut_wrapper.sv, 803
"axi4_interconnect_m9s9 #(DATA_WIDTH, ADDR_WIDTH, ID_WIDTH) generated_interconnect( .aclk (clk),  .aresetn (rst_n),  .m0_awid (m0_awid),  .m0_awaddr (m0_awaddr),  .m0_awlen (m0_awlen),  .m0_awsize (m0_awsize),  .m0_awburst (m0_awburst),  .m0_awlock (m0_awlock),  .m0_awcache (m0_awcache),  .m0_awprot (m0_awprot),  .m0_awqos (m0_awqos),  .m0_awvalid (m0_awvalid),  .m0_awready (m0_awready),  .m0_wdata (m0_wdata),  .m0_wstrb (m0_wstrb),  .m0_wlast (m0_wlast),  .m0_wvalid (m0_wvalid),  .m0_wready (m0_wready),  .m0_bid (m0_bid),  .m0_bresp (m0_bresp),  .m0_bvalid (m0_bvalid),  .m0_bready (m0_bready),  .m0_arid (m0_arid),  .m0_araddr (m0_araddr),  .m0_arlen (m0_arlen),  .m0_arsize (m0_arsize),  .m0_arburst (m0_arburst),  .m0_arlock (m0_arlock),  .m0_arcache (m0 ... "
  The following 4-bit expression is connected to 8-bit port "s7_rid" of module
  "axi4_interconnect_m9s9", instance "generated_interconnect".
  Expression: s7_rid
  The expression is from module dut_wrapper, instance dut 


Lint-[PCWM-L] Port connection width mismatch
../rtl_wrapper/dut_wrapper.sv, 803
"axi4_interconnect_m9s9 #(DATA_WIDTH, ADDR_WIDTH, ID_WIDTH) generated_interconnect( .aclk (clk),  .aresetn (rst_n),  .m0_awid (m0_awid),  .m0_awaddr (m0_awaddr),  .m0_awlen (m0_awlen),  .m0_awsize (m0_awsize),  .m0_awburst (m0_awburst),  .m0_awlock (m0_awlock),  .m0_awcache (m0_awcache),  .m0_awprot (m0_awprot),  .m0_awqos (m0_awqos),  .m0_awvalid (m0_awvalid),  .m0_awready (m0_awready),  .m0_wdata (m0_wdata),  .m0_wstrb (m0_wstrb),  .m0_wlast (m0_wlast),  .m0_wvalid (m0_wvalid),  .m0_wready (m0_wready),  .m0_bid (m0_bid),  .m0_bresp (m0_bresp),  .m0_bvalid (m0_bvalid),  .m0_bready (m0_bready),  .m0_arid (m0_arid),  .m0_araddr (m0_araddr),  .m0_arlen (m0_arlen),  .m0_arsize (m0_arsize),  .m0_arburst (m0_arburst),  .m0_arlock (m0_arlock),  .m0_arcache (m0 ... "
  The following 4-bit expression is connected to 8-bit port "s8_awid" of 
  module "axi4_interconnect_m9s9", instance "generated_interconnect".
  Expression: s8_awid
  The expression is from module dut_wrapper, instance dut 


Lint-[PCWM-L] Port connection width mismatch
../rtl_wrapper/dut_wrapper.sv, 803
"axi4_interconnect_m9s9 #(DATA_WIDTH, ADDR_WIDTH, ID_WIDTH) generated_interconnect( .aclk (clk),  .aresetn (rst_n),  .m0_awid (m0_awid),  .m0_awaddr (m0_awaddr),  .m0_awlen (m0_awlen),  .m0_awsize (m0_awsize),  .m0_awburst (m0_awburst),  .m0_awlock (m0_awlock),  .m0_awcache (m0_awcache),  .m0_awprot (m0_awprot),  .m0_awqos (m0_awqos),  .m0_awvalid (m0_awvalid),  .m0_awready (m0_awready),  .m0_wdata (m0_wdata),  .m0_wstrb (m0_wstrb),  .m0_wlast (m0_wlast),  .m0_wvalid (m0_wvalid),  .m0_wready (m0_wready),  .m0_bid (m0_bid),  .m0_bresp (m0_bresp),  .m0_bvalid (m0_bvalid),  .m0_bready (m0_bready),  .m0_arid (m0_arid),  .m0_araddr (m0_araddr),  .m0_arlen (m0_arlen),  .m0_arsize (m0_arsize),  .m0_arburst (m0_arburst),  .m0_arlock (m0_arlock),  .m0_arcache (m0 ... "
  The following 4-bit expression is connected to 8-bit port "s8_bid" of module
  "axi4_interconnect_m9s9", instance "generated_interconnect".
  Expression: s8_bid
  The expression is from module dut_wrapper, instance dut 


Lint-[PCWM-L] Port connection width mismatch
../rtl_wrapper/dut_wrapper.sv, 803
"axi4_interconnect_m9s9 #(DATA_WIDTH, ADDR_WIDTH, ID_WIDTH) generated_interconnect( .aclk (clk),  .aresetn (rst_n),  .m0_awid (m0_awid),  .m0_awaddr (m0_awaddr),  .m0_awlen (m0_awlen),  .m0_awsize (m0_awsize),  .m0_awburst (m0_awburst),  .m0_awlock (m0_awlock),  .m0_awcache (m0_awcache),  .m0_awprot (m0_awprot),  .m0_awqos (m0_awqos),  .m0_awvalid (m0_awvalid),  .m0_awready (m0_awready),  .m0_wdata (m0_wdata),  .m0_wstrb (m0_wstrb),  .m0_wlast (m0_wlast),  .m0_wvalid (m0_wvalid),  .m0_wready (m0_wready),  .m0_bid (m0_bid),  .m0_bresp (m0_bresp),  .m0_bvalid (m0_bvalid),  .m0_bready (m0_bready),  .m0_arid (m0_arid),  .m0_araddr (m0_araddr),  .m0_arlen (m0_arlen),  .m0_arsize (m0_arsize),  .m0_arburst (m0_arburst),  .m0_arlock (m0_arlock),  .m0_arcache (m0 ... "
  The following 4-bit expression is connected to 8-bit port "s8_arid" of 
  module "axi4_interconnect_m9s9", instance "generated_interconnect".
  Expression: s8_arid
  The expression is from module dut_wrapper, instance dut 


Lint-[PCWM-L] Port connection width mismatch
../rtl_wrapper/dut_wrapper.sv, 803
"axi4_interconnect_m9s9 #(DATA_WIDTH, ADDR_WIDTH, ID_WIDTH) generated_interconnect( .aclk (clk),  .aresetn (rst_n),  .m0_awid (m0_awid),  .m0_awaddr (m0_awaddr),  .m0_awlen (m0_awlen),  .m0_awsize (m0_awsize),  .m0_awburst (m0_awburst),  .m0_awlock (m0_awlock),  .m0_awcache (m0_awcache),  .m0_awprot (m0_awprot),  .m0_awqos (m0_awqos),  .m0_awvalid (m0_awvalid),  .m0_awready (m0_awready),  .m0_wdata (m0_wdata),  .m0_wstrb (m0_wstrb),  .m0_wlast (m0_wlast),  .m0_wvalid (m0_wvalid),  .m0_wready (m0_wready),  .m0_bid (m0_bid),  .m0_bresp (m0_bresp),  .m0_bvalid (m0_bvalid),  .m0_bready (m0_bready),  .m0_arid (m0_arid),  .m0_araddr (m0_araddr),  .m0_arlen (m0_arlen),  .m0_arsize (m0_arsize),  .m0_arburst (m0_arburst),  .m0_arlock (m0_arlock),  .m0_arcache (m0 ... "
  The following 4-bit expression is connected to 8-bit port "s8_rid" of module
  "axi4_interconnect_m9s9", instance "generated_interconnect".
  Expression: s8_rid
  The expression is from module dut_wrapper, instance dut 

Notice: Ports coerced to inout, use -notice for details
Starting vcs inline pass...
28 modules and 0 UDP read.
recompiling package vcs_paramclassrepository
recompiling package _vcs_DPI_package
recompiling package uvm_pkg
recompiling package _vcs_msglog
recompiling module uvm_custom_install_recording
recompiling module uvm_custom_install_verdi_recording
recompiling package axi4_globals_pkg
recompiling module axi4_if
recompiling module axi4_master_driver_bfm
recompiling module axi4_master_monitor_bfm
recompiling module axi4_slave_driver_bfm
recompiling module axi4_slave_monitor_bfm
recompiling module axi4_master_agent_bfm
recompiling module axi4_slave_agent_bfm
recompiling package axi4_master_pkg
recompiling package axi4_slave_pkg
recompiling package axi4_master_seq_pkg
recompiling package axi4_slave_seq_pkg
recompiling package axi4_virtual_seqr_pkg
recompiling package axi4_env_pkg
recompiling package axi4_virtual_seq_pkg
recompiling package axi4_test_pkg
recompiling module axi_arbiter_mtos_m9
recompiling module axi_mtos_m9
recompiling module axi_stom_s9
recompiling module axi_wid
recompiling module hdl_top
recompiling module hvl_top
All of 28 modules done
make[1]: Entering directory '/home/timtim01/eda_test/project/gen_amba_2025/9x9_vip/axi4_vip_env_rtl_integration/sim/csrc'
make[1]: Leaving directory '/home/timtim01/eda_test/project/gen_amba_2025/9x9_vip/axi4_vip_env_rtl_integration/sim/csrc'
make[1]: Entering directory '/home/timtim01/eda_test/project/gen_amba_2025/9x9_vip/axi4_vip_env_rtl_integration/sim/csrc'
rm -f _cuarc*.so _csrc*.so pre_vcsobj_*.so share_vcsobj_*.so
g++ -w  -pipe -DVCSMX -DUVM_DPI_DO_TYPE_CHECK -fPIC -O -I/home/eda_tools/synopsys/vcs/W-2024.09-SP1/include    -c /home/eda_tools/synopsys/vcs/W-2024.09-SP1//etc/uvm-1.2/dpi/uvm_dpi.cc
g++ -w  -pipe -DVCSMX -DUVM_DPI_DO_TYPE_CHECK -fPIC -O -I/home/eda_tools/synopsys/vcs/W-2024.09-SP1/include    -c /home/eda_tools/synopsys/vcs/W-2024.09-SP1//etc/uvm-1.2/verdi/dpi/uvm_verdi_dpi.cpp
if [ -x ../simv ]; then chmod a-x ../simv; fi
g++  -o ../simv      -rdynamic  -Wl,-rpath='$ORIGIN'/simv.daidir -Wl,-rpath=./simv.daidir -Wl,-rpath=/home/eda_tools/synopsys/vcs/W-2024.09-SP1/linux64/lib -L/home/eda_tools/synopsys/vcs/W-2024.09-SP1/linux64/lib  -Wl,-rpath-link=./  /usr/lib64/libnuma.so.1 uvm_dpi.o uvm_verdi_dpi.o   objs/amcQw_d.o   _3603568_archive_1.so   SIM_l.o      rmapats_mop.o rmapats.o rmar.o rmar_nd.o  rmar_llvm_0_1.o rmar_llvm_0_0.o            -lvirsim -lerrorinf -lsnpsmalloc -lvfs    -lvcsnew -lsimprofile -luclinative /home/eda_tools/synopsys/vcs/W-2024.09-SP1/linux64/lib/vcs_tls.o   -Wl,-whole-archive  -lvcsucli    -Wl,-no-whole-archive       ./../simv.daidir/vc_hdrs.o  _vcs_pli_stub_.o   /home/eda_tools/synopsys/vcs/W-2024.09-SP1/linux64/lib/vcs_save_restore_new.o /home/eda_tools/synopsys/verdi/W-2024.09-SP1//share/PLI/VCS/LINUX64/pli.a -ldl  -lc -lm -lpthread -ldl 
../simv up to date
make[1]: Leaving directory '/home/timtim01/eda_test/project/gen_amba_2025/9x9_vip/axi4_vip_env_rtl_integration/sim/csrc'
CPU time: 15.420 seconds to compile + .529 seconds to elab + 1.500 seconds to link
Verdi KDB elaboration done and the database successfully generated
