  CREATE_STREAM @0 {NAME:vseq T:Transactions SCOPE:uvm_test_top.env.v_seqr STREAM:5467}
  CREATE_STREAM @0 {NAME:write_seq T:Transactions SCOPE:uvm_test_top.env.v_seqr STREAM:5478}
  CREATE_STREAM @0 {NAME:write_seq T:Transactions SCOPE:uvm_test_top.env.master_agent[0].sequencer STREAM:5489}
  CREATE_STREAM @100000 {NAME:read_seq T:Transactions SCOPE:uvm_test_top.env.v_seqr STREAM:5750}
  CREATE_STREAM @100000 {NAME:read_seq T:Transactions SCOPE:uvm_test_top.env.master_agent[0].sequencer STREAM:5760}
  CREATE_STREAM @0 {NAME:stress_seq T:Transactions SCOPE:uvm_test_top.env.v_seqr STREAM:5467}
  CREATE_STREAM @0 {NAME:random_seq_0 T:Transactions SCOPE:uvm_test_top.env.master_agent[0].sequencer STREAM:5478}
  CREATE_STREAM @0 {NAME:random_seq_1 T:Transactions SCOPE:uvm_test_top.env.master_agent[1].sequencer STREAM:5487}
  CREATE_STREAM @0 {NAME:random_seq_2 T:Transactions SCOPE:uvm_test_top.env.master_agent[2].sequencer STREAM:5496}
  CREATE_STREAM @0 {NAME:random_seq_3 T:Transactions SCOPE:uvm_test_top.env.master_agent[3].sequencer STREAM:5505}
  CREATE_STREAM @0 {NAME:random_seq_4 T:Transactions SCOPE:uvm_test_top.env.master_agent[4].sequencer STREAM:5514}
  CREATE_STREAM @0 {NAME:random_seq_5 T:Transactions SCOPE:uvm_test_top.env.master_agent[5].sequencer STREAM:5523}
  CREATE_STREAM @0 {NAME:random_seq_6 T:Transactions SCOPE:uvm_test_top.env.master_agent[6].sequencer STREAM:5532}
  CREATE_STREAM @0 {NAME:random_seq_7 T:Transactions SCOPE:uvm_test_top.env.master_agent[7].sequencer STREAM:5541}
  CREATE_STREAM @0 {NAME:random_seq_8 T:Transactions SCOPE:uvm_test_top.env.master_agent[8].sequencer STREAM:5550}
  CREATE_STREAM @0 {NAME:stress_seq T:Transactions SCOPE:uvm_test_top.env.v_seqr STREAM:5485}
  CREATE_STREAM @0 {NAME:random_seq_0 T:Transactions SCOPE:uvm_test_top.env.master_agent[0].sequencer STREAM:5496}
  CREATE_STREAM @0 {NAME:random_seq_1 T:Transactions SCOPE:uvm_test_top.env.master_agent[1].sequencer STREAM:5505}
  CREATE_STREAM @0 {NAME:random_seq_2 T:Transactions SCOPE:uvm_test_top.env.master_agent[2].sequencer STREAM:5514}
  CREATE_STREAM @0 {NAME:random_seq_3 T:Transactions SCOPE:uvm_test_top.env.master_agent[3].sequencer STREAM:5523}
  CREATE_STREAM @0 {NAME:random_seq_4 T:Transactions SCOPE:uvm_test_top.env.master_agent[4].sequencer STREAM:5532}
  CREATE_STREAM @0 {NAME:random_seq_5 T:Transactions SCOPE:uvm_test_top.env.master_agent[5].sequencer STREAM:5541}
  CREATE_STREAM @0 {NAME:random_seq_6 T:Transactions SCOPE:uvm_test_top.env.master_agent[6].sequencer STREAM:5550}
  CREATE_STREAM @0 {NAME:random_seq_7 T:Transactions SCOPE:uvm_test_top.env.master_agent[7].sequencer STREAM:5559}
  CREATE_STREAM @0 {NAME:random_seq_8 T:Transactions SCOPE:uvm_test_top.env.master_agent[8].sequencer STREAM:5568}
  CREATE_STREAM @0 {NAME:stress_seq T:Transactions SCOPE:uvm_test_top.env.v_seqr STREAM:5485}
  CREATE_STREAM @0 {NAME:random_seq_0 T:Transactions SCOPE:uvm_test_top.env.master_agent[0].sequencer STREAM:5496}
  CREATE_STREAM @0 {NAME:random_seq_1 T:Transactions SCOPE:uvm_test_top.env.master_agent[1].sequencer STREAM:5505}
  CREATE_STREAM @0 {NAME:random_seq_2 T:Transactions SCOPE:uvm_test_top.env.master_agent[2].sequencer STREAM:5514}
  CREATE_STREAM @0 {NAME:random_seq_3 T:Transactions SCOPE:uvm_test_top.env.master_agent[3].sequencer STREAM:5523}
  CREATE_STREAM @0 {NAME:random_seq_4 T:Transactions SCOPE:uvm_test_top.env.master_agent[4].sequencer STREAM:5532}
  CREATE_STREAM @0 {NAME:random_seq_5 T:Transactions SCOPE:uvm_test_top.env.master_agent[5].sequencer STREAM:5541}
  CREATE_STREAM @0 {NAME:random_seq_6 T:Transactions SCOPE:uvm_test_top.env.master_agent[6].sequencer STREAM:5550}
  CREATE_STREAM @0 {NAME:random_seq_7 T:Transactions SCOPE:uvm_test_top.env.master_agent[7].sequencer STREAM:5559}
  CREATE_STREAM @0 {NAME:random_seq_8 T:Transactions SCOPE:uvm_test_top.env.master_agent[8].sequencer STREAM:5568}
