version: (200506)

available memory: 64M bytes
used memory: 352256 bytes [need 344K bytes if disable swap]

used block: 15 [memory(15) file(0)]
                 [ 8K(11) 64K(4) { total 344K bytes } ]
overhead: (9559) bytes for (15) blocks [Average: (637) bytes/block]

write  => 0(times) 0K(bytes) [0K bytes to file]
read   => 4(times) 121K(bytes) [20K bytes compressed data from file]
access => 674134(times) 5289M(bytes)
          [hit ratio: 99.9994%]

time: write(0) read(0)  unit: second

swap file directory: (/home/timtim01/eda_test/project/gen_amba_2025/9x9_vip/axi4_vip_env_rtl_integration/sim/verdiLog)
used swap file number: (5)



swap file manager:
arrSize: (256)
idxCnt: (6)
closeHead: (1)
closeTail: (5)
openCnt: (4)
fid(5): fd(1073741826) fileName(/home/timtim01/eda_test/project/gen_amba_2025/9x9_vip/axi4_vip_env_rtl_integration/sim/simv.daidir/kdb.elab++/work.lib++/axi4_if.sv.tdc)
	size(4817) lastModTime(1754274951) curModTime(1754274951)
	mode(rb)	hot(0) cool(4) pos(0)
fid(4): fd(1073741825) fileName(/home/timtim01/eda_test/project/gen_amba_2025/9x9_vip/axi4_vip_env_rtl_integration/sim/simv.daidir/kdb.elab++/work.lib++/dut_wrapper.sv.tdc)
	size(42077) lastModTime(1754274951) curModTime(1754274951)
	mode(rb)	hot(5) cool(2) pos(0)
fid(3): fd(0) fileName(/home/timtim01/eda_test/project/gen_amba_2025/9x9_vip/axi4_vip_env_rtl_integration/sim/simv.daidir/kdb.elab++/work.lib++/uvm_custom_install_verdi_recorder.sv.tdc)
	size(16087) lastModTime(1754274951) curModTime(1754274951)
	mode(rb)	hot(0) cool(0) pos(0)
fid(2): fd(23) fileName(/home/timtim01/eda_test/project/gen_amba_2025/9x9_vip/axi4_vip_env_rtl_integration/sim/verdiLog/_swap_0001#627987211#3642773)
	size(0) lastModTime(0) curModTime(1754275553)
	mode(w+b)	hot(4) cool(1) pos(0)
fid(1): fd(1073741824) fileName(/home/timtim01/eda_test/project/gen_amba_2025/9x9_vip/axi4_vip_env_rtl_integration/sim/simv.daidir/kdb.elab++/work.lib++/hdl_top.sv.tdc)
	size(4725) lastModTime(1754274951) curModTime(1754274951)
	mode(rb)	hot(2) cool(0) pos(0)
fid(0): fd(0) fileName(NULL)
	mode(NULL)	hot(0) cool(0) pos(0)
==================================================
mySelf(0x1f029b90) pre(0x1fab36c0) next((nil))
version(200506)
date(Dec  3 2024 20:20:45)
